ERROR - 2023-12-06 14:40:44 --> mysqli_sql_exception: Duplicate entry '1' for key 'uid' in C:\laragon\www\CI4-Library-Management-System\vendor\codeigniter4\framework\system\Database\MySQLi\Connection.php:306
Stack trace:
#0 C:\laragon\www\CI4-Library-Management-System\vendor\codeigniter4\framework\system\Database\MySQLi\Connection.php(306): mysqli->query('INSERT INTO `me...', 0)
#1 C:\laragon\www\CI4-Library-Management-System\vendor\codeigniter4\framework\system\Database\BaseConnection.php(693): CodeIgniter\Database\MySQLi\Connection->execute('INSERT INTO `me...')
#2 C:\laragon\www\CI4-Library-Management-System\vendor\codeigniter4\framework\system\Database\BaseConnection.php(607): CodeIgniter\Database\BaseConnection->simpleQuery('INSERT INTO `me...')
#3 C:\laragon\www\CI4-Library-Management-System\vendor\codeigniter4\framework\system\Database\BaseBuilder.php(2308): CodeIgniter\Database\BaseConnection->query('INSERT INTO `me...', Array, false)
#4 C:\laragon\www\CI4-Library-Management-System\vendor\codeigniter4\framework\system\Model.php(319): CodeIgniter\Database\BaseBuilder->insert()
#5 C:\laragon\www\CI4-Library-Management-System\vendor\codeigniter4\framework\system\BaseModel.php(788): CodeIgniter\Model->doInsert(Array)
#6 C:\laragon\www\CI4-Library-Management-System\vendor\codeigniter4\framework\system\Model.php(715): CodeIgniter\BaseModel->insert(Array, true)
#7 C:\laragon\www\CI4-Library-Management-System\vendor\codeigniter4\framework\system\Test\Fabricator.php(473): CodeIgniter\Model->insert(Array, true)
#8 C:\laragon\www\CI4-Library-Management-System\app\Database\Seeds\MemberSeeder.php(15): CodeIgniter\Test\Fabricator->create(5)
#9 C:\laragon\www\CI4-Library-Management-System\vendor\codeigniter4\framework\system\Database\Seeder.php(146): App\Database\Seeds\MemberSeeder->run()
#10 C:\laragon\www\CI4-Library-Management-System\app\Database\Seeds\Seeder.php(15): CodeIgniter\Database\Seeder->call('App\\Database\\Se...')
#11 C:\laragon\www\CI4-Library-Management-System\vendor\codeigniter4\framework\system\Database\Seeder.php(146): App\Database\Seeds\Seeder->run()
#12 C:\laragon\www\CI4-Library-Management-System\vendor\codeigniter4\framework\system\Commands\Database\Seed.php(77): CodeIgniter\Database\Seeder->call('App\\Database\\Se...')
#13 C:\laragon\www\CI4-Library-Management-System\vendor\codeigniter4\framework\system\CLI\Commands.php(65): CodeIgniter\Commands\Database\Seed->run(Array)
#14 C:\laragon\www\CI4-Library-Management-System\vendor\codeigniter4\framework\system\CLI\Console.php(46): CodeIgniter\CLI\Commands->run('db:seed', Array)
#15 C:\laragon\www\CI4-Library-Management-System\spark(102): CodeIgniter\CLI\Console->run()
#16 {main}
ERROR - 2023-12-06 14:41:03 --> mysqli_sql_exception: Duplicate entry '1' for key 'uid' in C:\laragon\www\CI4-Library-Management-System\vendor\codeigniter4\framework\system\Database\MySQLi\Connection.php:306
Stack trace:
#0 C:\laragon\www\CI4-Library-Management-System\vendor\codeigniter4\framework\system\Database\MySQLi\Connection.php(306): mysqli->query('INSERT INTO `me...', 0)
#1 C:\laragon\www\CI4-Library-Management-System\vendor\codeigniter4\framework\system\Database\BaseConnection.php(693): CodeIgniter\Database\MySQLi\Connection->execute('INSERT INTO `me...')
#2 C:\laragon\www\CI4-Library-Management-System\vendor\codeigniter4\framework\system\Database\BaseConnection.php(607): CodeIgniter\Database\BaseConnection->simpleQuery('INSERT INTO `me...')
#3 C:\laragon\www\CI4-Library-Management-System\vendor\codeigniter4\framework\system\Database\BaseBuilder.php(2308): CodeIgniter\Database\BaseConnection->query('INSERT INTO `me...', Array, false)
#4 C:\laragon\www\CI4-Library-Management-System\vendor\codeigniter4\framework\system\Model.php(319): CodeIgniter\Database\BaseBuilder->insert()
#5 C:\laragon\www\CI4-Library-Management-System\vendor\codeigniter4\framework\system\BaseModel.php(788): CodeIgniter\Model->doInsert(Array)
#6 C:\laragon\www\CI4-Library-Management-System\vendor\codeigniter4\framework\system\Model.php(715): CodeIgniter\BaseModel->insert(Array, true)
#7 C:\laragon\www\CI4-Library-Management-System\vendor\codeigniter4\framework\system\Test\Fabricator.php(473): CodeIgniter\Model->insert(Array, true)
#8 C:\laragon\www\CI4-Library-Management-System\app\Database\Seeds\MemberSeeder.php(15): CodeIgniter\Test\Fabricator->create(5)
#9 C:\laragon\www\CI4-Library-Management-System\vendor\codeigniter4\framework\system\Database\Seeder.php(146): App\Database\Seeds\MemberSeeder->run()
#10 C:\laragon\www\CI4-Library-Management-System\vendor\codeigniter4\framework\system\Commands\Database\Seed.php(77): CodeIgniter\Database\Seeder->call('App\\Database\\Se...')
#11 C:\laragon\www\CI4-Library-Management-System\vendor\codeigniter4\framework\system\CLI\Commands.php(65): CodeIgniter\Commands\Database\Seed->run(Array)
#12 C:\laragon\www\CI4-Library-Management-System\vendor\codeigniter4\framework\system\CLI\Console.php(46): CodeIgniter\CLI\Commands->run('db:seed', Array)
#13 C:\laragon\www\CI4-Library-Management-System\spark(102): CodeIgniter\CLI\Console->run()
#14 {main}
ERROR - 2023-12-06 14:41:09 --> mysqli_sql_exception: Cannot add or update a child row: a foreign key constraint fails (`e-libraryxpert`.`loans`, CONSTRAINT `loans_member_id_foreign` FOREIGN KEY (`member_id`) REFERENCES `members` (`id`) ON DELETE NO ACTION ON UPDATE CASCADE) in C:\laragon\www\CI4-Library-Management-System\vendor\codeigniter4\framework\system\Database\MySQLi\Connection.php:306
Stack trace:
#0 C:\laragon\www\CI4-Library-Management-System\vendor\codeigniter4\framework\system\Database\MySQLi\Connection.php(306): mysqli->query('INSERT INTO `lo...', 0)
#1 C:\laragon\www\CI4-Library-Management-System\vendor\codeigniter4\framework\system\Database\BaseConnection.php(693): CodeIgniter\Database\MySQLi\Connection->execute('INSERT INTO `lo...')
#2 C:\laragon\www\CI4-Library-Management-System\vendor\codeigniter4\framework\system\Database\BaseConnection.php(607): CodeIgniter\Database\BaseConnection->simpleQuery('INSERT INTO `lo...')
#3 C:\laragon\www\CI4-Library-Management-System\vendor\codeigniter4\framework\system\Database\BaseBuilder.php(1800): CodeIgniter\Database\BaseConnection->query('INSERT INTO `lo...', NULL, false)
#4 C:\laragon\www\CI4-Library-Management-System\vendor\codeigniter4\framework\system\Database\BaseBuilder.php(2191): CodeIgniter\Database\BaseBuilder->batchExecute('_insertBatch', 100)
#5 C:\laragon\www\CI4-Library-Management-System\app\Database\Seeds\LoanSeeder.php(54): CodeIgniter\Database\BaseBuilder->insertBatch(Array)
#6 C:\laragon\www\CI4-Library-Management-System\vendor\codeigniter4\framework\system\Database\Seeder.php(146): App\Database\Seeds\LoanSeeder->run()
#7 C:\laragon\www\CI4-Library-Management-System\vendor\codeigniter4\framework\system\Commands\Database\Seed.php(77): CodeIgniter\Database\Seeder->call('App\\Database\\Se...')
#8 C:\laragon\www\CI4-Library-Management-System\vendor\codeigniter4\framework\system\CLI\Commands.php(65): CodeIgniter\Commands\Database\Seed->run(Array)
#9 C:\laragon\www\CI4-Library-Management-System\vendor\codeigniter4\framework\system\CLI\Console.php(46): CodeIgniter\CLI\Commands->run('db:seed', Array)
#10 C:\laragon\www\CI4-Library-Management-System\spark(102): CodeIgniter\CLI\Console->run()
#11 {main}
ERROR - 2023-12-06 14:43:01 --> mysqli_sql_exception: Duplicate entry 'Kelompok-2' for key 'username' in C:\laragon\www\CI4-Library-Management-System\vendor\codeigniter4\framework\system\Database\MySQLi\Connection.php:306
Stack trace:
#0 C:\laragon\www\CI4-Library-Management-System\vendor\codeigniter4\framework\system\Database\MySQLi\Connection.php(306): mysqli->query('INSERT INTO `us...', 0)
#1 C:\laragon\www\CI4-Library-Management-System\vendor\codeigniter4\framework\system\Database\BaseConnection.php(693): CodeIgniter\Database\MySQLi\Connection->execute('INSERT INTO `us...')
#2 C:\laragon\www\CI4-Library-Management-System\vendor\codeigniter4\framework\system\Database\BaseConnection.php(607): CodeIgniter\Database\BaseConnection->simpleQuery('INSERT INTO `us...')
#3 C:\laragon\www\CI4-Library-Management-System\vendor\codeigniter4\framework\system\Database\BaseBuilder.php(2308): CodeIgniter\Database\BaseConnection->query('INSERT INTO `us...', Array, false)
#4 C:\laragon\www\CI4-Library-Management-System\vendor\codeigniter4\framework\system\Model.php(319): CodeIgniter\Database\BaseBuilder->insert()
#5 C:\laragon\www\CI4-Library-Management-System\vendor\codeigniter4\framework\system\BaseModel.php(788): CodeIgniter\Model->doInsert(Array)
#6 C:\laragon\www\CI4-Library-Management-System\vendor\codeigniter4\framework\system\Model.php(715): CodeIgniter\BaseModel->insert(Array, false)
#7 C:\laragon\www\CI4-Library-Management-System\vendor\codeigniter4\shield\src\Models\UserModel.php(265): CodeIgniter\Model->insert(Object(CodeIgniter\Shield\Entities\User), false)
#8 C:\laragon\www\CI4-Library-Management-System\vendor\codeigniter4\framework\system\BaseModel.php(698): CodeIgniter\Shield\Models\UserModel->insert(Object(CodeIgniter\Shield\Entities\User), false)
#9 C:\laragon\www\CI4-Library-Management-System\vendor\codeigniter4\shield\src\Models\UserModel.php(327): CodeIgniter\BaseModel->save(Object(CodeIgniter\Shield\Entities\User))
#10 C:\laragon\www\CI4-Library-Management-System\app\Database\Seeds\SuperAdminSeeder.php(26): CodeIgniter\Shield\Models\UserModel->save(Object(CodeIgniter\Shield\Entities\User))
#11 C:\laragon\www\CI4-Library-Management-System\vendor\codeigniter4\framework\system\Database\Seeder.php(146): App\Database\Seeds\SuperAdminSeeder->run()
#12 C:\laragon\www\CI4-Library-Management-System\vendor\codeigniter4\framework\system\Commands\Database\Seed.php(77): CodeIgniter\Database\Seeder->call('App\\Database\\Se...')
#13 C:\laragon\www\CI4-Library-Management-System\vendor\codeigniter4\framework\system\CLI\Commands.php(65): CodeIgniter\Commands\Database\Seed->run(Array)
#14 C:\laragon\www\CI4-Library-Management-System\vendor\codeigniter4\framework\system\CLI\Console.php(46): CodeIgniter\CLI\Commands->run('db:seed', Array)
#15 C:\laragon\www\CI4-Library-Management-System\spark(102): CodeIgniter\CLI\Console->run()
#16 {main}
ERROR - 2023-12-06 14:43:10 --> mysqli_sql_exception: Duplicate entry '1' for key 'uid' in C:\laragon\www\CI4-Library-Management-System\vendor\codeigniter4\framework\system\Database\MySQLi\Connection.php:306
Stack trace:
#0 C:\laragon\www\CI4-Library-Management-System\vendor\codeigniter4\framework\system\Database\MySQLi\Connection.php(306): mysqli->query('INSERT INTO `me...', 0)
#1 C:\laragon\www\CI4-Library-Management-System\vendor\codeigniter4\framework\system\Database\BaseConnection.php(693): CodeIgniter\Database\MySQLi\Connection->execute('INSERT INTO `me...')
#2 C:\laragon\www\CI4-Library-Management-System\vendor\codeigniter4\framework\system\Database\BaseConnection.php(607): CodeIgniter\Database\BaseConnection->simpleQuery('INSERT INTO `me...')
#3 C:\laragon\www\CI4-Library-Management-System\vendor\codeigniter4\framework\system\Database\BaseBuilder.php(2308): CodeIgniter\Database\BaseConnection->query('INSERT INTO `me...', Array, false)
#4 C:\laragon\www\CI4-Library-Management-System\vendor\codeigniter4\framework\system\Model.php(319): CodeIgniter\Database\BaseBuilder->insert()
#5 C:\laragon\www\CI4-Library-Management-System\vendor\codeigniter4\framework\system\BaseModel.php(788): CodeIgniter\Model->doInsert(Array)
#6 C:\laragon\www\CI4-Library-Management-System\vendor\codeigniter4\framework\system\Model.php(715): CodeIgniter\BaseModel->insert(Array, true)
#7 C:\laragon\www\CI4-Library-Management-System\vendor\codeigniter4\framework\system\Test\Fabricator.php(473): CodeIgniter\Model->insert(Array, true)
#8 C:\laragon\www\CI4-Library-Management-System\app\Database\Seeds\MemberSeeder.php(15): CodeIgniter\Test\Fabricator->create(5)
#9 C:\laragon\www\CI4-Library-Management-System\vendor\codeigniter4\framework\system\Database\Seeder.php(146): App\Database\Seeds\MemberSeeder->run()
#10 C:\laragon\www\CI4-Library-Management-System\app\Database\Seeds\Seeder.php(15): CodeIgniter\Database\Seeder->call('App\\Database\\Se...')
#11 C:\laragon\www\CI4-Library-Management-System\vendor\codeigniter4\framework\system\Database\Seeder.php(146): App\Database\Seeds\Seeder->run()
#12 C:\laragon\www\CI4-Library-Management-System\vendor\codeigniter4\framework\system\Commands\Database\Seed.php(77): CodeIgniter\Database\Seeder->call('App\\Database\\Se...')
#13 C:\laragon\www\CI4-Library-Management-System\vendor\codeigniter4\framework\system\CLI\Commands.php(65): CodeIgniter\Commands\Database\Seed->run(Array)
#14 C:\laragon\www\CI4-Library-Management-System\vendor\codeigniter4\framework\system\CLI\Console.php(46): CodeIgniter\CLI\Commands->run('db:seed', Array)
#15 C:\laragon\www\CI4-Library-Management-System\spark(102): CodeIgniter\CLI\Console->run()
#16 {main}
ERROR - 2023-12-06 14:43:23 --> mysqli_sql_exception: Duplicate entry '1' for key 'uid' in C:\laragon\www\CI4-Library-Management-System\vendor\codeigniter4\framework\system\Database\MySQLi\Connection.php:306
Stack trace:
#0 C:\laragon\www\CI4-Library-Management-System\vendor\codeigniter4\framework\system\Database\MySQLi\Connection.php(306): mysqli->query('INSERT INTO `me...', 0)
#1 C:\laragon\www\CI4-Library-Management-System\vendor\codeigniter4\framework\system\Database\BaseConnection.php(693): CodeIgniter\Database\MySQLi\Connection->execute('INSERT INTO `me...')
#2 C:\laragon\www\CI4-Library-Management-System\vendor\codeigniter4\framework\system\Database\BaseConnection.php(607): CodeIgniter\Database\BaseConnection->simpleQuery('INSERT INTO `me...')
#3 C:\laragon\www\CI4-Library-Management-System\vendor\codeigniter4\framework\system\Database\BaseBuilder.php(2308): CodeIgniter\Database\BaseConnection->query('INSERT INTO `me...', Array, false)
#4 C:\laragon\www\CI4-Library-Management-System\vendor\codeigniter4\framework\system\Model.php(319): CodeIgniter\Database\BaseBuilder->insert()
#5 C:\laragon\www\CI4-Library-Management-System\vendor\codeigniter4\framework\system\BaseModel.php(788): CodeIgniter\Model->doInsert(Array)
#6 C:\laragon\www\CI4-Library-Management-System\vendor\codeigniter4\framework\system\Model.php(715): CodeIgniter\BaseModel->insert(Array, true)
#7 C:\laragon\www\CI4-Library-Management-System\vendor\codeigniter4\framework\system\Test\Fabricator.php(473): CodeIgniter\Model->insert(Array, true)
#8 C:\laragon\www\CI4-Library-Management-System\app\Database\Seeds\MemberSeeder.php(15): CodeIgniter\Test\Fabricator->create(5)
#9 C:\laragon\www\CI4-Library-Management-System\vendor\codeigniter4\framework\system\Database\Seeder.php(146): App\Database\Seeds\MemberSeeder->run()
#10 C:\laragon\www\CI4-Library-Management-System\vendor\codeigniter4\framework\system\Commands\Database\Seed.php(77): CodeIgniter\Database\Seeder->call('App\\Database\\Se...')
#11 C:\laragon\www\CI4-Library-Management-System\vendor\codeigniter4\framework\system\CLI\Commands.php(65): CodeIgniter\Commands\Database\Seed->run(Array)
#12 C:\laragon\www\CI4-Library-Management-System\vendor\codeigniter4\framework\system\CLI\Console.php(46): CodeIgniter\CLI\Commands->run('db:seed', Array)
#13 C:\laragon\www\CI4-Library-Management-System\spark(102): CodeIgniter\CLI\Console->run()
#14 {main}
ERROR - 2023-12-06 14:43:25 --> mysqli_sql_exception: Cannot add or update a child row: a foreign key constraint fails (`e-libraryxpert`.`loans`, CONSTRAINT `loans_member_id_foreign` FOREIGN KEY (`member_id`) REFERENCES `members` (`id`) ON DELETE NO ACTION ON UPDATE CASCADE) in C:\laragon\www\CI4-Library-Management-System\vendor\codeigniter4\framework\system\Database\MySQLi\Connection.php:306
Stack trace:
#0 C:\laragon\www\CI4-Library-Management-System\vendor\codeigniter4\framework\system\Database\MySQLi\Connection.php(306): mysqli->query('INSERT INTO `lo...', 0)
#1 C:\laragon\www\CI4-Library-Management-System\vendor\codeigniter4\framework\system\Database\BaseConnection.php(693): CodeIgniter\Database\MySQLi\Connection->execute('INSERT INTO `lo...')
#2 C:\laragon\www\CI4-Library-Management-System\vendor\codeigniter4\framework\system\Database\BaseConnection.php(607): CodeIgniter\Database\BaseConnection->simpleQuery('INSERT INTO `lo...')
#3 C:\laragon\www\CI4-Library-Management-System\vendor\codeigniter4\framework\system\Database\BaseBuilder.php(1800): CodeIgniter\Database\BaseConnection->query('INSERT INTO `lo...', NULL, false)
#4 C:\laragon\www\CI4-Library-Management-System\vendor\codeigniter4\framework\system\Database\BaseBuilder.php(2191): CodeIgniter\Database\BaseBuilder->batchExecute('_insertBatch', 100)
#5 C:\laragon\www\CI4-Library-Management-System\app\Database\Seeds\LoanSeeder.php(54): CodeIgniter\Database\BaseBuilder->insertBatch(Array)
#6 C:\laragon\www\CI4-Library-Management-System\vendor\codeigniter4\framework\system\Database\Seeder.php(146): App\Database\Seeds\LoanSeeder->run()
#7 C:\laragon\www\CI4-Library-Management-System\vendor\codeigniter4\framework\system\Commands\Database\Seed.php(77): CodeIgniter\Database\Seeder->call('App\\Database\\Se...')
#8 C:\laragon\www\CI4-Library-Management-System\vendor\codeigniter4\framework\system\CLI\Commands.php(65): CodeIgniter\Commands\Database\Seed->run(Array)
#9 C:\laragon\www\CI4-Library-Management-System\vendor\codeigniter4\framework\system\CLI\Console.php(46): CodeIgniter\CLI\Commands->run('db:seed', Array)
#10 C:\laragon\www\CI4-Library-Management-System\spark(102): CodeIgniter\CLI\Console->run()
#11 {main}
ERROR - 2023-12-06 14:44:46 --> mysqli_sql_exception: Duplicate entry '1' for key 'uid' in C:\laragon\www\CI4-Library-Management-System\vendor\codeigniter4\framework\system\Database\MySQLi\Connection.php:306
Stack trace:
#0 C:\laragon\www\CI4-Library-Management-System\vendor\codeigniter4\framework\system\Database\MySQLi\Connection.php(306): mysqli->query('INSERT INTO `me...', 0)
#1 C:\laragon\www\CI4-Library-Management-System\vendor\codeigniter4\framework\system\Database\BaseConnection.php(693): CodeIgniter\Database\MySQLi\Connection->execute('INSERT INTO `me...')
#2 C:\laragon\www\CI4-Library-Management-System\vendor\codeigniter4\framework\system\Database\BaseConnection.php(607): CodeIgniter\Database\BaseConnection->simpleQuery('INSERT INTO `me...')
#3 C:\laragon\www\CI4-Library-Management-System\vendor\codeigniter4\framework\system\Database\BaseBuilder.php(2308): CodeIgniter\Database\BaseConnection->query('INSERT INTO `me...', Array, false)
#4 C:\laragon\www\CI4-Library-Management-System\vendor\codeigniter4\framework\system\Model.php(319): CodeIgniter\Database\BaseBuilder->insert()
#5 C:\laragon\www\CI4-Library-Management-System\vendor\codeigniter4\framework\system\BaseModel.php(788): CodeIgniter\Model->doInsert(Array)
#6 C:\laragon\www\CI4-Library-Management-System\vendor\codeigniter4\framework\system\Model.php(715): CodeIgniter\BaseModel->insert(Array, true)
#7 C:\laragon\www\CI4-Library-Management-System\vendor\codeigniter4\framework\system\Test\Fabricator.php(473): CodeIgniter\Model->insert(Array, true)
#8 C:\laragon\www\CI4-Library-Management-System\app\Database\Seeds\MemberSeeder.php(15): CodeIgniter\Test\Fabricator->create(5)
#9 C:\laragon\www\CI4-Library-Management-System\vendor\codeigniter4\framework\system\Database\Seeder.php(146): App\Database\Seeds\MemberSeeder->run()
#10 C:\laragon\www\CI4-Library-Management-System\app\Database\Seeds\Seeder.php(15): CodeIgniter\Database\Seeder->call('App\\Database\\Se...')
#11 C:\laragon\www\CI4-Library-Management-System\vendor\codeigniter4\framework\system\Database\Seeder.php(146): App\Database\Seeds\Seeder->run()
#12 C:\laragon\www\CI4-Library-Management-System\vendor\codeigniter4\framework\system\Commands\Database\Seed.php(77): CodeIgniter\Database\Seeder->call('App\\Database\\Se...')
#13 C:\laragon\www\CI4-Library-Management-System\vendor\codeigniter4\framework\system\CLI\Commands.php(65): CodeIgniter\Commands\Database\Seed->run(Array)
#14 C:\laragon\www\CI4-Library-Management-System\vendor\codeigniter4\framework\system\CLI\Console.php(46): CodeIgniter\CLI\Commands->run('db:seed', Array)
#15 C:\laragon\www\CI4-Library-Management-System\spark(102): CodeIgniter\CLI\Console->run()
#16 {main}
ERROR - 2023-12-06 14:44:54 --> mysqli_sql_exception: Duplicate entry '1' for key 'uid' in C:\laragon\www\CI4-Library-Management-System\vendor\codeigniter4\framework\system\Database\MySQLi\Connection.php:306
Stack trace:
#0 C:\laragon\www\CI4-Library-Management-System\vendor\codeigniter4\framework\system\Database\MySQLi\Connection.php(306): mysqli->query('INSERT INTO `me...', 0)
#1 C:\laragon\www\CI4-Library-Management-System\vendor\codeigniter4\framework\system\Database\BaseConnection.php(693): CodeIgniter\Database\MySQLi\Connection->execute('INSERT INTO `me...')
#2 C:\laragon\www\CI4-Library-Management-System\vendor\codeigniter4\framework\system\Database\BaseConnection.php(607): CodeIgniter\Database\BaseConnection->simpleQuery('INSERT INTO `me...')
#3 C:\laragon\www\CI4-Library-Management-System\vendor\codeigniter4\framework\system\Database\BaseBuilder.php(2308): CodeIgniter\Database\BaseConnection->query('INSERT INTO `me...', Array, false)
#4 C:\laragon\www\CI4-Library-Management-System\vendor\codeigniter4\framework\system\Model.php(319): CodeIgniter\Database\BaseBuilder->insert()
#5 C:\laragon\www\CI4-Library-Management-System\vendor\codeigniter4\framework\system\BaseModel.php(788): CodeIgniter\Model->doInsert(Array)
#6 C:\laragon\www\CI4-Library-Management-System\vendor\codeigniter4\framework\system\Model.php(715): CodeIgniter\BaseModel->insert(Array, true)
#7 C:\laragon\www\CI4-Library-Management-System\vendor\codeigniter4\framework\system\Test\Fabricator.php(473): CodeIgniter\Model->insert(Array, true)
#8 C:\laragon\www\CI4-Library-Management-System\app\Database\Seeds\MemberSeeder.php(15): CodeIgniter\Test\Fabricator->create(5)
#9 C:\laragon\www\CI4-Library-Management-System\vendor\codeigniter4\framework\system\Database\Seeder.php(146): App\Database\Seeds\MemberSeeder->run()
#10 C:\laragon\www\CI4-Library-Management-System\vendor\codeigniter4\framework\system\Commands\Database\Seed.php(77): CodeIgniter\Database\Seeder->call('App\\Database\\Se...')
#11 C:\laragon\www\CI4-Library-Management-System\vendor\codeigniter4\framework\system\CLI\Commands.php(65): CodeIgniter\Commands\Database\Seed->run(Array)
#12 C:\laragon\www\CI4-Library-Management-System\vendor\codeigniter4\framework\system\CLI\Console.php(46): CodeIgniter\CLI\Commands->run('db:seed', Array)
#13 C:\laragon\www\CI4-Library-Management-System\spark(102): CodeIgniter\CLI\Console->run()
#14 {main}
ERROR - 2023-12-06 14:44:57 --> mysqli_sql_exception: Cannot add or update a child row: a foreign key constraint fails (`e-libraryxpert`.`loans`, CONSTRAINT `loans_member_id_foreign` FOREIGN KEY (`member_id`) REFERENCES `members` (`id`) ON DELETE NO ACTION ON UPDATE CASCADE) in C:\laragon\www\CI4-Library-Management-System\vendor\codeigniter4\framework\system\Database\MySQLi\Connection.php:306
Stack trace:
#0 C:\laragon\www\CI4-Library-Management-System\vendor\codeigniter4\framework\system\Database\MySQLi\Connection.php(306): mysqli->query('INSERT INTO `lo...', 0)
#1 C:\laragon\www\CI4-Library-Management-System\vendor\codeigniter4\framework\system\Database\BaseConnection.php(693): CodeIgniter\Database\MySQLi\Connection->execute('INSERT INTO `lo...')
#2 C:\laragon\www\CI4-Library-Management-System\vendor\codeigniter4\framework\system\Database\BaseConnection.php(607): CodeIgniter\Database\BaseConnection->simpleQuery('INSERT INTO `lo...')
#3 C:\laragon\www\CI4-Library-Management-System\vendor\codeigniter4\framework\system\Database\BaseBuilder.php(1800): CodeIgniter\Database\BaseConnection->query('INSERT INTO `lo...', NULL, false)
#4 C:\laragon\www\CI4-Library-Management-System\vendor\codeigniter4\framework\system\Database\BaseBuilder.php(2191): CodeIgniter\Database\BaseBuilder->batchExecute('_insertBatch', 100)
#5 C:\laragon\www\CI4-Library-Management-System\app\Database\Seeds\LoanSeeder.php(54): CodeIgniter\Database\BaseBuilder->insertBatch(Array)
#6 C:\laragon\www\CI4-Library-Management-System\vendor\codeigniter4\framework\system\Database\Seeder.php(146): App\Database\Seeds\LoanSeeder->run()
#7 C:\laragon\www\CI4-Library-Management-System\vendor\codeigniter4\framework\system\Commands\Database\Seed.php(77): CodeIgniter\Database\Seeder->call('App\\Database\\Se...')
#8 C:\laragon\www\CI4-Library-Management-System\vendor\codeigniter4\framework\system\CLI\Commands.php(65): CodeIgniter\Commands\Database\Seed->run(Array)
#9 C:\laragon\www\CI4-Library-Management-System\vendor\codeigniter4\framework\system\CLI\Console.php(46): CodeIgniter\CLI\Commands->run('db:seed', Array)
#10 C:\laragon\www\CI4-Library-Management-System\spark(102): CodeIgniter\CLI\Console->run()
#11 {main}
ERROR - 2023-12-06 14:48:18 --> mysqli_sql_exception: Cannot add or update a child row: a foreign key constraint fails (`e-libraryxpert`.`loans`, CONSTRAINT `loans_member_id_foreign` FOREIGN KEY (`member_id`) REFERENCES `members` (`id`) ON DELETE NO ACTION ON UPDATE CASCADE) in C:\laragon\www\CI4-Library-Management-System\vendor\codeigniter4\framework\system\Database\MySQLi\Connection.php:306
Stack trace:
#0 C:\laragon\www\CI4-Library-Management-System\vendor\codeigniter4\framework\system\Database\MySQLi\Connection.php(306): mysqli->query('INSERT INTO `lo...', 0)
#1 C:\laragon\www\CI4-Library-Management-System\vendor\codeigniter4\framework\system\Database\BaseConnection.php(693): CodeIgniter\Database\MySQLi\Connection->execute('INSERT INTO `lo...')
#2 C:\laragon\www\CI4-Library-Management-System\vendor\codeigniter4\framework\system\Database\BaseConnection.php(607): CodeIgniter\Database\BaseConnection->simpleQuery('INSERT INTO `lo...')
#3 C:\laragon\www\CI4-Library-Management-System\vendor\codeigniter4\framework\system\Database\BaseBuilder.php(1800): CodeIgniter\Database\BaseConnection->query('INSERT INTO `lo...', NULL, false)
#4 C:\laragon\www\CI4-Library-Management-System\vendor\codeigniter4\framework\system\Database\BaseBuilder.php(2191): CodeIgniter\Database\BaseBuilder->batchExecute('_insertBatch', 100)
#5 C:\laragon\www\CI4-Library-Management-System\app\Database\Seeds\LoanSeeder.php(54): CodeIgniter\Database\BaseBuilder->insertBatch(Array)
#6 C:\laragon\www\CI4-Library-Management-System\vendor\codeigniter4\framework\system\Database\Seeder.php(146): App\Database\Seeds\LoanSeeder->run()
#7 C:\laragon\www\CI4-Library-Management-System\vendor\codeigniter4\framework\system\Commands\Database\Seed.php(77): CodeIgniter\Database\Seeder->call('App\\Database\\Se...')
#8 C:\laragon\www\CI4-Library-Management-System\vendor\codeigniter4\framework\system\CLI\Commands.php(65): CodeIgniter\Commands\Database\Seed->run(Array)
#9 C:\laragon\www\CI4-Library-Management-System\vendor\codeigniter4\framework\system\CLI\Console.php(46): CodeIgniter\CLI\Commands->run('db:seed', Array)
#10 C:\laragon\www\CI4-Library-Management-System\spark(102): CodeIgniter\CLI\Console->run()
#11 {main}
ERROR - 2023-12-06 14:54:38 --> mysqli_sql_exception: Cannot add or update a child row: a foreign key constraint fails (`e-libraryxpert`.`loans`, CONSTRAINT `loans_member_id_foreign` FOREIGN KEY (`member_id`) REFERENCES `members` (`id`) ON DELETE NO ACTION ON UPDATE CASCADE) in C:\laragon\www\CI4-Library-Management-System\vendor\codeigniter4\framework\system\Database\MySQLi\Connection.php:306
Stack trace:
#0 C:\laragon\www\CI4-Library-Management-System\vendor\codeigniter4\framework\system\Database\MySQLi\Connection.php(306): mysqli->query('INSERT INTO `lo...', 0)
#1 C:\laragon\www\CI4-Library-Management-System\vendor\codeigniter4\framework\system\Database\BaseConnection.php(693): CodeIgniter\Database\MySQLi\Connection->execute('INSERT INTO `lo...')
#2 C:\laragon\www\CI4-Library-Management-System\vendor\codeigniter4\framework\system\Database\BaseConnection.php(607): CodeIgniter\Database\BaseConnection->simpleQuery('INSERT INTO `lo...')
#3 C:\laragon\www\CI4-Library-Management-System\vendor\codeigniter4\framework\system\Database\BaseBuilder.php(1800): CodeIgniter\Database\BaseConnection->query('INSERT INTO `lo...', NULL, false)
#4 C:\laragon\www\CI4-Library-Management-System\vendor\codeigniter4\framework\system\Database\BaseBuilder.php(2191): CodeIgniter\Database\BaseBuilder->batchExecute('_insertBatch', 100)
#5 C:\laragon\www\CI4-Library-Management-System\app\Database\Seeds\LoanSeeder.php(54): CodeIgniter\Database\BaseBuilder->insertBatch(Array)
#6 C:\laragon\www\CI4-Library-Management-System\vendor\codeigniter4\framework\system\Database\Seeder.php(146): App\Database\Seeds\LoanSeeder->run()
#7 C:\laragon\www\CI4-Library-Management-System\vendor\codeigniter4\framework\system\Commands\Database\Seed.php(77): CodeIgniter\Database\Seeder->call('App\\Database\\Se...')
#8 C:\laragon\www\CI4-Library-Management-System\vendor\codeigniter4\framework\system\CLI\Commands.php(65): CodeIgniter\Commands\Database\Seed->run(Array)
#9 C:\laragon\www\CI4-Library-Management-System\vendor\codeigniter4\framework\system\CLI\Console.php(46): CodeIgniter\CLI\Commands->run('db:seed', Array)
#10 C:\laragon\www\CI4-Library-Management-System\spark(102): CodeIgniter\CLI\Console->run()
#11 {main}
ERROR - 2023-12-06 15:05:56 --> mysqli_sql_exception: Duplicate entry '1' for key 'uid' in C:\laragon\www\CI4-Library-Management-System\vendor\codeigniter4\framework\system\Database\MySQLi\Connection.php:306
Stack trace:
#0 C:\laragon\www\CI4-Library-Management-System\vendor\codeigniter4\framework\system\Database\MySQLi\Connection.php(306): mysqli->query('INSERT INTO `me...', 0)
#1 C:\laragon\www\CI4-Library-Management-System\vendor\codeigniter4\framework\system\Database\BaseConnection.php(693): CodeIgniter\Database\MySQLi\Connection->execute('INSERT INTO `me...')
#2 C:\laragon\www\CI4-Library-Management-System\vendor\codeigniter4\framework\system\Database\BaseConnection.php(607): CodeIgniter\Database\BaseConnection->simpleQuery('INSERT INTO `me...')
#3 C:\laragon\www\CI4-Library-Management-System\vendor\codeigniter4\framework\system\Database\BaseBuilder.php(2308): CodeIgniter\Database\BaseConnection->query('INSERT INTO `me...', Array, false)
#4 C:\laragon\www\CI4-Library-Management-System\vendor\codeigniter4\framework\system\Model.php(319): CodeIgniter\Database\BaseBuilder->insert()
#5 C:\laragon\www\CI4-Library-Management-System\vendor\codeigniter4\framework\system\BaseModel.php(788): CodeIgniter\Model->doInsert(Array)
#6 C:\laragon\www\CI4-Library-Management-System\vendor\codeigniter4\framework\system\Model.php(715): CodeIgniter\BaseModel->insert(Array, true)
#7 C:\laragon\www\CI4-Library-Management-System\app\Database\Seeds\MemberSeeder.php(61): CodeIgniter\Model->insert(Array)
#8 C:\laragon\www\CI4-Library-Management-System\vendor\codeigniter4\framework\system\Database\Seeder.php(146): App\Database\Seeds\MemberSeeder->run()
#9 C:\laragon\www\CI4-Library-Management-System\vendor\codeigniter4\framework\system\Commands\Database\Seed.php(77): CodeIgniter\Database\Seeder->call('App\\Database\\Se...')
#10 C:\laragon\www\CI4-Library-Management-System\vendor\codeigniter4\framework\system\CLI\Commands.php(65): CodeIgniter\Commands\Database\Seed->run(Array)
#11 C:\laragon\www\CI4-Library-Management-System\vendor\codeigniter4\framework\system\CLI\Console.php(46): CodeIgniter\CLI\Commands->run('db:seed', Array)
#12 C:\laragon\www\CI4-Library-Management-System\spark(102): CodeIgniter\CLI\Console->run()
#13 {main}
ERROR - 2023-12-06 15:05:58 --> mysqli_sql_exception: Duplicate entry '1' for key 'PRIMARY' in C:\laragon\www\CI4-Library-Management-System\vendor\codeigniter4\framework\system\Database\MySQLi\Connection.php:306
Stack trace:
#0 C:\laragon\www\CI4-Library-Management-System\vendor\codeigniter4\framework\system\Database\MySQLi\Connection.php(306): mysqli->query('INSERT INTO `lo...', 0)
#1 C:\laragon\www\CI4-Library-Management-System\vendor\codeigniter4\framework\system\Database\BaseConnection.php(693): CodeIgniter\Database\MySQLi\Connection->execute('INSERT INTO `lo...')
#2 C:\laragon\www\CI4-Library-Management-System\vendor\codeigniter4\framework\system\Database\BaseConnection.php(607): CodeIgniter\Database\BaseConnection->simpleQuery('INSERT INTO `lo...')
#3 C:\laragon\www\CI4-Library-Management-System\vendor\codeigniter4\framework\system\Database\BaseBuilder.php(1800): CodeIgniter\Database\BaseConnection->query('INSERT INTO `lo...', NULL, false)
#4 C:\laragon\www\CI4-Library-Management-System\vendor\codeigniter4\framework\system\Database\BaseBuilder.php(2191): CodeIgniter\Database\BaseBuilder->batchExecute('_insertBatch', 100)
#5 C:\laragon\www\CI4-Library-Management-System\app\Database\Seeds\LoanSeeder.php(54): CodeIgniter\Database\BaseBuilder->insertBatch(Array)
#6 C:\laragon\www\CI4-Library-Management-System\vendor\codeigniter4\framework\system\Database\Seeder.php(146): App\Database\Seeds\LoanSeeder->run()
#7 C:\laragon\www\CI4-Library-Management-System\vendor\codeigniter4\framework\system\Commands\Database\Seed.php(77): CodeIgniter\Database\Seeder->call('App\\Database\\Se...')
#8 C:\laragon\www\CI4-Library-Management-System\vendor\codeigniter4\framework\system\CLI\Commands.php(65): CodeIgniter\Commands\Database\Seed->run(Array)
#9 C:\laragon\www\CI4-Library-Management-System\vendor\codeigniter4\framework\system\CLI\Console.php(46): CodeIgniter\CLI\Commands->run('db:seed', Array)
#10 C:\laragon\www\CI4-Library-Management-System\spark(102): CodeIgniter\CLI\Console->run()
#11 {main}
ERROR - 2023-12-06 15:49:46 --> mysqli_sql_exception: Duplicate entry '1' for key 'uid' in C:\laragon\www\CI4-Library-Management-System\vendor\codeigniter4\framework\system\Database\MySQLi\Connection.php:306
Stack trace:
#0 C:\laragon\www\CI4-Library-Management-System\vendor\codeigniter4\framework\system\Database\MySQLi\Connection.php(306): mysqli->query('INSERT INTO `me...', 0)
#1 C:\laragon\www\CI4-Library-Management-System\vendor\codeigniter4\framework\system\Database\BaseConnection.php(693): CodeIgniter\Database\MySQLi\Connection->execute('INSERT INTO `me...')
#2 C:\laragon\www\CI4-Library-Management-System\vendor\codeigniter4\framework\system\Database\BaseConnection.php(607): CodeIgniter\Database\BaseConnection->simpleQuery('INSERT INTO `me...')
#3 C:\laragon\www\CI4-Library-Management-System\vendor\codeigniter4\framework\system\Database\BaseBuilder.php(2308): CodeIgniter\Database\BaseConnection->query('INSERT INTO `me...', Array, false)
#4 C:\laragon\www\CI4-Library-Management-System\vendor\codeigniter4\framework\system\Model.php(319): CodeIgniter\Database\BaseBuilder->insert()
#5 C:\laragon\www\CI4-Library-Management-System\vendor\codeigniter4\framework\system\BaseModel.php(788): CodeIgniter\Model->doInsert(Array)
#6 C:\laragon\www\CI4-Library-Management-System\vendor\codeigniter4\framework\system\Model.php(715): CodeIgniter\BaseModel->insert(Array, true)
#7 C:\laragon\www\CI4-Library-Management-System\app\Database\Seeds\MemberSeeder.php(191): CodeIgniter\Model->insert(Array)
#8 C:\laragon\www\CI4-Library-Management-System\vendor\codeigniter4\framework\system\Database\Seeder.php(146): App\Database\Seeds\MemberSeeder->run()
#9 C:\laragon\www\CI4-Library-Management-System\vendor\codeigniter4\framework\system\Commands\Database\Seed.php(77): CodeIgniter\Database\Seeder->call('App\\Database\\Se...')
#10 C:\laragon\www\CI4-Library-Management-System\vendor\codeigniter4\framework\system\CLI\Commands.php(65): CodeIgniter\Commands\Database\Seed->run(Array)
#11 C:\laragon\www\CI4-Library-Management-System\vendor\codeigniter4\framework\system\CLI\Console.php(46): CodeIgniter\CLI\Commands->run('db:seed', Array)
#12 C:\laragon\www\CI4-Library-Management-System\spark(102): CodeIgniter\CLI\Console->run()
#13 {main}
ERROR - 2023-12-06 15:49:50 --> mysqli_sql_exception: Duplicate entry '1' for key 'PRIMARY' in C:\laragon\www\CI4-Library-Management-System\vendor\codeigniter4\framework\system\Database\MySQLi\Connection.php:306
Stack trace:
#0 C:\laragon\www\CI4-Library-Management-System\vendor\codeigniter4\framework\system\Database\MySQLi\Connection.php(306): mysqli->query('INSERT INTO `lo...', 0)
#1 C:\laragon\www\CI4-Library-Management-System\vendor\codeigniter4\framework\system\Database\BaseConnection.php(693): CodeIgniter\Database\MySQLi\Connection->execute('INSERT INTO `lo...')
#2 C:\laragon\www\CI4-Library-Management-System\vendor\codeigniter4\framework\system\Database\BaseConnection.php(607): CodeIgniter\Database\BaseConnection->simpleQuery('INSERT INTO `lo...')
#3 C:\laragon\www\CI4-Library-Management-System\vendor\codeigniter4\framework\system\Database\BaseBuilder.php(1800): CodeIgniter\Database\BaseConnection->query('INSERT INTO `lo...', NULL, false)
#4 C:\laragon\www\CI4-Library-Management-System\vendor\codeigniter4\framework\system\Database\BaseBuilder.php(2191): CodeIgniter\Database\BaseBuilder->batchExecute('_insertBatch', 100)
#5 C:\laragon\www\CI4-Library-Management-System\app\Database\Seeds\LoanSeeder.php(54): CodeIgniter\Database\BaseBuilder->insertBatch(Array)
#6 C:\laragon\www\CI4-Library-Management-System\vendor\codeigniter4\framework\system\Database\Seeder.php(146): App\Database\Seeds\LoanSeeder->run()
#7 C:\laragon\www\CI4-Library-Management-System\vendor\codeigniter4\framework\system\Commands\Database\Seed.php(77): CodeIgniter\Database\Seeder->call('App\\Database\\Se...')
#8 C:\laragon\www\CI4-Library-Management-System\vendor\codeigniter4\framework\system\CLI\Commands.php(65): CodeIgniter\Commands\Database\Seed->run(Array)
#9 C:\laragon\www\CI4-Library-Management-System\vendor\codeigniter4\framework\system\CLI\Console.php(46): CodeIgniter\CLI\Commands->run('db:seed', Array)
#10 C:\laragon\www\CI4-Library-Management-System\spark(102): CodeIgniter\CLI\Console->run()
#11 {main}
ERROR - 2023-12-06 18:38:49 --> mysqli_sql_exception: Duplicate entry '1' for key 'uid' in C:\laragon\www\CI4-Library-Management-System\vendor\codeigniter4\framework\system\Database\MySQLi\Connection.php:306
Stack trace:
#0 C:\laragon\www\CI4-Library-Management-System\vendor\codeigniter4\framework\system\Database\MySQLi\Connection.php(306): mysqli->query('INSERT INTO `me...', 0)
#1 C:\laragon\www\CI4-Library-Management-System\vendor\codeigniter4\framework\system\Database\BaseConnection.php(693): CodeIgniter\Database\MySQLi\Connection->execute('INSERT INTO `me...')
#2 C:\laragon\www\CI4-Library-Management-System\vendor\codeigniter4\framework\system\Database\BaseConnection.php(607): CodeIgniter\Database\BaseConnection->simpleQuery('INSERT INTO `me...')
#3 C:\laragon\www\CI4-Library-Management-System\vendor\codeigniter4\framework\system\Database\BaseBuilder.php(2308): CodeIgniter\Database\BaseConnection->query('INSERT INTO `me...', Array, false)
#4 C:\laragon\www\CI4-Library-Management-System\vendor\codeigniter4\framework\system\Model.php(319): CodeIgniter\Database\BaseBuilder->insert()
#5 C:\laragon\www\CI4-Library-Management-System\vendor\codeigniter4\framework\system\BaseModel.php(788): CodeIgniter\Model->doInsert(Array)
#6 C:\laragon\www\CI4-Library-Management-System\vendor\codeigniter4\framework\system\Model.php(715): CodeIgniter\BaseModel->insert(Array, true)
#7 C:\laragon\www\CI4-Library-Management-System\app\Database\Seeds\MemberSeeder.php(191): CodeIgniter\Model->insert(Array)
#8 C:\laragon\www\CI4-Library-Management-System\vendor\codeigniter4\framework\system\Database\Seeder.php(146): App\Database\Seeds\MemberSeeder->run()
#9 C:\laragon\www\CI4-Library-Management-System\vendor\codeigniter4\framework\system\Commands\Database\Seed.php(77): CodeIgniter\Database\Seeder->call('App\\Database\\Se...')
#10 C:\laragon\www\CI4-Library-Management-System\vendor\codeigniter4\framework\system\CLI\Commands.php(65): CodeIgniter\Commands\Database\Seed->run(Array)
#11 C:\laragon\www\CI4-Library-Management-System\vendor\codeigniter4\framework\system\CLI\Console.php(46): CodeIgniter\CLI\Commands->run('db:seed', Array)
#12 C:\laragon\www\CI4-Library-Management-System\spark(102): CodeIgniter\CLI\Console->run()
#13 {main}
ERROR - 2023-12-06 18:38:59 --> mysqli_sql_exception: Duplicate entry '1' for key 'PRIMARY' in C:\laragon\www\CI4-Library-Management-System\vendor\codeigniter4\framework\system\Database\MySQLi\Connection.php:306
Stack trace:
#0 C:\laragon\www\CI4-Library-Management-System\vendor\codeigniter4\framework\system\Database\MySQLi\Connection.php(306): mysqli->query('INSERT INTO `lo...', 0)
#1 C:\laragon\www\CI4-Library-Management-System\vendor\codeigniter4\framework\system\Database\BaseConnection.php(693): CodeIgniter\Database\MySQLi\Connection->execute('INSERT INTO `lo...')
#2 C:\laragon\www\CI4-Library-Management-System\vendor\codeigniter4\framework\system\Database\BaseConnection.php(607): CodeIgniter\Database\BaseConnection->simpleQuery('INSERT INTO `lo...')
#3 C:\laragon\www\CI4-Library-Management-System\vendor\codeigniter4\framework\system\Database\BaseBuilder.php(1800): CodeIgniter\Database\BaseConnection->query('INSERT INTO `lo...', NULL, false)
#4 C:\laragon\www\CI4-Library-Management-System\vendor\codeigniter4\framework\system\Database\BaseBuilder.php(2191): CodeIgniter\Database\BaseBuilder->batchExecute('_insertBatch', 100)
#5 C:\laragon\www\CI4-Library-Management-System\app\Database\Seeds\LoanSeeder.php(54): CodeIgniter\Database\BaseBuilder->insertBatch(Array)
#6 C:\laragon\www\CI4-Library-Management-System\vendor\codeigniter4\framework\system\Database\Seeder.php(146): App\Database\Seeds\LoanSeeder->run()
#7 C:\laragon\www\CI4-Library-Management-System\vendor\codeigniter4\framework\system\Commands\Database\Seed.php(77): CodeIgniter\Database\Seeder->call('App\\Database\\Se...')
#8 C:\laragon\www\CI4-Library-Management-System\vendor\codeigniter4\framework\system\CLI\Commands.php(65): CodeIgniter\Commands\Database\Seed->run(Array)
#9 C:\laragon\www\CI4-Library-Management-System\vendor\codeigniter4\framework\system\CLI\Console.php(46): CodeIgniter\CLI\Commands->run('db:seed', Array)
#10 C:\laragon\www\CI4-Library-Management-System\spark(102): CodeIgniter\CLI\Console->run()
#11 {main}
ERROR - 2023-12-06 18:49:01 --> mysqli_sql_exception: Cannot add or update a child row: a foreign key constraint fails (`e-libraryxpert`.`fines`, CONSTRAINT `fines_loan_id_foreign` FOREIGN KEY (`loan_id`) REFERENCES `loans` (`id`) ON DELETE SET NULL ON UPDATE CASCADE) in C:\laragon\www\CI4-Library-Management-System\vendor\codeigniter4\framework\system\Database\MySQLi\Connection.php:306
Stack trace:
#0 C:\laragon\www\CI4-Library-Management-System\vendor\codeigniter4\framework\system\Database\MySQLi\Connection.php(306): mysqli->query('INSERT INTO `fi...', 0)
#1 C:\laragon\www\CI4-Library-Management-System\vendor\codeigniter4\framework\system\Database\BaseConnection.php(693): CodeIgniter\Database\MySQLi\Connection->execute('INSERT INTO `fi...')
#2 C:\laragon\www\CI4-Library-Management-System\vendor\codeigniter4\framework\system\Database\BaseConnection.php(607): CodeIgniter\Database\BaseConnection->simpleQuery('INSERT INTO `fi...')
#3 C:\laragon\www\CI4-Library-Management-System\vendor\codeigniter4\framework\system\Database\BaseBuilder.php(1800): CodeIgniter\Database\BaseConnection->query('INSERT INTO `fi...', NULL, false)
#4 C:\laragon\www\CI4-Library-Management-System\vendor\codeigniter4\framework\system\Database\BaseBuilder.php(2191): CodeIgniter\Database\BaseBuilder->batchExecute('_insertBatch', 100)
#5 C:\laragon\www\CI4-Library-Management-System\app\Database\Seeds\FineSeeder.php(28): CodeIgniter\Database\BaseBuilder->insertBatch(Array)
#6 C:\laragon\www\CI4-Library-Management-System\vendor\codeigniter4\framework\system\Database\Seeder.php(146): App\Database\Seeds\FineSeeder->run()
#7 C:\laragon\www\CI4-Library-Management-System\app\Database\Seeds\LoanSeeder.php(56): CodeIgniter\Database\Seeder->call('App\\Database\\Se...')
#8 C:\laragon\www\CI4-Library-Management-System\vendor\codeigniter4\framework\system\Database\Seeder.php(146): App\Database\Seeds\LoanSeeder->run()
#9 C:\laragon\www\CI4-Library-Management-System\app\Database\Seeds\Seeder.php(18): CodeIgniter\Database\Seeder->call('App\\Database\\Se...')
#10 C:\laragon\www\CI4-Library-Management-System\vendor\codeigniter4\framework\system\Database\Seeder.php(146): App\Database\Seeds\Seeder->run()
#11 C:\laragon\www\CI4-Library-Management-System\vendor\codeigniter4\framework\system\Commands\Database\Seed.php(77): CodeIgniter\Database\Seeder->call('App\\Database\\Se...')
#12 C:\laragon\www\CI4-Library-Management-System\vendor\codeigniter4\framework\system\CLI\Commands.php(65): CodeIgniter\Commands\Database\Seed->run(Array)
#13 C:\laragon\www\CI4-Library-Management-System\vendor\codeigniter4\framework\system\CLI\Console.php(46): CodeIgniter\CLI\Commands->run('db:seed', Array)
#14 C:\laragon\www\CI4-Library-Management-System\spark(102): CodeIgniter\CLI\Console->run()
#15 {main}
ERROR - 2023-12-06 18:50:46 --> mysqli_sql_exception: Cannot add or update a child row: a foreign key constraint fails (`e-libraryxpert`.`fines`, CONSTRAINT `fines_loan_id_foreign` FOREIGN KEY (`loan_id`) REFERENCES `loans` (`id`) ON DELETE SET NULL ON UPDATE CASCADE) in C:\laragon\www\CI4-Library-Management-System\vendor\codeigniter4\framework\system\Database\MySQLi\Connection.php:306
Stack trace:
#0 C:\laragon\www\CI4-Library-Management-System\vendor\codeigniter4\framework\system\Database\MySQLi\Connection.php(306): mysqli->query('INSERT INTO `fi...', 0)
#1 C:\laragon\www\CI4-Library-Management-System\vendor\codeigniter4\framework\system\Database\BaseConnection.php(693): CodeIgniter\Database\MySQLi\Connection->execute('INSERT INTO `fi...')
#2 C:\laragon\www\CI4-Library-Management-System\vendor\codeigniter4\framework\system\Database\BaseConnection.php(607): CodeIgniter\Database\BaseConnection->simpleQuery('INSERT INTO `fi...')
#3 C:\laragon\www\CI4-Library-Management-System\vendor\codeigniter4\framework\system\Database\BaseBuilder.php(1800): CodeIgniter\Database\BaseConnection->query('INSERT INTO `fi...', NULL, false)
#4 C:\laragon\www\CI4-Library-Management-System\vendor\codeigniter4\framework\system\Database\BaseBuilder.php(2191): CodeIgniter\Database\BaseBuilder->batchExecute('_insertBatch', 100)
#5 C:\laragon\www\CI4-Library-Management-System\app\Database\Seeds\FineSeeder.php(28): CodeIgniter\Database\BaseBuilder->insertBatch(Array)
#6 C:\laragon\www\CI4-Library-Management-System\vendor\codeigniter4\framework\system\Database\Seeder.php(146): App\Database\Seeds\FineSeeder->run()
#7 C:\laragon\www\CI4-Library-Management-System\app\Database\Seeds\LoanSeeder.php(56): CodeIgniter\Database\Seeder->call('App\\Database\\Se...')
#8 C:\laragon\www\CI4-Library-Management-System\vendor\codeigniter4\framework\system\Database\Seeder.php(146): App\Database\Seeds\LoanSeeder->run()
#9 C:\laragon\www\CI4-Library-Management-System\app\Database\Seeds\Seeder.php(18): CodeIgniter\Database\Seeder->call('App\\Database\\Se...')
#10 C:\laragon\www\CI4-Library-Management-System\vendor\codeigniter4\framework\system\Database\Seeder.php(146): App\Database\Seeds\Seeder->run()
#11 C:\laragon\www\CI4-Library-Management-System\vendor\codeigniter4\framework\system\Commands\Database\Seed.php(77): CodeIgniter\Database\Seeder->call('App\\Database\\Se...')
#12 C:\laragon\www\CI4-Library-Management-System\vendor\codeigniter4\framework\system\CLI\Commands.php(65): CodeIgniter\Commands\Database\Seed->run(Array)
#13 C:\laragon\www\CI4-Library-Management-System\vendor\codeigniter4\framework\system\CLI\Console.php(46): CodeIgniter\CLI\Commands->run('db:seed', Array)
#14 C:\laragon\www\CI4-Library-Management-System\spark(102): CodeIgniter\CLI\Console->run()
#15 {main}
ERROR - 2023-12-06 18:52:24 --> mysqli_sql_exception: Duplicate entry 'Kelompok-2' for key 'username' in C:\laragon\www\CI4-Library-Management-System\vendor\codeigniter4\framework\system\Database\MySQLi\Connection.php:306
Stack trace:
#0 C:\laragon\www\CI4-Library-Management-System\vendor\codeigniter4\framework\system\Database\MySQLi\Connection.php(306): mysqli->query('INSERT INTO `us...', 0)
#1 C:\laragon\www\CI4-Library-Management-System\vendor\codeigniter4\framework\system\Database\BaseConnection.php(693): CodeIgniter\Database\MySQLi\Connection->execute('INSERT INTO `us...')
#2 C:\laragon\www\CI4-Library-Management-System\vendor\codeigniter4\framework\system\Database\BaseConnection.php(607): CodeIgniter\Database\BaseConnection->simpleQuery('INSERT INTO `us...')
#3 C:\laragon\www\CI4-Library-Management-System\vendor\codeigniter4\framework\system\Database\BaseBuilder.php(2308): CodeIgniter\Database\BaseConnection->query('INSERT INTO `us...', Array, false)
#4 C:\laragon\www\CI4-Library-Management-System\vendor\codeigniter4\framework\system\Model.php(319): CodeIgniter\Database\BaseBuilder->insert()
#5 C:\laragon\www\CI4-Library-Management-System\vendor\codeigniter4\framework\system\BaseModel.php(788): CodeIgniter\Model->doInsert(Array)
#6 C:\laragon\www\CI4-Library-Management-System\vendor\codeigniter4\framework\system\Model.php(715): CodeIgniter\BaseModel->insert(Array, false)
#7 C:\laragon\www\CI4-Library-Management-System\vendor\codeigniter4\shield\src\Models\UserModel.php(265): CodeIgniter\Model->insert(Object(CodeIgniter\Shield\Entities\User), false)
#8 C:\laragon\www\CI4-Library-Management-System\vendor\codeigniter4\framework\system\BaseModel.php(698): CodeIgniter\Shield\Models\UserModel->insert(Object(CodeIgniter\Shield\Entities\User), false)
#9 C:\laragon\www\CI4-Library-Management-System\vendor\codeigniter4\shield\src\Models\UserModel.php(327): CodeIgniter\BaseModel->save(Object(CodeIgniter\Shield\Entities\User))
#10 C:\laragon\www\CI4-Library-Management-System\app\Database\Seeds\SuperAdminSeeder.php(26): CodeIgniter\Shield\Models\UserModel->save(Object(CodeIgniter\Shield\Entities\User))
#11 C:\laragon\www\CI4-Library-Management-System\vendor\codeigniter4\framework\system\Database\Seeder.php(146): App\Database\Seeds\SuperAdminSeeder->run()
#12 C:\laragon\www\CI4-Library-Management-System\vendor\codeigniter4\framework\system\Commands\Database\Seed.php(77): CodeIgniter\Database\Seeder->call('App\\Database\\Se...')
#13 C:\laragon\www\CI4-Library-Management-System\vendor\codeigniter4\framework\system\CLI\Commands.php(65): CodeIgniter\Commands\Database\Seed->run(Array)
#14 C:\laragon\www\CI4-Library-Management-System\vendor\codeigniter4\framework\system\CLI\Console.php(46): CodeIgniter\CLI\Commands->run('db:seed', Array)
#15 C:\laragon\www\CI4-Library-Management-System\spark(102): CodeIgniter\CLI\Console->run()
#16 {main}
ERROR - 2023-12-06 18:52:30 --> mysqli_sql_exception: Duplicate entry '1' for key 'uid' in C:\laragon\www\CI4-Library-Management-System\vendor\codeigniter4\framework\system\Database\MySQLi\Connection.php:306
Stack trace:
#0 C:\laragon\www\CI4-Library-Management-System\vendor\codeigniter4\framework\system\Database\MySQLi\Connection.php(306): mysqli->query('INSERT INTO `me...', 0)
#1 C:\laragon\www\CI4-Library-Management-System\vendor\codeigniter4\framework\system\Database\BaseConnection.php(693): CodeIgniter\Database\MySQLi\Connection->execute('INSERT INTO `me...')
#2 C:\laragon\www\CI4-Library-Management-System\vendor\codeigniter4\framework\system\Database\BaseConnection.php(607): CodeIgniter\Database\BaseConnection->simpleQuery('INSERT INTO `me...')
#3 C:\laragon\www\CI4-Library-Management-System\vendor\codeigniter4\framework\system\Database\BaseBuilder.php(2308): CodeIgniter\Database\BaseConnection->query('INSERT INTO `me...', Array, false)
#4 C:\laragon\www\CI4-Library-Management-System\vendor\codeigniter4\framework\system\Model.php(319): CodeIgniter\Database\BaseBuilder->insert()
#5 C:\laragon\www\CI4-Library-Management-System\vendor\codeigniter4\framework\system\BaseModel.php(788): CodeIgniter\Model->doInsert(Array)
#6 C:\laragon\www\CI4-Library-Management-System\vendor\codeigniter4\framework\system\Model.php(715): CodeIgniter\BaseModel->insert(Array, true)
#7 C:\laragon\www\CI4-Library-Management-System\app\Database\Seeds\MemberSeeder.php(191): CodeIgniter\Model->insert(Array)
#8 C:\laragon\www\CI4-Library-Management-System\vendor\codeigniter4\framework\system\Database\Seeder.php(146): App\Database\Seeds\MemberSeeder->run()
#9 C:\laragon\www\CI4-Library-Management-System\app\Database\Seeds\Seeder.php(15): CodeIgniter\Database\Seeder->call('App\\Database\\Se...')
#10 C:\laragon\www\CI4-Library-Management-System\vendor\codeigniter4\framework\system\Database\Seeder.php(146): App\Database\Seeds\Seeder->run()
#11 C:\laragon\www\CI4-Library-Management-System\vendor\codeigniter4\framework\system\Commands\Database\Seed.php(77): CodeIgniter\Database\Seeder->call('App\\Database\\Se...')
#12 C:\laragon\www\CI4-Library-Management-System\vendor\codeigniter4\framework\system\CLI\Commands.php(65): CodeIgniter\Commands\Database\Seed->run(Array)
#13 C:\laragon\www\CI4-Library-Management-System\vendor\codeigniter4\framework\system\CLI\Console.php(46): CodeIgniter\CLI\Commands->run('db:seed', Array)
#14 C:\laragon\www\CI4-Library-Management-System\spark(102): CodeIgniter\CLI\Console->run()
#15 {main}
