ERROR - 2023-12-09 15:18:16 --> mysqli_sql_exception: Unknown column 'kode_rak' in 'field list' in C:\laragon\www\CI4-Library-Management-System\vendor\codeigniter4\framework\system\Database\MySQLi\Connection.php:306
Stack trace:
#0 C:\laragon\www\CI4-Library-Management-System\vendor\codeigniter4\framework\system\Database\MySQLi\Connection.php(306): mysqli->query('INSERT INTO `ra...', 0)
#1 C:\laragon\www\CI4-Library-Management-System\vendor\codeigniter4\framework\system\Database\BaseConnection.php(693): CodeIgniter\Database\MySQLi\Connection->execute('INSERT INTO `ra...')
#2 C:\laragon\www\CI4-Library-Management-System\vendor\codeigniter4\framework\system\Database\BaseConnection.php(607): CodeIgniter\Database\BaseConnection->simpleQuery('INSERT INTO `ra...')
#3 C:\laragon\www\CI4-Library-Management-System\vendor\codeigniter4\framework\system\Database\BaseBuilder.php(1800): CodeIgniter\Database\BaseConnection->query('INSERT INTO `ra...', NULL, false)
#4 C:\laragon\www\CI4-Library-Management-System\vendor\codeigniter4\framework\system\Database\BaseBuilder.php(2191): CodeIgniter\Database\BaseBuilder->batchExecute('_insertBatch', 100)
#5 C:\laragon\www\CI4-Library-Management-System\app\Database\Seeds\RackSeeder.php(54): CodeIgniter\Database\BaseBuilder->insertBatch(Array)
#6 C:\laragon\www\CI4-Library-Management-System\vendor\codeigniter4\framework\system\Database\Seeder.php(146): App\Database\Seeds\RackSeeder->run()
#7 C:\laragon\www\CI4-Library-Management-System\app\Database\Seeds\BookSeeder.php(13): CodeIgniter\Database\Seeder->call('App\\Database\\Se...')
#8 C:\laragon\www\CI4-Library-Management-System\vendor\codeigniter4\framework\system\Database\Seeder.php(146): App\Database\Seeds\BookSeeder->run()
#9 C:\laragon\www\CI4-Library-Management-System\app\Database\Seeds\Seeder.php(12): CodeIgniter\Database\Seeder->call('App\\Database\\Se...')
#10 C:\laragon\www\CI4-Library-Management-System\vendor\codeigniter4\framework\system\Database\Seeder.php(146): App\Database\Seeds\Seeder->run()
#11 C:\laragon\www\CI4-Library-Management-System\vendor\codeigniter4\framework\system\Commands\Database\Seed.php(77): CodeIgniter\Database\Seeder->call('App\\Database\\Se...')
#12 C:\laragon\www\CI4-Library-Management-System\vendor\codeigniter4\framework\system\CLI\Commands.php(65): CodeIgniter\Commands\Database\Seed->run(Array)
#13 C:\laragon\www\CI4-Library-Management-System\vendor\codeigniter4\framework\system\CLI\Console.php(46): CodeIgniter\CLI\Commands->run('db:seed', Array)
#14 C:\laragon\www\CI4-Library-Management-System\spark(102): CodeIgniter\CLI\Console->run()
#15 {main}
ERROR - 2023-12-09 15:55:43 --> mysqli_sql_exception: Duplicate entry 'Kelompok-2' for key 'username' in C:\laragon\www\CI4-Library-Management-System\vendor\codeigniter4\framework\system\Database\MySQLi\Connection.php:306
Stack trace:
#0 C:\laragon\www\CI4-Library-Management-System\vendor\codeigniter4\framework\system\Database\MySQLi\Connection.php(306): mysqli->query('INSERT INTO `us...', 0)
#1 C:\laragon\www\CI4-Library-Management-System\vendor\codeigniter4\framework\system\Database\BaseConnection.php(693): CodeIgniter\Database\MySQLi\Connection->execute('INSERT INTO `us...')
#2 C:\laragon\www\CI4-Library-Management-System\vendor\codeigniter4\framework\system\Database\BaseConnection.php(607): CodeIgniter\Database\BaseConnection->simpleQuery('INSERT INTO `us...')
#3 C:\laragon\www\CI4-Library-Management-System\vendor\codeigniter4\framework\system\Database\BaseBuilder.php(2308): CodeIgniter\Database\BaseConnection->query('INSERT INTO `us...', Array, false)
#4 C:\laragon\www\CI4-Library-Management-System\vendor\codeigniter4\framework\system\Model.php(319): CodeIgniter\Database\BaseBuilder->insert()
#5 C:\laragon\www\CI4-Library-Management-System\vendor\codeigniter4\framework\system\BaseModel.php(788): CodeIgniter\Model->doInsert(Array)
#6 C:\laragon\www\CI4-Library-Management-System\vendor\codeigniter4\framework\system\Model.php(715): CodeIgniter\BaseModel->insert(Array, false)
#7 C:\laragon\www\CI4-Library-Management-System\vendor\codeigniter4\shield\src\Models\UserModel.php(265): CodeIgniter\Model->insert(Object(CodeIgniter\Shield\Entities\User), false)
#8 C:\laragon\www\CI4-Library-Management-System\vendor\codeigniter4\framework\system\BaseModel.php(698): CodeIgniter\Shield\Models\UserModel->insert(Object(CodeIgniter\Shield\Entities\User), false)
#9 C:\laragon\www\CI4-Library-Management-System\vendor\codeigniter4\shield\src\Models\UserModel.php(327): CodeIgniter\BaseModel->save(Object(CodeIgniter\Shield\Entities\User))
#10 C:\laragon\www\CI4-Library-Management-System\app\Database\Seeds\AdministratorSeeder.php(26): CodeIgniter\Shield\Models\UserModel->save(Object(CodeIgniter\Shield\Entities\User))
#11 C:\laragon\www\CI4-Library-Management-System\vendor\codeigniter4\framework\system\Database\Seeder.php(146): App\Database\Seeds\AdministratorSeeder->run()
#12 C:\laragon\www\CI4-Library-Management-System\vendor\codeigniter4\framework\system\Commands\Database\Seed.php(77): CodeIgniter\Database\Seeder->call('App\\Database\\Se...')
#13 C:\laragon\www\CI4-Library-Management-System\vendor\codeigniter4\framework\system\CLI\Commands.php(65): CodeIgniter\Commands\Database\Seed->run(Array)
#14 C:\laragon\www\CI4-Library-Management-System\vendor\codeigniter4\framework\system\CLI\Console.php(46): CodeIgniter\CLI\Commands->run('db:seed', Array)
#15 C:\laragon\www\CI4-Library-Management-System\spark(102): CodeIgniter\CLI\Console->run()
#16 {main}
CRITICAL - 2023-12-09 16:28:53 --> Undefined array key "identities"
in APPPATH\Views\users\index.php on line 44.
 1 APPPATH\Views\users\index.php(44): CodeIgniter\Debug\Exceptions->errorHandler(2, 'Undefined array key "identities"', 'C:\\laragon\\www\\CI4-Library-Management-System\\app\\Views\\users\\index.php', 44)
 2 SYSTEMPATH\View\View.php(228): include('C:\\laragon\\www\\CI4-Library-Management-System\\app\\Views\\users\\index.php')
 3 SYSTEMPATH\View\View.php(231): CodeIgniter\View\View->CodeIgniter\View\{closure}()
 4 SYSTEMPATH\Common.php(1190): CodeIgniter\View\View->render('users/index', [], true)
 5 APPPATH\Controllers\Users\UsersController.php(38): view('users/index', [...])
 6 SYSTEMPATH\CodeIgniter.php(942): App\Controllers\Users\UsersController->index()
 7 SYSTEMPATH\CodeIgniter.php(502): CodeIgniter\CodeIgniter->runController(Object(App\Controllers\Users\UsersController))
 8 SYSTEMPATH\CodeIgniter.php(361): CodeIgniter\CodeIgniter->handleRequest(null, Object(Config\Cache), false)
 9 FCPATH\index.php(79): CodeIgniter\CodeIgniter->run()
10 SYSTEMPATH\Commands\Server\rewrite.php(47): require_once('C:\\laragon\\www\\CI4-Library-Management-System\\public\\index.php')
ERROR - 2023-12-09 17:36:16 --> mysqli_sql_exception: Duplicate entry 'Kelompok-2' for key 'username' in C:\laragon\www\CI4-Library-Management-System\vendor\codeigniter4\framework\system\Database\MySQLi\Connection.php:306
Stack trace:
#0 C:\laragon\www\CI4-Library-Management-System\vendor\codeigniter4\framework\system\Database\MySQLi\Connection.php(306): mysqli->query('INSERT INTO `us...', 0)
#1 C:\laragon\www\CI4-Library-Management-System\vendor\codeigniter4\framework\system\Database\BaseConnection.php(693): CodeIgniter\Database\MySQLi\Connection->execute('INSERT INTO `us...')
#2 C:\laragon\www\CI4-Library-Management-System\vendor\codeigniter4\framework\system\Database\BaseConnection.php(607): CodeIgniter\Database\BaseConnection->simpleQuery('INSERT INTO `us...')
#3 C:\laragon\www\CI4-Library-Management-System\vendor\codeigniter4\framework\system\Database\BaseBuilder.php(2308): CodeIgniter\Database\BaseConnection->query('INSERT INTO `us...', Array, false)
#4 C:\laragon\www\CI4-Library-Management-System\vendor\codeigniter4\framework\system\Model.php(319): CodeIgniter\Database\BaseBuilder->insert()
#5 C:\laragon\www\CI4-Library-Management-System\vendor\codeigniter4\framework\system\BaseModel.php(788): CodeIgniter\Model->doInsert(Array)
#6 C:\laragon\www\CI4-Library-Management-System\vendor\codeigniter4\framework\system\Model.php(715): CodeIgniter\BaseModel->insert(Array, false)
#7 C:\laragon\www\CI4-Library-Management-System\vendor\codeigniter4\shield\src\Models\UserModel.php(265): CodeIgniter\Model->insert(Object(CodeIgniter\Shield\Entities\User), false)
#8 C:\laragon\www\CI4-Library-Management-System\vendor\codeigniter4\framework\system\BaseModel.php(698): CodeIgniter\Shield\Models\UserModel->insert(Object(CodeIgniter\Shield\Entities\User), false)
#9 C:\laragon\www\CI4-Library-Management-System\vendor\codeigniter4\shield\src\Models\UserModel.php(327): CodeIgniter\BaseModel->save(Object(CodeIgniter\Shield\Entities\User))
#10 C:\laragon\www\CI4-Library-Management-System\app\Database\Seeds\SuperAdminSeeder.php(26): CodeIgniter\Shield\Models\UserModel->save(Object(CodeIgniter\Shield\Entities\User))
#11 C:\laragon\www\CI4-Library-Management-System\vendor\codeigniter4\framework\system\Database\Seeder.php(146): App\Database\Seeds\SuperAdminSeeder->run()
#12 C:\laragon\www\CI4-Library-Management-System\vendor\codeigniter4\framework\system\Commands\Database\Seed.php(77): CodeIgniter\Database\Seeder->call('App\\Database\\Se...')
#13 C:\laragon\www\CI4-Library-Management-System\vendor\codeigniter4\framework\system\CLI\Commands.php(65): CodeIgniter\Commands\Database\Seed->run(Array)
#14 C:\laragon\www\CI4-Library-Management-System\vendor\codeigniter4\framework\system\CLI\Console.php(46): CodeIgniter\CLI\Commands->run('db:seed', Array)
#15 C:\laragon\www\CI4-Library-Management-System\spark(102): CodeIgniter\CLI\Console->run()
#16 {main}
