ERROR - 2023-12-07 10:17:02 --> mysqli_sql_exception: Cannot add or update a child row: a foreign key constraint fails (`e-libraryxpert`.`fines`, CONSTRAINT `fines_loan_id_foreign` FOREIGN KEY (`loan_id`) REFERENCES `loans` (`id`) ON DELETE SET NULL ON UPDATE CASCADE) in C:\laragon\www\CI4-Library-Management-System\vendor\codeigniter4\framework\system\Database\MySQLi\Connection.php:306
Stack trace:
#0 C:\laragon\www\CI4-Library-Management-System\vendor\codeigniter4\framework\system\Database\MySQLi\Connection.php(306): mysqli->query('INSERT INTO `fi...', 0)
#1 C:\laragon\www\CI4-Library-Management-System\vendor\codeigniter4\framework\system\Database\BaseConnection.php(693): CodeIgniter\Database\MySQLi\Connection->execute('INSERT INTO `fi...')
#2 C:\laragon\www\CI4-Library-Management-System\vendor\codeigniter4\framework\system\Database\BaseConnection.php(607): CodeIgniter\Database\BaseConnection->simpleQuery('INSERT INTO `fi...')
#3 C:\laragon\www\CI4-Library-Management-System\vendor\codeigniter4\framework\system\Database\BaseBuilder.php(1800): CodeIgniter\Database\BaseConnection->query('INSERT INTO `fi...', NULL, false)
#4 C:\laragon\www\CI4-Library-Management-System\vendor\codeigniter4\framework\system\Database\BaseBuilder.php(2191): CodeIgniter\Database\BaseBuilder->batchExecute('_insertBatch', 100)
#5 C:\laragon\www\CI4-Library-Management-System\app\Database\Seeds\FineSeeder.php(31): CodeIgniter\Database\BaseBuilder->insertBatch(Array)
#6 C:\laragon\www\CI4-Library-Management-System\vendor\codeigniter4\framework\system\Database\Seeder.php(146): App\Database\Seeds\FineSeeder->run()
#7 C:\laragon\www\CI4-Library-Management-System\vendor\codeigniter4\framework\system\Commands\Database\Seed.php(77): CodeIgniter\Database\Seeder->call('App\\Database\\Se...')
#8 C:\laragon\www\CI4-Library-Management-System\vendor\codeigniter4\framework\system\CLI\Commands.php(65): CodeIgniter\Commands\Database\Seed->run(Array)
#9 C:\laragon\www\CI4-Library-Management-System\vendor\codeigniter4\framework\system\CLI\Console.php(46): CodeIgniter\CLI\Commands->run('db:seed', Array)
#10 C:\laragon\www\CI4-Library-Management-System\spark(102): CodeIgniter\CLI\Console->run()
#11 {main}
ERROR - 2023-12-07 10:28:45 --> mysqli_sql_exception: Duplicate entry '1' for key 'uid' in C:\laragon\www\CI4-Library-Management-System\vendor\codeigniter4\framework\system\Database\MySQLi\Connection.php:306
Stack trace:
#0 C:\laragon\www\CI4-Library-Management-System\vendor\codeigniter4\framework\system\Database\MySQLi\Connection.php(306): mysqli->query('INSERT INTO `me...', 0)
#1 C:\laragon\www\CI4-Library-Management-System\vendor\codeigniter4\framework\system\Database\BaseConnection.php(693): CodeIgniter\Database\MySQLi\Connection->execute('INSERT INTO `me...')
#2 C:\laragon\www\CI4-Library-Management-System\vendor\codeigniter4\framework\system\Database\BaseConnection.php(607): CodeIgniter\Database\BaseConnection->simpleQuery('INSERT INTO `me...')
#3 C:\laragon\www\CI4-Library-Management-System\vendor\codeigniter4\framework\system\Database\BaseBuilder.php(2308): CodeIgniter\Database\BaseConnection->query('INSERT INTO `me...', Array, false)
#4 C:\laragon\www\CI4-Library-Management-System\vendor\codeigniter4\framework\system\Model.php(319): CodeIgniter\Database\BaseBuilder->insert()
#5 C:\laragon\www\CI4-Library-Management-System\vendor\codeigniter4\framework\system\BaseModel.php(788): CodeIgniter\Model->doInsert(Array)
#6 C:\laragon\www\CI4-Library-Management-System\vendor\codeigniter4\framework\system\Model.php(715): CodeIgniter\BaseModel->insert(Array, true)
#7 C:\laragon\www\CI4-Library-Management-System\app\Database\Seeds\MemberSeeder.php(191): CodeIgniter\Model->insert(Array)
#8 C:\laragon\www\CI4-Library-Management-System\vendor\codeigniter4\framework\system\Database\Seeder.php(146): App\Database\Seeds\MemberSeeder->run()
#9 C:\laragon\www\CI4-Library-Management-System\app\Database\Seeds\Seeder.php(15): CodeIgniter\Database\Seeder->call('App\\Database\\Se...')
#10 C:\laragon\www\CI4-Library-Management-System\vendor\codeigniter4\framework\system\Database\Seeder.php(146): App\Database\Seeds\Seeder->run()
#11 C:\laragon\www\CI4-Library-Management-System\vendor\codeigniter4\framework\system\Commands\Database\Seed.php(77): CodeIgniter\Database\Seeder->call('App\\Database\\Se...')
#12 C:\laragon\www\CI4-Library-Management-System\vendor\codeigniter4\framework\system\CLI\Commands.php(65): CodeIgniter\Commands\Database\Seed->run(Array)
#13 C:\laragon\www\CI4-Library-Management-System\vendor\codeigniter4\framework\system\CLI\Console.php(46): CodeIgniter\CLI\Commands->run('db:seed', Array)
#14 C:\laragon\www\CI4-Library-Management-System\spark(102): CodeIgniter\CLI\Console->run()
#15 {main}
ERROR - 2023-12-07 10:30:48 --> mysqli_sql_exception: Duplicate entry '1' for key 'uid' in C:\laragon\www\CI4-Library-Management-System\vendor\codeigniter4\framework\system\Database\MySQLi\Connection.php:306
Stack trace:
#0 C:\laragon\www\CI4-Library-Management-System\vendor\codeigniter4\framework\system\Database\MySQLi\Connection.php(306): mysqli->query('INSERT INTO `me...', 0)
#1 C:\laragon\www\CI4-Library-Management-System\vendor\codeigniter4\framework\system\Database\BaseConnection.php(693): CodeIgniter\Database\MySQLi\Connection->execute('INSERT INTO `me...')
#2 C:\laragon\www\CI4-Library-Management-System\vendor\codeigniter4\framework\system\Database\BaseConnection.php(607): CodeIgniter\Database\BaseConnection->simpleQuery('INSERT INTO `me...')
#3 C:\laragon\www\CI4-Library-Management-System\vendor\codeigniter4\framework\system\Database\BaseBuilder.php(2308): CodeIgniter\Database\BaseConnection->query('INSERT INTO `me...', Array, false)
#4 C:\laragon\www\CI4-Library-Management-System\vendor\codeigniter4\framework\system\Model.php(319): CodeIgniter\Database\BaseBuilder->insert()
#5 C:\laragon\www\CI4-Library-Management-System\vendor\codeigniter4\framework\system\BaseModel.php(788): CodeIgniter\Model->doInsert(Array)
#6 C:\laragon\www\CI4-Library-Management-System\vendor\codeigniter4\framework\system\Model.php(715): CodeIgniter\BaseModel->insert(Array, true)
#7 C:\laragon\www\CI4-Library-Management-System\app\Database\Seeds\MemberSeeder.php(191): CodeIgniter\Model->insert(Array)
#8 C:\laragon\www\CI4-Library-Management-System\vendor\codeigniter4\framework\system\Database\Seeder.php(146): App\Database\Seeds\MemberSeeder->run()
#9 C:\laragon\www\CI4-Library-Management-System\app\Database\Seeds\Seeder.php(15): CodeIgniter\Database\Seeder->call('App\\Database\\Se...')
#10 C:\laragon\www\CI4-Library-Management-System\vendor\codeigniter4\framework\system\Database\Seeder.php(146): App\Database\Seeds\Seeder->run()
#11 C:\laragon\www\CI4-Library-Management-System\vendor\codeigniter4\framework\system\Commands\Database\Seed.php(77): CodeIgniter\Database\Seeder->call('App\\Database\\Se...')
#12 C:\laragon\www\CI4-Library-Management-System\vendor\codeigniter4\framework\system\CLI\Commands.php(65): CodeIgniter\Commands\Database\Seed->run(Array)
#13 C:\laragon\www\CI4-Library-Management-System\vendor\codeigniter4\framework\system\CLI\Console.php(46): CodeIgniter\CLI\Commands->run('db:seed', Array)
#14 C:\laragon\www\CI4-Library-Management-System\spark(102): CodeIgniter\CLI\Console->run()
#15 {main}
ERROR - 2023-12-07 10:31:42 --> mysqli_sql_exception: Duplicate entry '1' for key 'uid' in C:\laragon\www\CI4-Library-Management-System\vendor\codeigniter4\framework\system\Database\MySQLi\Connection.php:306
Stack trace:
#0 C:\laragon\www\CI4-Library-Management-System\vendor\codeigniter4\framework\system\Database\MySQLi\Connection.php(306): mysqli->query('INSERT INTO `me...', 0)
#1 C:\laragon\www\CI4-Library-Management-System\vendor\codeigniter4\framework\system\Database\BaseConnection.php(693): CodeIgniter\Database\MySQLi\Connection->execute('INSERT INTO `me...')
#2 C:\laragon\www\CI4-Library-Management-System\vendor\codeigniter4\framework\system\Database\BaseConnection.php(607): CodeIgniter\Database\BaseConnection->simpleQuery('INSERT INTO `me...')
#3 C:\laragon\www\CI4-Library-Management-System\vendor\codeigniter4\framework\system\Database\BaseBuilder.php(2308): CodeIgniter\Database\BaseConnection->query('INSERT INTO `me...', Array, false)
#4 C:\laragon\www\CI4-Library-Management-System\vendor\codeigniter4\framework\system\Model.php(319): CodeIgniter\Database\BaseBuilder->insert()
#5 C:\laragon\www\CI4-Library-Management-System\vendor\codeigniter4\framework\system\BaseModel.php(788): CodeIgniter\Model->doInsert(Array)
#6 C:\laragon\www\CI4-Library-Management-System\vendor\codeigniter4\framework\system\Model.php(715): CodeIgniter\BaseModel->insert(Array, true)
#7 C:\laragon\www\CI4-Library-Management-System\app\Database\Seeds\MemberSeeder.php(191): CodeIgniter\Model->insert(Array)
#8 C:\laragon\www\CI4-Library-Management-System\vendor\codeigniter4\framework\system\Database\Seeder.php(146): App\Database\Seeds\MemberSeeder->run()
#9 C:\laragon\www\CI4-Library-Management-System\app\Database\Seeds\Seeder.php(15): CodeIgniter\Database\Seeder->call('App\\Database\\Se...')
#10 C:\laragon\www\CI4-Library-Management-System\vendor\codeigniter4\framework\system\Database\Seeder.php(146): App\Database\Seeds\Seeder->run()
#11 C:\laragon\www\CI4-Library-Management-System\vendor\codeigniter4\framework\system\Commands\Database\Seed.php(77): CodeIgniter\Database\Seeder->call('App\\Database\\Se...')
#12 C:\laragon\www\CI4-Library-Management-System\vendor\codeigniter4\framework\system\CLI\Commands.php(65): CodeIgniter\Commands\Database\Seed->run(Array)
#13 C:\laragon\www\CI4-Library-Management-System\vendor\codeigniter4\framework\system\CLI\Console.php(46): CodeIgniter\CLI\Commands->run('db:seed', Array)
#14 C:\laragon\www\CI4-Library-Management-System\spark(102): CodeIgniter\CLI\Console->run()
#15 {main}
ERROR - 2023-12-07 10:34:06 --> mysqli_sql_exception: Duplicate entry '1' for key 'uid' in C:\laragon\www\CI4-Library-Management-System\vendor\codeigniter4\framework\system\Database\MySQLi\Connection.php:306
Stack trace:
#0 C:\laragon\www\CI4-Library-Management-System\vendor\codeigniter4\framework\system\Database\MySQLi\Connection.php(306): mysqli->query('INSERT INTO `me...', 0)
#1 C:\laragon\www\CI4-Library-Management-System\vendor\codeigniter4\framework\system\Database\BaseConnection.php(693): CodeIgniter\Database\MySQLi\Connection->execute('INSERT INTO `me...')
#2 C:\laragon\www\CI4-Library-Management-System\vendor\codeigniter4\framework\system\Database\BaseConnection.php(607): CodeIgniter\Database\BaseConnection->simpleQuery('INSERT INTO `me...')
#3 C:\laragon\www\CI4-Library-Management-System\vendor\codeigniter4\framework\system\Database\BaseBuilder.php(2308): CodeIgniter\Database\BaseConnection->query('INSERT INTO `me...', Array, false)
#4 C:\laragon\www\CI4-Library-Management-System\vendor\codeigniter4\framework\system\Model.php(319): CodeIgniter\Database\BaseBuilder->insert()
#5 C:\laragon\www\CI4-Library-Management-System\vendor\codeigniter4\framework\system\BaseModel.php(788): CodeIgniter\Model->doInsert(Array)
#6 C:\laragon\www\CI4-Library-Management-System\vendor\codeigniter4\framework\system\Model.php(715): CodeIgniter\BaseModel->insert(Array, true)
#7 C:\laragon\www\CI4-Library-Management-System\app\Database\Seeds\MemberSeeder.php(191): CodeIgniter\Model->insert(Array)
#8 C:\laragon\www\CI4-Library-Management-System\vendor\codeigniter4\framework\system\Database\Seeder.php(146): App\Database\Seeds\MemberSeeder->run()
#9 C:\laragon\www\CI4-Library-Management-System\app\Database\Seeds\Seeder.php(15): CodeIgniter\Database\Seeder->call('App\\Database\\Se...')
#10 C:\laragon\www\CI4-Library-Management-System\vendor\codeigniter4\framework\system\Database\Seeder.php(146): App\Database\Seeds\Seeder->run()
#11 C:\laragon\www\CI4-Library-Management-System\vendor\codeigniter4\framework\system\Commands\Database\Seed.php(77): CodeIgniter\Database\Seeder->call('App\\Database\\Se...')
#12 C:\laragon\www\CI4-Library-Management-System\vendor\codeigniter4\framework\system\CLI\Commands.php(65): CodeIgniter\Commands\Database\Seed->run(Array)
#13 C:\laragon\www\CI4-Library-Management-System\vendor\codeigniter4\framework\system\CLI\Console.php(46): CodeIgniter\CLI\Commands->run('db:seed', Array)
#14 C:\laragon\www\CI4-Library-Management-System\spark(102): CodeIgniter\CLI\Console->run()
#15 {main}
ERROR - 2023-12-07 10:36:00 --> mysqli_sql_exception: Duplicate entry '1' for key 'uid' in C:\laragon\www\CI4-Library-Management-System\vendor\codeigniter4\framework\system\Database\MySQLi\Connection.php:306
Stack trace:
#0 C:\laragon\www\CI4-Library-Management-System\vendor\codeigniter4\framework\system\Database\MySQLi\Connection.php(306): mysqli->query('INSERT INTO `me...', 0)
#1 C:\laragon\www\CI4-Library-Management-System\vendor\codeigniter4\framework\system\Database\BaseConnection.php(693): CodeIgniter\Database\MySQLi\Connection->execute('INSERT INTO `me...')
#2 C:\laragon\www\CI4-Library-Management-System\vendor\codeigniter4\framework\system\Database\BaseConnection.php(607): CodeIgniter\Database\BaseConnection->simpleQuery('INSERT INTO `me...')
#3 C:\laragon\www\CI4-Library-Management-System\vendor\codeigniter4\framework\system\Database\BaseBuilder.php(2308): CodeIgniter\Database\BaseConnection->query('INSERT INTO `me...', Array, false)
#4 C:\laragon\www\CI4-Library-Management-System\vendor\codeigniter4\framework\system\Model.php(319): CodeIgniter\Database\BaseBuilder->insert()
#5 C:\laragon\www\CI4-Library-Management-System\vendor\codeigniter4\framework\system\BaseModel.php(788): CodeIgniter\Model->doInsert(Array)
#6 C:\laragon\www\CI4-Library-Management-System\vendor\codeigniter4\framework\system\Model.php(715): CodeIgniter\BaseModel->insert(Array, true)
#7 C:\laragon\www\CI4-Library-Management-System\app\Database\Seeds\MemberSeeder.php(191): CodeIgniter\Model->insert(Array)
#8 C:\laragon\www\CI4-Library-Management-System\vendor\codeigniter4\framework\system\Database\Seeder.php(146): App\Database\Seeds\MemberSeeder->run()
#9 C:\laragon\www\CI4-Library-Management-System\app\Database\Seeds\Seeder.php(15): CodeIgniter\Database\Seeder->call('App\\Database\\Se...')
#10 C:\laragon\www\CI4-Library-Management-System\vendor\codeigniter4\framework\system\Database\Seeder.php(146): App\Database\Seeds\Seeder->run()
#11 C:\laragon\www\CI4-Library-Management-System\vendor\codeigniter4\framework\system\Commands\Database\Seed.php(77): CodeIgniter\Database\Seeder->call('App\\Database\\Se...')
#12 C:\laragon\www\CI4-Library-Management-System\vendor\codeigniter4\framework\system\CLI\Commands.php(65): CodeIgniter\Commands\Database\Seed->run(Array)
#13 C:\laragon\www\CI4-Library-Management-System\vendor\codeigniter4\framework\system\CLI\Console.php(46): CodeIgniter\CLI\Commands->run('db:seed', Array)
#14 C:\laragon\www\CI4-Library-Management-System\spark(102): CodeIgniter\CLI\Console->run()
#15 {main}
ERROR - 2023-12-07 10:37:21 --> mysqli_sql_exception: Duplicate entry '1' for key 'uid' in C:\laragon\www\CI4-Library-Management-System\vendor\codeigniter4\framework\system\Database\MySQLi\Connection.php:306
Stack trace:
#0 C:\laragon\www\CI4-Library-Management-System\vendor\codeigniter4\framework\system\Database\MySQLi\Connection.php(306): mysqli->query('INSERT INTO `me...', 0)
#1 C:\laragon\www\CI4-Library-Management-System\vendor\codeigniter4\framework\system\Database\BaseConnection.php(693): CodeIgniter\Database\MySQLi\Connection->execute('INSERT INTO `me...')
#2 C:\laragon\www\CI4-Library-Management-System\vendor\codeigniter4\framework\system\Database\BaseConnection.php(607): CodeIgniter\Database\BaseConnection->simpleQuery('INSERT INTO `me...')
#3 C:\laragon\www\CI4-Library-Management-System\vendor\codeigniter4\framework\system\Database\BaseBuilder.php(2308): CodeIgniter\Database\BaseConnection->query('INSERT INTO `me...', Array, false)
#4 C:\laragon\www\CI4-Library-Management-System\vendor\codeigniter4\framework\system\Model.php(319): CodeIgniter\Database\BaseBuilder->insert()
#5 C:\laragon\www\CI4-Library-Management-System\vendor\codeigniter4\framework\system\BaseModel.php(788): CodeIgniter\Model->doInsert(Array)
#6 C:\laragon\www\CI4-Library-Management-System\vendor\codeigniter4\framework\system\Model.php(715): CodeIgniter\BaseModel->insert(Array, true)
#7 C:\laragon\www\CI4-Library-Management-System\app\Database\Seeds\MemberSeeder.php(191): CodeIgniter\Model->insert(Array)
#8 C:\laragon\www\CI4-Library-Management-System\vendor\codeigniter4\framework\system\Database\Seeder.php(146): App\Database\Seeds\MemberSeeder->run()
#9 C:\laragon\www\CI4-Library-Management-System\app\Database\Seeds\Seeder.php(15): CodeIgniter\Database\Seeder->call('App\\Database\\Se...')
#10 C:\laragon\www\CI4-Library-Management-System\vendor\codeigniter4\framework\system\Database\Seeder.php(146): App\Database\Seeds\Seeder->run()
#11 C:\laragon\www\CI4-Library-Management-System\vendor\codeigniter4\framework\system\Commands\Database\Seed.php(77): CodeIgniter\Database\Seeder->call('App\\Database\\Se...')
#12 C:\laragon\www\CI4-Library-Management-System\vendor\codeigniter4\framework\system\CLI\Commands.php(65): CodeIgniter\Commands\Database\Seed->run(Array)
#13 C:\laragon\www\CI4-Library-Management-System\vendor\codeigniter4\framework\system\CLI\Console.php(46): CodeIgniter\CLI\Commands->run('db:seed', Array)
#14 C:\laragon\www\CI4-Library-Management-System\spark(102): CodeIgniter\CLI\Console->run()
#15 {main}
ERROR - 2023-12-07 10:38:19 --> mysqli_sql_exception: Duplicate entry '1' for key 'uid' in C:\laragon\www\CI4-Library-Management-System\vendor\codeigniter4\framework\system\Database\MySQLi\Connection.php:306
Stack trace:
#0 C:\laragon\www\CI4-Library-Management-System\vendor\codeigniter4\framework\system\Database\MySQLi\Connection.php(306): mysqli->query('INSERT INTO `me...', 0)
#1 C:\laragon\www\CI4-Library-Management-System\vendor\codeigniter4\framework\system\Database\BaseConnection.php(693): CodeIgniter\Database\MySQLi\Connection->execute('INSERT INTO `me...')
#2 C:\laragon\www\CI4-Library-Management-System\vendor\codeigniter4\framework\system\Database\BaseConnection.php(607): CodeIgniter\Database\BaseConnection->simpleQuery('INSERT INTO `me...')
#3 C:\laragon\www\CI4-Library-Management-System\vendor\codeigniter4\framework\system\Database\BaseBuilder.php(2308): CodeIgniter\Database\BaseConnection->query('INSERT INTO `me...', Array, false)
#4 C:\laragon\www\CI4-Library-Management-System\vendor\codeigniter4\framework\system\Model.php(319): CodeIgniter\Database\BaseBuilder->insert()
#5 C:\laragon\www\CI4-Library-Management-System\vendor\codeigniter4\framework\system\BaseModel.php(788): CodeIgniter\Model->doInsert(Array)
#6 C:\laragon\www\CI4-Library-Management-System\vendor\codeigniter4\framework\system\Model.php(715): CodeIgniter\BaseModel->insert(Array, true)
#7 C:\laragon\www\CI4-Library-Management-System\app\Database\Seeds\MemberSeeder.php(191): CodeIgniter\Model->insert(Array)
#8 C:\laragon\www\CI4-Library-Management-System\vendor\codeigniter4\framework\system\Database\Seeder.php(146): App\Database\Seeds\MemberSeeder->run()
#9 C:\laragon\www\CI4-Library-Management-System\app\Database\Seeds\Seeder.php(15): CodeIgniter\Database\Seeder->call('App\\Database\\Se...')
#10 C:\laragon\www\CI4-Library-Management-System\vendor\codeigniter4\framework\system\Database\Seeder.php(146): App\Database\Seeds\Seeder->run()
#11 C:\laragon\www\CI4-Library-Management-System\vendor\codeigniter4\framework\system\Commands\Database\Seed.php(77): CodeIgniter\Database\Seeder->call('App\\Database\\Se...')
#12 C:\laragon\www\CI4-Library-Management-System\vendor\codeigniter4\framework\system\CLI\Commands.php(65): CodeIgniter\Commands\Database\Seed->run(Array)
#13 C:\laragon\www\CI4-Library-Management-System\vendor\codeigniter4\framework\system\CLI\Console.php(46): CodeIgniter\CLI\Commands->run('db:seed', Array)
#14 C:\laragon\www\CI4-Library-Management-System\spark(102): CodeIgniter\CLI\Console->run()
#15 {main}
ERROR - 2023-12-07 10:39:49 --> mysqli_sql_exception: Duplicate entry '1' for key 'uid' in C:\laragon\www\CI4-Library-Management-System\vendor\codeigniter4\framework\system\Database\MySQLi\Connection.php:306
Stack trace:
#0 C:\laragon\www\CI4-Library-Management-System\vendor\codeigniter4\framework\system\Database\MySQLi\Connection.php(306): mysqli->query('INSERT INTO `me...', 0)
#1 C:\laragon\www\CI4-Library-Management-System\vendor\codeigniter4\framework\system\Database\BaseConnection.php(693): CodeIgniter\Database\MySQLi\Connection->execute('INSERT INTO `me...')
#2 C:\laragon\www\CI4-Library-Management-System\vendor\codeigniter4\framework\system\Database\BaseConnection.php(607): CodeIgniter\Database\BaseConnection->simpleQuery('INSERT INTO `me...')
#3 C:\laragon\www\CI4-Library-Management-System\vendor\codeigniter4\framework\system\Database\BaseBuilder.php(2308): CodeIgniter\Database\BaseConnection->query('INSERT INTO `me...', Array, false)
#4 C:\laragon\www\CI4-Library-Management-System\vendor\codeigniter4\framework\system\Model.php(319): CodeIgniter\Database\BaseBuilder->insert()
#5 C:\laragon\www\CI4-Library-Management-System\vendor\codeigniter4\framework\system\BaseModel.php(788): CodeIgniter\Model->doInsert(Array)
#6 C:\laragon\www\CI4-Library-Management-System\vendor\codeigniter4\framework\system\Model.php(715): CodeIgniter\BaseModel->insert(Array, true)
#7 C:\laragon\www\CI4-Library-Management-System\app\Database\Seeds\MemberSeeder.php(191): CodeIgniter\Model->insert(Array)
#8 C:\laragon\www\CI4-Library-Management-System\vendor\codeigniter4\framework\system\Database\Seeder.php(146): App\Database\Seeds\MemberSeeder->run()
#9 C:\laragon\www\CI4-Library-Management-System\app\Database\Seeds\Seeder.php(15): CodeIgniter\Database\Seeder->call('App\\Database\\Se...')
#10 C:\laragon\www\CI4-Library-Management-System\vendor\codeigniter4\framework\system\Database\Seeder.php(146): App\Database\Seeds\Seeder->run()
#11 C:\laragon\www\CI4-Library-Management-System\vendor\codeigniter4\framework\system\Commands\Database\Seed.php(77): CodeIgniter\Database\Seeder->call('App\\Database\\Se...')
#12 C:\laragon\www\CI4-Library-Management-System\vendor\codeigniter4\framework\system\CLI\Commands.php(65): CodeIgniter\Commands\Database\Seed->run(Array)
#13 C:\laragon\www\CI4-Library-Management-System\vendor\codeigniter4\framework\system\CLI\Console.php(46): CodeIgniter\CLI\Commands->run('db:seed', Array)
#14 C:\laragon\www\CI4-Library-Management-System\spark(102): CodeIgniter\CLI\Console->run()
#15 {main}
ERROR - 2023-12-07 10:40:24 --> mysqli_sql_exception: Duplicate entry '1' for key 'uid' in C:\laragon\www\CI4-Library-Management-System\vendor\codeigniter4\framework\system\Database\MySQLi\Connection.php:306
Stack trace:
#0 C:\laragon\www\CI4-Library-Management-System\vendor\codeigniter4\framework\system\Database\MySQLi\Connection.php(306): mysqli->query('INSERT INTO `me...', 0)
#1 C:\laragon\www\CI4-Library-Management-System\vendor\codeigniter4\framework\system\Database\BaseConnection.php(693): CodeIgniter\Database\MySQLi\Connection->execute('INSERT INTO `me...')
#2 C:\laragon\www\CI4-Library-Management-System\vendor\codeigniter4\framework\system\Database\BaseConnection.php(607): CodeIgniter\Database\BaseConnection->simpleQuery('INSERT INTO `me...')
#3 C:\laragon\www\CI4-Library-Management-System\vendor\codeigniter4\framework\system\Database\BaseBuilder.php(2308): CodeIgniter\Database\BaseConnection->query('INSERT INTO `me...', Array, false)
#4 C:\laragon\www\CI4-Library-Management-System\vendor\codeigniter4\framework\system\Model.php(319): CodeIgniter\Database\BaseBuilder->insert()
#5 C:\laragon\www\CI4-Library-Management-System\vendor\codeigniter4\framework\system\BaseModel.php(788): CodeIgniter\Model->doInsert(Array)
#6 C:\laragon\www\CI4-Library-Management-System\vendor\codeigniter4\framework\system\Model.php(715): CodeIgniter\BaseModel->insert(Array, true)
#7 C:\laragon\www\CI4-Library-Management-System\app\Database\Seeds\MemberSeeder.php(191): CodeIgniter\Model->insert(Array)
#8 C:\laragon\www\CI4-Library-Management-System\vendor\codeigniter4\framework\system\Database\Seeder.php(146): App\Database\Seeds\MemberSeeder->run()
#9 C:\laragon\www\CI4-Library-Management-System\app\Database\Seeds\Seeder.php(15): CodeIgniter\Database\Seeder->call('App\\Database\\Se...')
#10 C:\laragon\www\CI4-Library-Management-System\vendor\codeigniter4\framework\system\Database\Seeder.php(146): App\Database\Seeds\Seeder->run()
#11 C:\laragon\www\CI4-Library-Management-System\vendor\codeigniter4\framework\system\Commands\Database\Seed.php(77): CodeIgniter\Database\Seeder->call('App\\Database\\Se...')
#12 C:\laragon\www\CI4-Library-Management-System\vendor\codeigniter4\framework\system\CLI\Commands.php(65): CodeIgniter\Commands\Database\Seed->run(Array)
#13 C:\laragon\www\CI4-Library-Management-System\vendor\codeigniter4\framework\system\CLI\Console.php(46): CodeIgniter\CLI\Commands->run('db:seed', Array)
#14 C:\laragon\www\CI4-Library-Management-System\spark(102): CodeIgniter\CLI\Console->run()
#15 {main}
ERROR - 2023-12-07 10:40:55 --> mysqli_sql_exception: Duplicate entry '1' for key 'uid' in C:\laragon\www\CI4-Library-Management-System\vendor\codeigniter4\framework\system\Database\MySQLi\Connection.php:306
Stack trace:
#0 C:\laragon\www\CI4-Library-Management-System\vendor\codeigniter4\framework\system\Database\MySQLi\Connection.php(306): mysqli->query('INSERT INTO `me...', 0)
#1 C:\laragon\www\CI4-Library-Management-System\vendor\codeigniter4\framework\system\Database\BaseConnection.php(693): CodeIgniter\Database\MySQLi\Connection->execute('INSERT INTO `me...')
#2 C:\laragon\www\CI4-Library-Management-System\vendor\codeigniter4\framework\system\Database\BaseConnection.php(607): CodeIgniter\Database\BaseConnection->simpleQuery('INSERT INTO `me...')
#3 C:\laragon\www\CI4-Library-Management-System\vendor\codeigniter4\framework\system\Database\BaseBuilder.php(2308): CodeIgniter\Database\BaseConnection->query('INSERT INTO `me...', Array, false)
#4 C:\laragon\www\CI4-Library-Management-System\vendor\codeigniter4\framework\system\Model.php(319): CodeIgniter\Database\BaseBuilder->insert()
#5 C:\laragon\www\CI4-Library-Management-System\vendor\codeigniter4\framework\system\BaseModel.php(788): CodeIgniter\Model->doInsert(Array)
#6 C:\laragon\www\CI4-Library-Management-System\vendor\codeigniter4\framework\system\Model.php(715): CodeIgniter\BaseModel->insert(Array, true)
#7 C:\laragon\www\CI4-Library-Management-System\app\Database\Seeds\MemberSeeder.php(191): CodeIgniter\Model->insert(Array)
#8 C:\laragon\www\CI4-Library-Management-System\vendor\codeigniter4\framework\system\Database\Seeder.php(146): App\Database\Seeds\MemberSeeder->run()
#9 C:\laragon\www\CI4-Library-Management-System\app\Database\Seeds\Seeder.php(15): CodeIgniter\Database\Seeder->call('App\\Database\\Se...')
#10 C:\laragon\www\CI4-Library-Management-System\vendor\codeigniter4\framework\system\Database\Seeder.php(146): App\Database\Seeds\Seeder->run()
#11 C:\laragon\www\CI4-Library-Management-System\vendor\codeigniter4\framework\system\Commands\Database\Seed.php(77): CodeIgniter\Database\Seeder->call('App\\Database\\Se...')
#12 C:\laragon\www\CI4-Library-Management-System\vendor\codeigniter4\framework\system\CLI\Commands.php(65): CodeIgniter\Commands\Database\Seed->run(Array)
#13 C:\laragon\www\CI4-Library-Management-System\vendor\codeigniter4\framework\system\CLI\Console.php(46): CodeIgniter\CLI\Commands->run('db:seed', Array)
#14 C:\laragon\www\CI4-Library-Management-System\spark(102): CodeIgniter\CLI\Console->run()
#15 {main}
ERROR - 2023-12-07 10:42:40 --> mysqli_sql_exception: Duplicate entry '1' for key 'uid' in C:\laragon\www\CI4-Library-Management-System\vendor\codeigniter4\framework\system\Database\MySQLi\Connection.php:306
Stack trace:
#0 C:\laragon\www\CI4-Library-Management-System\vendor\codeigniter4\framework\system\Database\MySQLi\Connection.php(306): mysqli->query('INSERT INTO `me...', 0)
#1 C:\laragon\www\CI4-Library-Management-System\vendor\codeigniter4\framework\system\Database\BaseConnection.php(693): CodeIgniter\Database\MySQLi\Connection->execute('INSERT INTO `me...')
#2 C:\laragon\www\CI4-Library-Management-System\vendor\codeigniter4\framework\system\Database\BaseConnection.php(607): CodeIgniter\Database\BaseConnection->simpleQuery('INSERT INTO `me...')
#3 C:\laragon\www\CI4-Library-Management-System\vendor\codeigniter4\framework\system\Database\BaseBuilder.php(2308): CodeIgniter\Database\BaseConnection->query('INSERT INTO `me...', Array, false)
#4 C:\laragon\www\CI4-Library-Management-System\vendor\codeigniter4\framework\system\Model.php(319): CodeIgniter\Database\BaseBuilder->insert()
#5 C:\laragon\www\CI4-Library-Management-System\vendor\codeigniter4\framework\system\BaseModel.php(788): CodeIgniter\Model->doInsert(Array)
#6 C:\laragon\www\CI4-Library-Management-System\vendor\codeigniter4\framework\system\Model.php(715): CodeIgniter\BaseModel->insert(Array, true)
#7 C:\laragon\www\CI4-Library-Management-System\app\Database\Seeds\MemberSeeder.php(191): CodeIgniter\Model->insert(Array)
#8 C:\laragon\www\CI4-Library-Management-System\vendor\codeigniter4\framework\system\Database\Seeder.php(146): App\Database\Seeds\MemberSeeder->run()
#9 C:\laragon\www\CI4-Library-Management-System\app\Database\Seeds\Seeder.php(15): CodeIgniter\Database\Seeder->call('App\\Database\\Se...')
#10 C:\laragon\www\CI4-Library-Management-System\vendor\codeigniter4\framework\system\Database\Seeder.php(146): App\Database\Seeds\Seeder->run()
#11 C:\laragon\www\CI4-Library-Management-System\vendor\codeigniter4\framework\system\Commands\Database\Seed.php(77): CodeIgniter\Database\Seeder->call('App\\Database\\Se...')
#12 C:\laragon\www\CI4-Library-Management-System\vendor\codeigniter4\framework\system\CLI\Commands.php(65): CodeIgniter\Commands\Database\Seed->run(Array)
#13 C:\laragon\www\CI4-Library-Management-System\vendor\codeigniter4\framework\system\CLI\Console.php(46): CodeIgniter\CLI\Commands->run('db:seed', Array)
#14 C:\laragon\www\CI4-Library-Management-System\spark(102): CodeIgniter\CLI\Console->run()
#15 {main}
ERROR - 2023-12-07 10:44:37 --> mysqli_sql_exception: Duplicate entry '1' for key 'uid' in C:\laragon\www\CI4-Library-Management-System\vendor\codeigniter4\framework\system\Database\MySQLi\Connection.php:306
Stack trace:
#0 C:\laragon\www\CI4-Library-Management-System\vendor\codeigniter4\framework\system\Database\MySQLi\Connection.php(306): mysqli->query('INSERT INTO `me...', 0)
#1 C:\laragon\www\CI4-Library-Management-System\vendor\codeigniter4\framework\system\Database\BaseConnection.php(693): CodeIgniter\Database\MySQLi\Connection->execute('INSERT INTO `me...')
#2 C:\laragon\www\CI4-Library-Management-System\vendor\codeigniter4\framework\system\Database\BaseConnection.php(607): CodeIgniter\Database\BaseConnection->simpleQuery('INSERT INTO `me...')
#3 C:\laragon\www\CI4-Library-Management-System\vendor\codeigniter4\framework\system\Database\BaseBuilder.php(2308): CodeIgniter\Database\BaseConnection->query('INSERT INTO `me...', Array, false)
#4 C:\laragon\www\CI4-Library-Management-System\vendor\codeigniter4\framework\system\Model.php(319): CodeIgniter\Database\BaseBuilder->insert()
#5 C:\laragon\www\CI4-Library-Management-System\vendor\codeigniter4\framework\system\BaseModel.php(788): CodeIgniter\Model->doInsert(Array)
#6 C:\laragon\www\CI4-Library-Management-System\vendor\codeigniter4\framework\system\Model.php(715): CodeIgniter\BaseModel->insert(Array, true)
#7 C:\laragon\www\CI4-Library-Management-System\app\Database\Seeds\MemberSeeder.php(191): CodeIgniter\Model->insert(Array)
#8 C:\laragon\www\CI4-Library-Management-System\vendor\codeigniter4\framework\system\Database\Seeder.php(146): App\Database\Seeds\MemberSeeder->run()
#9 C:\laragon\www\CI4-Library-Management-System\app\Database\Seeds\Seeder.php(15): CodeIgniter\Database\Seeder->call('App\\Database\\Se...')
#10 C:\laragon\www\CI4-Library-Management-System\vendor\codeigniter4\framework\system\Database\Seeder.php(146): App\Database\Seeds\Seeder->run()
#11 C:\laragon\www\CI4-Library-Management-System\vendor\codeigniter4\framework\system\Commands\Database\Seed.php(77): CodeIgniter\Database\Seeder->call('App\\Database\\Se...')
#12 C:\laragon\www\CI4-Library-Management-System\vendor\codeigniter4\framework\system\CLI\Commands.php(65): CodeIgniter\Commands\Database\Seed->run(Array)
#13 C:\laragon\www\CI4-Library-Management-System\vendor\codeigniter4\framework\system\CLI\Console.php(46): CodeIgniter\CLI\Commands->run('db:seed', Array)
#14 C:\laragon\www\CI4-Library-Management-System\spark(102): CodeIgniter\CLI\Console->run()
#15 {main}
ERROR - 2023-12-07 11:02:46 --> mysqli_sql_exception: Duplicate entry 'Kelompok-2' for key 'username' in C:\laragon\www\CI4-Library-Management-System\vendor\codeigniter4\framework\system\Database\MySQLi\Connection.php:306
Stack trace:
#0 C:\laragon\www\CI4-Library-Management-System\vendor\codeigniter4\framework\system\Database\MySQLi\Connection.php(306): mysqli->query('INSERT INTO `us...', 0)
#1 C:\laragon\www\CI4-Library-Management-System\vendor\codeigniter4\framework\system\Database\BaseConnection.php(693): CodeIgniter\Database\MySQLi\Connection->execute('INSERT INTO `us...')
#2 C:\laragon\www\CI4-Library-Management-System\vendor\codeigniter4\framework\system\Database\BaseConnection.php(607): CodeIgniter\Database\BaseConnection->simpleQuery('INSERT INTO `us...')
#3 C:\laragon\www\CI4-Library-Management-System\vendor\codeigniter4\framework\system\Database\BaseBuilder.php(2308): CodeIgniter\Database\BaseConnection->query('INSERT INTO `us...', Array, false)
#4 C:\laragon\www\CI4-Library-Management-System\vendor\codeigniter4\framework\system\Model.php(319): CodeIgniter\Database\BaseBuilder->insert()
#5 C:\laragon\www\CI4-Library-Management-System\vendor\codeigniter4\framework\system\BaseModel.php(788): CodeIgniter\Model->doInsert(Array)
#6 C:\laragon\www\CI4-Library-Management-System\vendor\codeigniter4\framework\system\Model.php(715): CodeIgniter\BaseModel->insert(Array, false)
#7 C:\laragon\www\CI4-Library-Management-System\vendor\codeigniter4\shield\src\Models\UserModel.php(265): CodeIgniter\Model->insert(Object(CodeIgniter\Shield\Entities\User), false)
#8 C:\laragon\www\CI4-Library-Management-System\vendor\codeigniter4\framework\system\BaseModel.php(698): CodeIgniter\Shield\Models\UserModel->insert(Object(CodeIgniter\Shield\Entities\User), false)
#9 C:\laragon\www\CI4-Library-Management-System\vendor\codeigniter4\shield\src\Models\UserModel.php(327): CodeIgniter\BaseModel->save(Object(CodeIgniter\Shield\Entities\User))
#10 C:\laragon\www\CI4-Library-Management-System\app\Database\Seeds\SuperAdminSeeder.php(26): CodeIgniter\Shield\Models\UserModel->save(Object(CodeIgniter\Shield\Entities\User))
#11 C:\laragon\www\CI4-Library-Management-System\vendor\codeigniter4\framework\system\Database\Seeder.php(146): App\Database\Seeds\SuperAdminSeeder->run()
#12 C:\laragon\www\CI4-Library-Management-System\vendor\codeigniter4\framework\system\Commands\Database\Seed.php(77): CodeIgniter\Database\Seeder->call('App\\Database\\Se...')
#13 C:\laragon\www\CI4-Library-Management-System\vendor\codeigniter4\framework\system\CLI\Commands.php(65): CodeIgniter\Commands\Database\Seed->run(Array)
#14 C:\laragon\www\CI4-Library-Management-System\vendor\codeigniter4\framework\system\CLI\Console.php(46): CodeIgniter\CLI\Commands->run('db:seed', Array)
#15 C:\laragon\www\CI4-Library-Management-System\spark(102): CodeIgniter\CLI\Console->run()
#16 {main}
ERROR - 2023-12-07 11:03:03 --> mysqli_sql_exception: Duplicate entry '1' for key 'uid' in C:\laragon\www\CI4-Library-Management-System\vendor\codeigniter4\framework\system\Database\MySQLi\Connection.php:306
Stack trace:
#0 C:\laragon\www\CI4-Library-Management-System\vendor\codeigniter4\framework\system\Database\MySQLi\Connection.php(306): mysqli->query('INSERT INTO `me...', 0)
#1 C:\laragon\www\CI4-Library-Management-System\vendor\codeigniter4\framework\system\Database\BaseConnection.php(693): CodeIgniter\Database\MySQLi\Connection->execute('INSERT INTO `me...')
#2 C:\laragon\www\CI4-Library-Management-System\vendor\codeigniter4\framework\system\Database\BaseConnection.php(607): CodeIgniter\Database\BaseConnection->simpleQuery('INSERT INTO `me...')
#3 C:\laragon\www\CI4-Library-Management-System\vendor\codeigniter4\framework\system\Database\BaseBuilder.php(2308): CodeIgniter\Database\BaseConnection->query('INSERT INTO `me...', Array, false)
#4 C:\laragon\www\CI4-Library-Management-System\vendor\codeigniter4\framework\system\Model.php(319): CodeIgniter\Database\BaseBuilder->insert()
#5 C:\laragon\www\CI4-Library-Management-System\vendor\codeigniter4\framework\system\BaseModel.php(788): CodeIgniter\Model->doInsert(Array)
#6 C:\laragon\www\CI4-Library-Management-System\vendor\codeigniter4\framework\system\Model.php(715): CodeIgniter\BaseModel->insert(Array, true)
#7 C:\laragon\www\CI4-Library-Management-System\app\Database\Seeds\MemberSeeder.php(191): CodeIgniter\Model->insert(Array)
#8 C:\laragon\www\CI4-Library-Management-System\vendor\codeigniter4\framework\system\Database\Seeder.php(146): App\Database\Seeds\MemberSeeder->run()
#9 C:\laragon\www\CI4-Library-Management-System\app\Database\Seeds\Seeder.php(15): CodeIgniter\Database\Seeder->call('App\\Database\\Se...')
#10 C:\laragon\www\CI4-Library-Management-System\vendor\codeigniter4\framework\system\Database\Seeder.php(146): App\Database\Seeds\Seeder->run()
#11 C:\laragon\www\CI4-Library-Management-System\vendor\codeigniter4\framework\system\Commands\Database\Seed.php(77): CodeIgniter\Database\Seeder->call('App\\Database\\Se...')
#12 C:\laragon\www\CI4-Library-Management-System\vendor\codeigniter4\framework\system\CLI\Commands.php(65): CodeIgniter\Commands\Database\Seed->run(Array)
#13 C:\laragon\www\CI4-Library-Management-System\vendor\codeigniter4\framework\system\CLI\Console.php(46): CodeIgniter\CLI\Commands->run('db:seed', Array)
#14 C:\laragon\www\CI4-Library-Management-System\spark(102): CodeIgniter\CLI\Console->run()
#15 {main}
ERROR - 2023-12-07 12:15:04 --> mysqli_sql_exception: Cannot add or update a child row: a foreign key constraint fails (`e-libraryxpert`.`books`, CONSTRAINT `books_rack_id_foreign` FOREIGN KEY (`rack_id`) REFERENCES `racks` (`id`) ON DELETE NO ACTION ON UPDATE CASCADE) in C:\laragon\www\CI4-Library-Management-System\vendor\codeigniter4\framework\system\Database\MySQLi\Connection.php:306
Stack trace:
#0 C:\laragon\www\CI4-Library-Management-System\vendor\codeigniter4\framework\system\Database\MySQLi\Connection.php(306): mysqli->query('INSERT INTO `bo...', 0)
#1 C:\laragon\www\CI4-Library-Management-System\vendor\codeigniter4\framework\system\Database\BaseConnection.php(693): CodeIgniter\Database\MySQLi\Connection->execute('INSERT INTO `bo...')
#2 C:\laragon\www\CI4-Library-Management-System\vendor\codeigniter4\framework\system\Database\BaseConnection.php(607): CodeIgniter\Database\BaseConnection->simpleQuery('INSERT INTO `bo...')
#3 C:\laragon\www\CI4-Library-Management-System\vendor\codeigniter4\framework\system\Database\BaseBuilder.php(2308): CodeIgniter\Database\BaseConnection->query('INSERT INTO `bo...', Array, false)
#4 C:\laragon\www\CI4-Library-Management-System\app\Database\Seeds\BookSeeder.php(42): CodeIgniter\Database\BaseBuilder->insert(Array)
#5 C:\laragon\www\CI4-Library-Management-System\vendor\codeigniter4\framework\system\Database\Seeder.php(146): App\Database\Seeds\BookSeeder->run()
#6 C:\laragon\www\CI4-Library-Management-System\app\Database\Seeds\Seeder.php(12): CodeIgniter\Database\Seeder->call('App\\Database\\Se...')
#7 C:\laragon\www\CI4-Library-Management-System\vendor\codeigniter4\framework\system\Database\Seeder.php(146): App\Database\Seeds\Seeder->run()
#8 C:\laragon\www\CI4-Library-Management-System\vendor\codeigniter4\framework\system\Commands\Database\Seed.php(77): CodeIgniter\Database\Seeder->call('App\\Database\\Se...')
#9 C:\laragon\www\CI4-Library-Management-System\vendor\codeigniter4\framework\system\CLI\Commands.php(65): CodeIgniter\Commands\Database\Seed->run(Array)
#10 C:\laragon\www\CI4-Library-Management-System\vendor\codeigniter4\framework\system\CLI\Console.php(46): CodeIgniter\CLI\Commands->run('db:seed', Array)
#11 C:\laragon\www\CI4-Library-Management-System\spark(102): CodeIgniter\CLI\Console->run()
#12 {main}
ERROR - 2023-12-07 12:15:31 --> mysqli_sql_exception: Cannot add or update a child row: a foreign key constraint fails (`e-libraryxpert`.`books`, CONSTRAINT `books_rack_id_foreign` FOREIGN KEY (`rack_id`) REFERENCES `racks` (`id`) ON DELETE NO ACTION ON UPDATE CASCADE) in C:\laragon\www\CI4-Library-Management-System\vendor\codeigniter4\framework\system\Database\MySQLi\Connection.php:306
Stack trace:
#0 C:\laragon\www\CI4-Library-Management-System\vendor\codeigniter4\framework\system\Database\MySQLi\Connection.php(306): mysqli->query('INSERT INTO `bo...', 0)
#1 C:\laragon\www\CI4-Library-Management-System\vendor\codeigniter4\framework\system\Database\BaseConnection.php(693): CodeIgniter\Database\MySQLi\Connection->execute('INSERT INTO `bo...')
#2 C:\laragon\www\CI4-Library-Management-System\vendor\codeigniter4\framework\system\Database\BaseConnection.php(607): CodeIgniter\Database\BaseConnection->simpleQuery('INSERT INTO `bo...')
#3 C:\laragon\www\CI4-Library-Management-System\vendor\codeigniter4\framework\system\Database\BaseBuilder.php(2308): CodeIgniter\Database\BaseConnection->query('INSERT INTO `bo...', Array, false)
#4 C:\laragon\www\CI4-Library-Management-System\app\Database\Seeds\BookSeeder.php(33): CodeIgniter\Database\BaseBuilder->insert(Array)
#5 C:\laragon\www\CI4-Library-Management-System\vendor\codeigniter4\framework\system\Database\Seeder.php(146): App\Database\Seeds\BookSeeder->run()
#6 C:\laragon\www\CI4-Library-Management-System\app\Database\Seeds\Seeder.php(12): CodeIgniter\Database\Seeder->call('App\\Database\\Se...')
#7 C:\laragon\www\CI4-Library-Management-System\vendor\codeigniter4\framework\system\Database\Seeder.php(146): App\Database\Seeds\Seeder->run()
#8 C:\laragon\www\CI4-Library-Management-System\vendor\codeigniter4\framework\system\Commands\Database\Seed.php(77): CodeIgniter\Database\Seeder->call('App\\Database\\Se...')
#9 C:\laragon\www\CI4-Library-Management-System\vendor\codeigniter4\framework\system\CLI\Commands.php(65): CodeIgniter\Commands\Database\Seed->run(Array)
#10 C:\laragon\www\CI4-Library-Management-System\vendor\codeigniter4\framework\system\CLI\Console.php(46): CodeIgniter\CLI\Commands->run('db:seed', Array)
#11 C:\laragon\www\CI4-Library-Management-System\spark(102): CodeIgniter\CLI\Console->run()
#12 {main}
ERROR - 2023-12-07 12:16:05 --> mysqli_sql_exception: Cannot add or update a child row: a foreign key constraint fails (`e-libraryxpert`.`books`, CONSTRAINT `books_rack_id_foreign` FOREIGN KEY (`rack_id`) REFERENCES `racks` (`id`) ON DELETE NO ACTION ON UPDATE CASCADE) in C:\laragon\www\CI4-Library-Management-System\vendor\codeigniter4\framework\system\Database\MySQLi\Connection.php:306
Stack trace:
#0 C:\laragon\www\CI4-Library-Management-System\vendor\codeigniter4\framework\system\Database\MySQLi\Connection.php(306): mysqli->query('INSERT INTO `bo...', 0)
#1 C:\laragon\www\CI4-Library-Management-System\vendor\codeigniter4\framework\system\Database\BaseConnection.php(693): CodeIgniter\Database\MySQLi\Connection->execute('INSERT INTO `bo...')
#2 C:\laragon\www\CI4-Library-Management-System\vendor\codeigniter4\framework\system\Database\BaseConnection.php(607): CodeIgniter\Database\BaseConnection->simpleQuery('INSERT INTO `bo...')
#3 C:\laragon\www\CI4-Library-Management-System\vendor\codeigniter4\framework\system\Database\BaseBuilder.php(2308): CodeIgniter\Database\BaseConnection->query('INSERT INTO `bo...', Array, false)
#4 C:\laragon\www\CI4-Library-Management-System\app\Database\Seeds\BookSeeder.php(33): CodeIgniter\Database\BaseBuilder->insert(Array)
#5 C:\laragon\www\CI4-Library-Management-System\vendor\codeigniter4\framework\system\Database\Seeder.php(146): App\Database\Seeds\BookSeeder->run()
#6 C:\laragon\www\CI4-Library-Management-System\app\Database\Seeds\Seeder.php(12): CodeIgniter\Database\Seeder->call('App\\Database\\Se...')
#7 C:\laragon\www\CI4-Library-Management-System\vendor\codeigniter4\framework\system\Database\Seeder.php(146): App\Database\Seeds\Seeder->run()
#8 C:\laragon\www\CI4-Library-Management-System\vendor\codeigniter4\framework\system\Commands\Database\Seed.php(77): CodeIgniter\Database\Seeder->call('App\\Database\\Se...')
#9 C:\laragon\www\CI4-Library-Management-System\vendor\codeigniter4\framework\system\CLI\Commands.php(65): CodeIgniter\Commands\Database\Seed->run(Array)
#10 C:\laragon\www\CI4-Library-Management-System\vendor\codeigniter4\framework\system\CLI\Console.php(46): CodeIgniter\CLI\Commands->run('db:seed', Array)
#11 C:\laragon\www\CI4-Library-Management-System\spark(102): CodeIgniter\CLI\Console->run()
#12 {main}
ERROR - 2023-12-07 12:16:51 --> mysqli_sql_exception: Cannot add or update a child row: a foreign key constraint fails (`e-libraryxpert`.`books`, CONSTRAINT `books_rack_id_foreign` FOREIGN KEY (`rack_id`) REFERENCES `racks` (`id`) ON DELETE NO ACTION ON UPDATE CASCADE) in C:\laragon\www\CI4-Library-Management-System\vendor\codeigniter4\framework\system\Database\MySQLi\Connection.php:306
Stack trace:
#0 C:\laragon\www\CI4-Library-Management-System\vendor\codeigniter4\framework\system\Database\MySQLi\Connection.php(306): mysqli->query('INSERT INTO `bo...', 0)
#1 C:\laragon\www\CI4-Library-Management-System\vendor\codeigniter4\framework\system\Database\BaseConnection.php(693): CodeIgniter\Database\MySQLi\Connection->execute('INSERT INTO `bo...')
#2 C:\laragon\www\CI4-Library-Management-System\vendor\codeigniter4\framework\system\Database\BaseConnection.php(607): CodeIgniter\Database\BaseConnection->simpleQuery('INSERT INTO `bo...')
#3 C:\laragon\www\CI4-Library-Management-System\vendor\codeigniter4\framework\system\Database\BaseBuilder.php(2308): CodeIgniter\Database\BaseConnection->query('INSERT INTO `bo...', Array, false)
#4 C:\laragon\www\CI4-Library-Management-System\app\Database\Seeds\BookSeeder.php(33): CodeIgniter\Database\BaseBuilder->insert(Array)
#5 C:\laragon\www\CI4-Library-Management-System\vendor\codeigniter4\framework\system\Database\Seeder.php(146): App\Database\Seeds\BookSeeder->run()
#6 C:\laragon\www\CI4-Library-Management-System\app\Database\Seeds\Seeder.php(12): CodeIgniter\Database\Seeder->call('App\\Database\\Se...')
#7 C:\laragon\www\CI4-Library-Management-System\vendor\codeigniter4\framework\system\Database\Seeder.php(146): App\Database\Seeds\Seeder->run()
#8 C:\laragon\www\CI4-Library-Management-System\vendor\codeigniter4\framework\system\Commands\Database\Seed.php(77): CodeIgniter\Database\Seeder->call('App\\Database\\Se...')
#9 C:\laragon\www\CI4-Library-Management-System\vendor\codeigniter4\framework\system\CLI\Commands.php(65): CodeIgniter\Commands\Database\Seed->run(Array)
#10 C:\laragon\www\CI4-Library-Management-System\vendor\codeigniter4\framework\system\CLI\Console.php(46): CodeIgniter\CLI\Commands->run('db:seed', Array)
#11 C:\laragon\www\CI4-Library-Management-System\spark(102): CodeIgniter\CLI\Console->run()
#12 {main}
ERROR - 2023-12-07 12:17:24 --> mysqli_sql_exception: Cannot add or update a child row: a foreign key constraint fails (`e-libraryxpert`.`books`, CONSTRAINT `books_rack_id_foreign` FOREIGN KEY (`rack_id`) REFERENCES `racks` (`id`) ON DELETE NO ACTION ON UPDATE CASCADE) in C:\laragon\www\CI4-Library-Management-System\vendor\codeigniter4\framework\system\Database\MySQLi\Connection.php:306
Stack trace:
#0 C:\laragon\www\CI4-Library-Management-System\vendor\codeigniter4\framework\system\Database\MySQLi\Connection.php(306): mysqli->query('INSERT INTO `bo...', 0)
#1 C:\laragon\www\CI4-Library-Management-System\vendor\codeigniter4\framework\system\Database\BaseConnection.php(693): CodeIgniter\Database\MySQLi\Connection->execute('INSERT INTO `bo...')
#2 C:\laragon\www\CI4-Library-Management-System\vendor\codeigniter4\framework\system\Database\BaseConnection.php(607): CodeIgniter\Database\BaseConnection->simpleQuery('INSERT INTO `bo...')
#3 C:\laragon\www\CI4-Library-Management-System\vendor\codeigniter4\framework\system\Database\BaseBuilder.php(2308): CodeIgniter\Database\BaseConnection->query('INSERT INTO `bo...', Array, false)
#4 C:\laragon\www\CI4-Library-Management-System\app\Database\Seeds\BookSeeder.php(33): CodeIgniter\Database\BaseBuilder->insert(Array)
#5 C:\laragon\www\CI4-Library-Management-System\vendor\codeigniter4\framework\system\Database\Seeder.php(146): App\Database\Seeds\BookSeeder->run()
#6 C:\laragon\www\CI4-Library-Management-System\app\Database\Seeds\Seeder.php(12): CodeIgniter\Database\Seeder->call('App\\Database\\Se...')
#7 C:\laragon\www\CI4-Library-Management-System\vendor\codeigniter4\framework\system\Database\Seeder.php(146): App\Database\Seeds\Seeder->run()
#8 C:\laragon\www\CI4-Library-Management-System\vendor\codeigniter4\framework\system\Commands\Database\Seed.php(77): CodeIgniter\Database\Seeder->call('App\\Database\\Se...')
#9 C:\laragon\www\CI4-Library-Management-System\vendor\codeigniter4\framework\system\CLI\Commands.php(65): CodeIgniter\Commands\Database\Seed->run(Array)
#10 C:\laragon\www\CI4-Library-Management-System\vendor\codeigniter4\framework\system\CLI\Console.php(46): CodeIgniter\CLI\Commands->run('db:seed', Array)
#11 C:\laragon\www\CI4-Library-Management-System\spark(102): CodeIgniter\CLI\Console->run()
#12 {main}
ERROR - 2023-12-07 12:18:17 --> mysqli_sql_exception: Cannot add or update a child row: a foreign key constraint fails (`e-libraryxpert`.`books`, CONSTRAINT `books_rack_id_foreign` FOREIGN KEY (`rack_id`) REFERENCES `racks` (`id`) ON DELETE NO ACTION ON UPDATE CASCADE) in C:\laragon\www\CI4-Library-Management-System\vendor\codeigniter4\framework\system\Database\MySQLi\Connection.php:306
Stack trace:
#0 C:\laragon\www\CI4-Library-Management-System\vendor\codeigniter4\framework\system\Database\MySQLi\Connection.php(306): mysqli->query('INSERT INTO `bo...', 0)
#1 C:\laragon\www\CI4-Library-Management-System\vendor\codeigniter4\framework\system\Database\BaseConnection.php(693): CodeIgniter\Database\MySQLi\Connection->execute('INSERT INTO `bo...')
#2 C:\laragon\www\CI4-Library-Management-System\vendor\codeigniter4\framework\system\Database\BaseConnection.php(607): CodeIgniter\Database\BaseConnection->simpleQuery('INSERT INTO `bo...')
#3 C:\laragon\www\CI4-Library-Management-System\vendor\codeigniter4\framework\system\Database\BaseBuilder.php(2308): CodeIgniter\Database\BaseConnection->query('INSERT INTO `bo...', Array, false)
#4 C:\laragon\www\CI4-Library-Management-System\app\Database\Seeds\BookSeeder.php(31): CodeIgniter\Database\BaseBuilder->insert(Array)
#5 C:\laragon\www\CI4-Library-Management-System\vendor\codeigniter4\framework\system\Database\Seeder.php(146): App\Database\Seeds\BookSeeder->run()
#6 C:\laragon\www\CI4-Library-Management-System\app\Database\Seeds\Seeder.php(12): CodeIgniter\Database\Seeder->call('App\\Database\\Se...')
#7 C:\laragon\www\CI4-Library-Management-System\vendor\codeigniter4\framework\system\Database\Seeder.php(146): App\Database\Seeds\Seeder->run()
#8 C:\laragon\www\CI4-Library-Management-System\vendor\codeigniter4\framework\system\Commands\Database\Seed.php(77): CodeIgniter\Database\Seeder->call('App\\Database\\Se...')
#9 C:\laragon\www\CI4-Library-Management-System\vendor\codeigniter4\framework\system\CLI\Commands.php(65): CodeIgniter\Commands\Database\Seed->run(Array)
#10 C:\laragon\www\CI4-Library-Management-System\vendor\codeigniter4\framework\system\CLI\Console.php(46): CodeIgniter\CLI\Commands->run('db:seed', Array)
#11 C:\laragon\www\CI4-Library-Management-System\spark(102): CodeIgniter\CLI\Console->run()
#12 {main}
ERROR - 2023-12-07 12:19:31 --> mysqli_sql_exception: Cannot add or update a child row: a foreign key constraint fails (`e-libraryxpert`.`loans`, CONSTRAINT `loans_book_id_foreign` FOREIGN KEY (`book_id`) REFERENCES `books` (`id`) ON DELETE NO ACTION ON UPDATE CASCADE) in C:\laragon\www\CI4-Library-Management-System\vendor\codeigniter4\framework\system\Database\MySQLi\Connection.php:306
Stack trace:
#0 C:\laragon\www\CI4-Library-Management-System\vendor\codeigniter4\framework\system\Database\MySQLi\Connection.php(306): mysqli->query('INSERT INTO `lo...', 0)
#1 C:\laragon\www\CI4-Library-Management-System\vendor\codeigniter4\framework\system\Database\BaseConnection.php(693): CodeIgniter\Database\MySQLi\Connection->execute('INSERT INTO `lo...')
#2 C:\laragon\www\CI4-Library-Management-System\vendor\codeigniter4\framework\system\Database\BaseConnection.php(607): CodeIgniter\Database\BaseConnection->simpleQuery('INSERT INTO `lo...')
#3 C:\laragon\www\CI4-Library-Management-System\vendor\codeigniter4\framework\system\Database\BaseBuilder.php(1800): CodeIgniter\Database\BaseConnection->query('INSERT INTO `lo...', NULL, false)
#4 C:\laragon\www\CI4-Library-Management-System\vendor\codeigniter4\framework\system\Database\BaseBuilder.php(2191): CodeIgniter\Database\BaseBuilder->batchExecute('_insertBatch', 100)
#5 C:\laragon\www\CI4-Library-Management-System\app\Database\Seeds\LoanSeeder.php(54): CodeIgniter\Database\BaseBuilder->insertBatch(Array)
#6 C:\laragon\www\CI4-Library-Management-System\vendor\codeigniter4\framework\system\Database\Seeder.php(146): App\Database\Seeds\LoanSeeder->run()
#7 C:\laragon\www\CI4-Library-Management-System\app\Database\Seeds\Seeder.php(18): CodeIgniter\Database\Seeder->call('App\\Database\\Se...')
#8 C:\laragon\www\CI4-Library-Management-System\vendor\codeigniter4\framework\system\Database\Seeder.php(146): App\Database\Seeds\Seeder->run()
#9 C:\laragon\www\CI4-Library-Management-System\vendor\codeigniter4\framework\system\Commands\Database\Seed.php(77): CodeIgniter\Database\Seeder->call('App\\Database\\Se...')
#10 C:\laragon\www\CI4-Library-Management-System\vendor\codeigniter4\framework\system\CLI\Commands.php(65): CodeIgniter\Commands\Database\Seed->run(Array)
#11 C:\laragon\www\CI4-Library-Management-System\vendor\codeigniter4\framework\system\CLI\Console.php(46): CodeIgniter\CLI\Commands->run('db:seed', Array)
#12 C:\laragon\www\CI4-Library-Management-System\spark(102): CodeIgniter\CLI\Console->run()
#13 {main}
ERROR - 2023-12-07 12:20:11 --> mysqli_sql_exception: Table 'e-libraryxpert.racks' doesn't exist in C:\laragon\www\CI4-Library-Management-System\vendor\codeigniter4\framework\system\Database\MySQLi\Connection.php:306
Stack trace:
#0 C:\laragon\www\CI4-Library-Management-System\vendor\codeigniter4\framework\system\Database\MySQLi\Connection.php(306): mysqli->query('INSERT INTO `ra...', 0)
#1 C:\laragon\www\CI4-Library-Management-System\vendor\codeigniter4\framework\system\Database\BaseConnection.php(693): CodeIgniter\Database\MySQLi\Connection->execute('INSERT INTO `ra...')
#2 C:\laragon\www\CI4-Library-Management-System\vendor\codeigniter4\framework\system\Database\BaseConnection.php(607): CodeIgniter\Database\BaseConnection->simpleQuery('INSERT INTO `ra...')
#3 C:\laragon\www\CI4-Library-Management-System\vendor\codeigniter4\framework\system\Database\BaseBuilder.php(1800): CodeIgniter\Database\BaseConnection->query('INSERT INTO `ra...', NULL, false)
#4 C:\laragon\www\CI4-Library-Management-System\vendor\codeigniter4\framework\system\Database\BaseBuilder.php(2191): CodeIgniter\Database\BaseBuilder->batchExecute('_insertBatch', 100)
#5 C:\laragon\www\CI4-Library-Management-System\app\Database\Seeds\RackSeeder.php(54): CodeIgniter\Database\BaseBuilder->insertBatch(Array)
#6 C:\laragon\www\CI4-Library-Management-System\vendor\codeigniter4\framework\system\Database\Seeder.php(146): App\Database\Seeds\RackSeeder->run()
#7 C:\laragon\www\CI4-Library-Management-System\app\Database\Seeds\BookSeeder.php(15): CodeIgniter\Database\Seeder->call('App\\Database\\Se...')
#8 C:\laragon\www\CI4-Library-Management-System\vendor\codeigniter4\framework\system\Database\Seeder.php(146): App\Database\Seeds\BookSeeder->run()
#9 C:\laragon\www\CI4-Library-Management-System\app\Database\Seeds\Seeder.php(12): CodeIgniter\Database\Seeder->call('App\\Database\\Se...')
#10 C:\laragon\www\CI4-Library-Management-System\vendor\codeigniter4\framework\system\Database\Seeder.php(146): App\Database\Seeds\Seeder->run()
#11 C:\laragon\www\CI4-Library-Management-System\vendor\codeigniter4\framework\system\Commands\Database\Seed.php(77): CodeIgniter\Database\Seeder->call('App\\Database\\Se...')
#12 C:\laragon\www\CI4-Library-Management-System\vendor\codeigniter4\framework\system\CLI\Commands.php(65): CodeIgniter\Commands\Database\Seed->run(Array)
#13 C:\laragon\www\CI4-Library-Management-System\vendor\codeigniter4\framework\system\CLI\Console.php(46): CodeIgniter\CLI\Commands->run('db:seed', Array)
#14 C:\laragon\www\CI4-Library-Management-System\spark(102): CodeIgniter\CLI\Console->run()
#15 {main}
ERROR - 2023-12-07 12:51:09 --> mysqli_sql_exception: Table 'e-libraryxpert.book' doesn't exist in C:\laragon\www\CI4-Library-Management-System\vendor\codeigniter4\framework\system\Database\MySQLi\Connection.php:306
Stack trace:
#0 C:\laragon\www\CI4-Library-Management-System\vendor\codeigniter4\framework\system\Database\MySQLi\Connection.php(306): mysqli->query('INSERT INTO `Bo...', 0)
#1 C:\laragon\www\CI4-Library-Management-System\vendor\codeigniter4\framework\system\Database\BaseConnection.php(693): CodeIgniter\Database\MySQLi\Connection->execute('INSERT INTO `Bo...')
#2 C:\laragon\www\CI4-Library-Management-System\vendor\codeigniter4\framework\system\Database\BaseConnection.php(607): CodeIgniter\Database\BaseConnection->simpleQuery('INSERT INTO `Bo...')
#3 C:\laragon\www\CI4-Library-Management-System\vendor\codeigniter4\framework\system\Database\BaseBuilder.php(1800): CodeIgniter\Database\BaseConnection->query('INSERT INTO `Bo...', NULL, false)
#4 C:\laragon\www\CI4-Library-Management-System\vendor\codeigniter4\framework\system\Database\BaseBuilder.php(2191): CodeIgniter\Database\BaseBuilder->batchExecute('_insertBatch', 100)
#5 C:\laragon\www\CI4-Library-Management-System\app\Database\Seeds\BookSeeder.php(36): CodeIgniter\Database\BaseBuilder->insertBatch(Array)
#6 C:\laragon\www\CI4-Library-Management-System\vendor\codeigniter4\framework\system\Database\Seeder.php(146): App\Database\Seeds\BookSeeder->run()
#7 C:\laragon\www\CI4-Library-Management-System\app\Database\Seeds\Seeder.php(12): CodeIgniter\Database\Seeder->call('App\\Database\\Se...')
#8 C:\laragon\www\CI4-Library-Management-System\vendor\codeigniter4\framework\system\Database\Seeder.php(146): App\Database\Seeds\Seeder->run()
#9 C:\laragon\www\CI4-Library-Management-System\vendor\codeigniter4\framework\system\Commands\Database\Seed.php(77): CodeIgniter\Database\Seeder->call('App\\Database\\Se...')
#10 C:\laragon\www\CI4-Library-Management-System\vendor\codeigniter4\framework\system\CLI\Commands.php(65): CodeIgniter\Commands\Database\Seed->run(Array)
#11 C:\laragon\www\CI4-Library-Management-System\vendor\codeigniter4\framework\system\CLI\Console.php(46): CodeIgniter\CLI\Commands->run('db:seed', Array)
#12 C:\laragon\www\CI4-Library-Management-System\spark(102): CodeIgniter\CLI\Console->run()
#13 {main}
ERROR - 2023-12-07 13:09:36 --> mysqli_sql_exception: Cannot add or update a child row: a foreign key constraint fails (`e-libraryxpert`.`loans`, CONSTRAINT `loans_book_id_foreign` FOREIGN KEY (`book_id`) REFERENCES `books` (`id`) ON DELETE NO ACTION ON UPDATE CASCADE) in C:\laragon\www\CI4-Library-Management-System\vendor\codeigniter4\framework\system\Database\MySQLi\Connection.php:306
Stack trace:
#0 C:\laragon\www\CI4-Library-Management-System\vendor\codeigniter4\framework\system\Database\MySQLi\Connection.php(306): mysqli->query('INSERT INTO `lo...', 0)
#1 C:\laragon\www\CI4-Library-Management-System\vendor\codeigniter4\framework\system\Database\BaseConnection.php(693): CodeIgniter\Database\MySQLi\Connection->execute('INSERT INTO `lo...')
#2 C:\laragon\www\CI4-Library-Management-System\vendor\codeigniter4\framework\system\Database\BaseConnection.php(607): CodeIgniter\Database\BaseConnection->simpleQuery('INSERT INTO `lo...')
#3 C:\laragon\www\CI4-Library-Management-System\vendor\codeigniter4\framework\system\Database\BaseBuilder.php(1800): CodeIgniter\Database\BaseConnection->query('INSERT INTO `lo...', NULL, false)
#4 C:\laragon\www\CI4-Library-Management-System\vendor\codeigniter4\framework\system\Database\BaseBuilder.php(2191): CodeIgniter\Database\BaseBuilder->batchExecute('_insertBatch', 100)
#5 C:\laragon\www\CI4-Library-Management-System\app\Database\Seeds\LoanSeeder.php(54): CodeIgniter\Database\BaseBuilder->insertBatch(Array)
#6 C:\laragon\www\CI4-Library-Management-System\vendor\codeigniter4\framework\system\Database\Seeder.php(146): App\Database\Seeds\LoanSeeder->run()
#7 C:\laragon\www\CI4-Library-Management-System\app\Database\Seeds\Seeder.php(18): CodeIgniter\Database\Seeder->call('App\\Database\\Se...')
#8 C:\laragon\www\CI4-Library-Management-System\vendor\codeigniter4\framework\system\Database\Seeder.php(146): App\Database\Seeds\Seeder->run()
#9 C:\laragon\www\CI4-Library-Management-System\vendor\codeigniter4\framework\system\Commands\Database\Seed.php(77): CodeIgniter\Database\Seeder->call('App\\Database\\Se...')
#10 C:\laragon\www\CI4-Library-Management-System\vendor\codeigniter4\framework\system\CLI\Commands.php(65): CodeIgniter\Commands\Database\Seed->run(Array)
#11 C:\laragon\www\CI4-Library-Management-System\vendor\codeigniter4\framework\system\CLI\Console.php(46): CodeIgniter\CLI\Commands->run('db:seed', Array)
#12 C:\laragon\www\CI4-Library-Management-System\spark(102): CodeIgniter\CLI\Console->run()
#13 {main}
ERROR - 2023-12-07 13:16:42 --> mysqli_sql_exception: Cannot add or update a child row: a foreign key constraint fails (`e-libraryxpert`.`loans`, CONSTRAINT `loans_book_id_foreign` FOREIGN KEY (`book_id`) REFERENCES `books` (`id`) ON DELETE NO ACTION ON UPDATE CASCADE) in C:\laragon\www\CI4-Library-Management-System\vendor\codeigniter4\framework\system\Database\MySQLi\Connection.php:306
Stack trace:
#0 C:\laragon\www\CI4-Library-Management-System\vendor\codeigniter4\framework\system\Database\MySQLi\Connection.php(306): mysqli->query('INSERT INTO `lo...', 0)
#1 C:\laragon\www\CI4-Library-Management-System\vendor\codeigniter4\framework\system\Database\BaseConnection.php(693): CodeIgniter\Database\MySQLi\Connection->execute('INSERT INTO `lo...')
#2 C:\laragon\www\CI4-Library-Management-System\vendor\codeigniter4\framework\system\Database\BaseConnection.php(607): CodeIgniter\Database\BaseConnection->simpleQuery('INSERT INTO `lo...')
#3 C:\laragon\www\CI4-Library-Management-System\vendor\codeigniter4\framework\system\Database\BaseBuilder.php(1800): CodeIgniter\Database\BaseConnection->query('INSERT INTO `lo...', NULL, false)
#4 C:\laragon\www\CI4-Library-Management-System\vendor\codeigniter4\framework\system\Database\BaseBuilder.php(2191): CodeIgniter\Database\BaseBuilder->batchExecute('_insertBatch', 100)
#5 C:\laragon\www\CI4-Library-Management-System\app\Database\Seeds\LoanSeeder.php(54): CodeIgniter\Database\BaseBuilder->insertBatch(Array)
#6 C:\laragon\www\CI4-Library-Management-System\vendor\codeigniter4\framework\system\Database\Seeder.php(146): App\Database\Seeds\LoanSeeder->run()
#7 C:\laragon\www\CI4-Library-Management-System\app\Database\Seeds\Seeder.php(18): CodeIgniter\Database\Seeder->call('App\\Database\\Se...')
#8 C:\laragon\www\CI4-Library-Management-System\vendor\codeigniter4\framework\system\Database\Seeder.php(146): App\Database\Seeds\Seeder->run()
#9 C:\laragon\www\CI4-Library-Management-System\vendor\codeigniter4\framework\system\Commands\Database\Seed.php(77): CodeIgniter\Database\Seeder->call('App\\Database\\Se...')
#10 C:\laragon\www\CI4-Library-Management-System\vendor\codeigniter4\framework\system\CLI\Commands.php(65): CodeIgniter\Commands\Database\Seed->run(Array)
#11 C:\laragon\www\CI4-Library-Management-System\vendor\codeigniter4\framework\system\CLI\Console.php(46): CodeIgniter\CLI\Commands->run('db:seed', Array)
#12 C:\laragon\www\CI4-Library-Management-System\spark(102): CodeIgniter\CLI\Console->run()
#13 {main}
ERROR - 2023-12-07 13:18:09 --> mysqli_sql_exception: Duplicate entry 'Kelompok-2' for key 'username' in C:\laragon\www\CI4-Library-Management-System\vendor\codeigniter4\framework\system\Database\MySQLi\Connection.php:306
Stack trace:
#0 C:\laragon\www\CI4-Library-Management-System\vendor\codeigniter4\framework\system\Database\MySQLi\Connection.php(306): mysqli->query('INSERT INTO `us...', 0)
#1 C:\laragon\www\CI4-Library-Management-System\vendor\codeigniter4\framework\system\Database\BaseConnection.php(693): CodeIgniter\Database\MySQLi\Connection->execute('INSERT INTO `us...')
#2 C:\laragon\www\CI4-Library-Management-System\vendor\codeigniter4\framework\system\Database\BaseConnection.php(607): CodeIgniter\Database\BaseConnection->simpleQuery('INSERT INTO `us...')
#3 C:\laragon\www\CI4-Library-Management-System\vendor\codeigniter4\framework\system\Database\BaseBuilder.php(2308): CodeIgniter\Database\BaseConnection->query('INSERT INTO `us...', Array, false)
#4 C:\laragon\www\CI4-Library-Management-System\vendor\codeigniter4\framework\system\Model.php(319): CodeIgniter\Database\BaseBuilder->insert()
#5 C:\laragon\www\CI4-Library-Management-System\vendor\codeigniter4\framework\system\BaseModel.php(788): CodeIgniter\Model->doInsert(Array)
#6 C:\laragon\www\CI4-Library-Management-System\vendor\codeigniter4\framework\system\Model.php(715): CodeIgniter\BaseModel->insert(Array, false)
#7 C:\laragon\www\CI4-Library-Management-System\vendor\codeigniter4\shield\src\Models\UserModel.php(265): CodeIgniter\Model->insert(Object(CodeIgniter\Shield\Entities\User), false)
#8 C:\laragon\www\CI4-Library-Management-System\vendor\codeigniter4\framework\system\BaseModel.php(698): CodeIgniter\Shield\Models\UserModel->insert(Object(CodeIgniter\Shield\Entities\User), false)
#9 C:\laragon\www\CI4-Library-Management-System\vendor\codeigniter4\shield\src\Models\UserModel.php(327): CodeIgniter\BaseModel->save(Object(CodeIgniter\Shield\Entities\User))
#10 C:\laragon\www\CI4-Library-Management-System\app\Database\Seeds\SuperAdminSeeder.php(26): CodeIgniter\Shield\Models\UserModel->save(Object(CodeIgniter\Shield\Entities\User))
#11 C:\laragon\www\CI4-Library-Management-System\vendor\codeigniter4\framework\system\Database\Seeder.php(146): App\Database\Seeds\SuperAdminSeeder->run()
#12 C:\laragon\www\CI4-Library-Management-System\vendor\codeigniter4\framework\system\Commands\Database\Seed.php(77): CodeIgniter\Database\Seeder->call('App\\Database\\Se...')
#13 C:\laragon\www\CI4-Library-Management-System\vendor\codeigniter4\framework\system\CLI\Commands.php(65): CodeIgniter\Commands\Database\Seed->run(Array)
#14 C:\laragon\www\CI4-Library-Management-System\vendor\codeigniter4\framework\system\CLI\Console.php(46): CodeIgniter\CLI\Commands->run('db:seed', Array)
#15 C:\laragon\www\CI4-Library-Management-System\spark(102): CodeIgniter\CLI\Console->run()
#16 {main}
ERROR - 2023-12-07 13:29:38 --> mysqli_sql_exception: Cannot add or update a child row: a foreign key constraint fails (`e-libraryxpert`.`books`, CONSTRAINT `books_rack_id_foreign` FOREIGN KEY (`rack_id`) REFERENCES `racks` (`id`) ON DELETE NO ACTION ON UPDATE CASCADE) in C:\laragon\www\CI4-Library-Management-System\vendor\codeigniter4\framework\system\Database\MySQLi\Connection.php:306
Stack trace:
#0 C:\laragon\www\CI4-Library-Management-System\vendor\codeigniter4\framework\system\Database\MySQLi\Connection.php(306): mysqli->query('INSERT INTO `bo...', 0)
#1 C:\laragon\www\CI4-Library-Management-System\vendor\codeigniter4\framework\system\Database\BaseConnection.php(693): CodeIgniter\Database\MySQLi\Connection->execute('INSERT INTO `bo...')
#2 C:\laragon\www\CI4-Library-Management-System\vendor\codeigniter4\framework\system\Database\BaseConnection.php(607): CodeIgniter\Database\BaseConnection->simpleQuery('INSERT INTO `bo...')
#3 C:\laragon\www\CI4-Library-Management-System\vendor\codeigniter4\framework\system\Database\BaseBuilder.php(2308): CodeIgniter\Database\BaseConnection->query('INSERT INTO `bo...', Array, false)
#4 C:\laragon\www\CI4-Library-Management-System\vendor\codeigniter4\framework\system\Model.php(319): CodeIgniter\Database\BaseBuilder->insert()
#5 C:\laragon\www\CI4-Library-Management-System\vendor\codeigniter4\framework\system\BaseModel.php(788): CodeIgniter\Model->doInsert(Array)
#6 C:\laragon\www\CI4-Library-Management-System\vendor\codeigniter4\framework\system\Model.php(715): CodeIgniter\BaseModel->insert(Array, true)
#7 C:\laragon\www\CI4-Library-Management-System\vendor\codeigniter4\framework\system\Test\Fabricator.php(473): CodeIgniter\Model->insert(Array, true)
#8 C:\laragon\www\CI4-Library-Management-System\app\Database\Seeds\BookSeeder.php(20): CodeIgniter\Test\Fabricator->create()
#9 C:\laragon\www\CI4-Library-Management-System\vendor\codeigniter4\framework\system\Database\Seeder.php(146): App\Database\Seeds\BookSeeder->run()
#10 C:\laragon\www\CI4-Library-Management-System\app\Database\Seeds\Seeder.php(12): CodeIgniter\Database\Seeder->call('App\\Database\\Se...')
#11 C:\laragon\www\CI4-Library-Management-System\vendor\codeigniter4\framework\system\Database\Seeder.php(146): App\Database\Seeds\Seeder->run()
#12 C:\laragon\www\CI4-Library-Management-System\vendor\codeigniter4\framework\system\Commands\Database\Seed.php(77): CodeIgniter\Database\Seeder->call('App\\Database\\Se...')
#13 C:\laragon\www\CI4-Library-Management-System\vendor\codeigniter4\framework\system\CLI\Commands.php(65): CodeIgniter\Commands\Database\Seed->run(Array)
#14 C:\laragon\www\CI4-Library-Management-System\vendor\codeigniter4\framework\system\CLI\Console.php(46): CodeIgniter\CLI\Commands->run('db:seed', Array)
#15 C:\laragon\www\CI4-Library-Management-System\spark(102): CodeIgniter\CLI\Console->run()
#16 {main}
ERROR - 2023-12-07 13:32:13 --> mysqli_sql_exception: Cannot add or update a child row: a foreign key constraint fails (`e-libraryxpert`.`loans`, CONSTRAINT `loans_book_id_foreign` FOREIGN KEY (`book_id`) REFERENCES `books` (`id`) ON DELETE NO ACTION ON UPDATE CASCADE) in C:\laragon\www\CI4-Library-Management-System\vendor\codeigniter4\framework\system\Database\MySQLi\Connection.php:306
Stack trace:
#0 C:\laragon\www\CI4-Library-Management-System\vendor\codeigniter4\framework\system\Database\MySQLi\Connection.php(306): mysqli->query('INSERT INTO `lo...', 0)
#1 C:\laragon\www\CI4-Library-Management-System\vendor\codeigniter4\framework\system\Database\BaseConnection.php(693): CodeIgniter\Database\MySQLi\Connection->execute('INSERT INTO `lo...')
#2 C:\laragon\www\CI4-Library-Management-System\vendor\codeigniter4\framework\system\Database\BaseConnection.php(607): CodeIgniter\Database\BaseConnection->simpleQuery('INSERT INTO `lo...')
#3 C:\laragon\www\CI4-Library-Management-System\vendor\codeigniter4\framework\system\Database\BaseBuilder.php(1800): CodeIgniter\Database\BaseConnection->query('INSERT INTO `lo...', NULL, false)
#4 C:\laragon\www\CI4-Library-Management-System\vendor\codeigniter4\framework\system\Database\BaseBuilder.php(2191): CodeIgniter\Database\BaseBuilder->batchExecute('_insertBatch', 100)
#5 C:\laragon\www\CI4-Library-Management-System\app\Database\Seeds\LoanSeeder.php(54): CodeIgniter\Database\BaseBuilder->insertBatch(Array)
#6 C:\laragon\www\CI4-Library-Management-System\vendor\codeigniter4\framework\system\Database\Seeder.php(146): App\Database\Seeds\LoanSeeder->run()
#7 C:\laragon\www\CI4-Library-Management-System\app\Database\Seeds\Seeder.php(18): CodeIgniter\Database\Seeder->call('App\\Database\\Se...')
#8 C:\laragon\www\CI4-Library-Management-System\vendor\codeigniter4\framework\system\Database\Seeder.php(146): App\Database\Seeds\Seeder->run()
#9 C:\laragon\www\CI4-Library-Management-System\vendor\codeigniter4\framework\system\Commands\Database\Seed.php(77): CodeIgniter\Database\Seeder->call('App\\Database\\Se...')
#10 C:\laragon\www\CI4-Library-Management-System\vendor\codeigniter4\framework\system\CLI\Commands.php(65): CodeIgniter\Commands\Database\Seed->run(Array)
#11 C:\laragon\www\CI4-Library-Management-System\vendor\codeigniter4\framework\system\CLI\Console.php(46): CodeIgniter\CLI\Commands->run('db:seed', Array)
#12 C:\laragon\www\CI4-Library-Management-System\spark(102): CodeIgniter\CLI\Console->run()
#13 {main}
ERROR - 2023-12-07 13:33:15 --> mysqli_sql_exception: Cannot add or update a child row: a foreign key constraint fails (`e-libraryxpert`.`loans`, CONSTRAINT `loans_book_id_foreign` FOREIGN KEY (`book_id`) REFERENCES `books` (`id`) ON DELETE NO ACTION ON UPDATE CASCADE) in C:\laragon\www\CI4-Library-Management-System\vendor\codeigniter4\framework\system\Database\MySQLi\Connection.php:306
Stack trace:
#0 C:\laragon\www\CI4-Library-Management-System\vendor\codeigniter4\framework\system\Database\MySQLi\Connection.php(306): mysqli->query('INSERT INTO `lo...', 0)
#1 C:\laragon\www\CI4-Library-Management-System\vendor\codeigniter4\framework\system\Database\BaseConnection.php(693): CodeIgniter\Database\MySQLi\Connection->execute('INSERT INTO `lo...')
#2 C:\laragon\www\CI4-Library-Management-System\vendor\codeigniter4\framework\system\Database\BaseConnection.php(607): CodeIgniter\Database\BaseConnection->simpleQuery('INSERT INTO `lo...')
#3 C:\laragon\www\CI4-Library-Management-System\vendor\codeigniter4\framework\system\Database\BaseBuilder.php(1800): CodeIgniter\Database\BaseConnection->query('INSERT INTO `lo...', NULL, false)
#4 C:\laragon\www\CI4-Library-Management-System\vendor\codeigniter4\framework\system\Database\BaseBuilder.php(2191): CodeIgniter\Database\BaseBuilder->batchExecute('_insertBatch', 100)
#5 C:\laragon\www\CI4-Library-Management-System\app\Database\Seeds\LoanSeeder.php(54): CodeIgniter\Database\BaseBuilder->insertBatch(Array)
#6 C:\laragon\www\CI4-Library-Management-System\vendor\codeigniter4\framework\system\Database\Seeder.php(146): App\Database\Seeds\LoanSeeder->run()
#7 C:\laragon\www\CI4-Library-Management-System\app\Database\Seeds\Seeder.php(18): CodeIgniter\Database\Seeder->call('App\\Database\\Se...')
#8 C:\laragon\www\CI4-Library-Management-System\vendor\codeigniter4\framework\system\Database\Seeder.php(146): App\Database\Seeds\Seeder->run()
#9 C:\laragon\www\CI4-Library-Management-System\vendor\codeigniter4\framework\system\Commands\Database\Seed.php(77): CodeIgniter\Database\Seeder->call('App\\Database\\Se...')
#10 C:\laragon\www\CI4-Library-Management-System\vendor\codeigniter4\framework\system\CLI\Commands.php(65): CodeIgniter\Commands\Database\Seed->run(Array)
#11 C:\laragon\www\CI4-Library-Management-System\vendor\codeigniter4\framework\system\CLI\Console.php(46): CodeIgniter\CLI\Commands->run('db:seed', Array)
#12 C:\laragon\www\CI4-Library-Management-System\spark(102): CodeIgniter\CLI\Console->run()
#13 {main}
ERROR - 2023-12-07 14:01:18 --> mysqli_sql_exception: Unknown column 'author' in 'field list' in C:\laragon\www\CI4-Library-Management-System\vendor\codeigniter4\framework\system\Database\MySQLi\Connection.php:306
Stack trace:
#0 C:\laragon\www\CI4-Library-Management-System\vendor\codeigniter4\framework\system\Database\MySQLi\Connection.php(306): mysqli->query('INSERT INTO `ra...', 0)
#1 C:\laragon\www\CI4-Library-Management-System\vendor\codeigniter4\framework\system\Database\BaseConnection.php(693): CodeIgniter\Database\MySQLi\Connection->execute('INSERT INTO `ra...')
#2 C:\laragon\www\CI4-Library-Management-System\vendor\codeigniter4\framework\system\Database\BaseConnection.php(607): CodeIgniter\Database\BaseConnection->simpleQuery('INSERT INTO `ra...')
#3 C:\laragon\www\CI4-Library-Management-System\vendor\codeigniter4\framework\system\Database\BaseBuilder.php(1800): CodeIgniter\Database\BaseConnection->query('INSERT INTO `ra...', NULL, false)
#4 C:\laragon\www\CI4-Library-Management-System\vendor\codeigniter4\framework\system\Database\BaseBuilder.php(2191): CodeIgniter\Database\BaseBuilder->batchExecute('_insertBatch', 100)
#5 C:\laragon\www\CI4-Library-Management-System\app\Database\Seeds\BookSeeder.php(26): CodeIgniter\Database\BaseBuilder->insertBatch(Array)
#6 C:\laragon\www\CI4-Library-Management-System\vendor\codeigniter4\framework\system\Database\Seeder.php(146): App\Database\Seeds\BookSeeder->run()
#7 C:\laragon\www\CI4-Library-Management-System\app\Database\Seeds\Seeder.php(12): CodeIgniter\Database\Seeder->call('App\\Database\\Se...')
#8 C:\laragon\www\CI4-Library-Management-System\vendor\codeigniter4\framework\system\Database\Seeder.php(146): App\Database\Seeds\Seeder->run()
#9 C:\laragon\www\CI4-Library-Management-System\vendor\codeigniter4\framework\system\Commands\Database\Seed.php(77): CodeIgniter\Database\Seeder->call('App\\Database\\Se...')
#10 C:\laragon\www\CI4-Library-Management-System\vendor\codeigniter4\framework\system\CLI\Commands.php(65): CodeIgniter\Commands\Database\Seed->run(Array)
#11 C:\laragon\www\CI4-Library-Management-System\vendor\codeigniter4\framework\system\CLI\Console.php(46): CodeIgniter\CLI\Commands->run('db:seed', Array)
#12 C:\laragon\www\CI4-Library-Management-System\spark(102): CodeIgniter\CLI\Console->run()
#13 {main}
ERROR - 2023-12-07 14:04:41 --> mysqli_sql_exception: Table 'e-libraryxpert.book' doesn't exist in C:\laragon\www\CI4-Library-Management-System\vendor\codeigniter4\framework\system\Database\MySQLi\Connection.php:306
Stack trace:
#0 C:\laragon\www\CI4-Library-Management-System\vendor\codeigniter4\framework\system\Database\MySQLi\Connection.php(306): mysqli->query('INSERT INTO `bo...', 0)
#1 C:\laragon\www\CI4-Library-Management-System\vendor\codeigniter4\framework\system\Database\BaseConnection.php(693): CodeIgniter\Database\MySQLi\Connection->execute('INSERT INTO `bo...')
#2 C:\laragon\www\CI4-Library-Management-System\vendor\codeigniter4\framework\system\Database\BaseConnection.php(607): CodeIgniter\Database\BaseConnection->simpleQuery('INSERT INTO `bo...')
#3 C:\laragon\www\CI4-Library-Management-System\vendor\codeigniter4\framework\system\Database\BaseBuilder.php(1800): CodeIgniter\Database\BaseConnection->query('INSERT INTO `bo...', NULL, false)
#4 C:\laragon\www\CI4-Library-Management-System\vendor\codeigniter4\framework\system\Database\BaseBuilder.php(2191): CodeIgniter\Database\BaseBuilder->batchExecute('_insertBatch', 100)
#5 C:\laragon\www\CI4-Library-Management-System\app\Database\Seeds\BookSeeder.php(26): CodeIgniter\Database\BaseBuilder->insertBatch(Array)
#6 C:\laragon\www\CI4-Library-Management-System\vendor\codeigniter4\framework\system\Database\Seeder.php(146): App\Database\Seeds\BookSeeder->run()
#7 C:\laragon\www\CI4-Library-Management-System\app\Database\Seeds\Seeder.php(12): CodeIgniter\Database\Seeder->call('App\\Database\\Se...')
#8 C:\laragon\www\CI4-Library-Management-System\vendor\codeigniter4\framework\system\Database\Seeder.php(146): App\Database\Seeds\Seeder->run()
#9 C:\laragon\www\CI4-Library-Management-System\vendor\codeigniter4\framework\system\Commands\Database\Seed.php(77): CodeIgniter\Database\Seeder->call('App\\Database\\Se...')
#10 C:\laragon\www\CI4-Library-Management-System\vendor\codeigniter4\framework\system\CLI\Commands.php(65): CodeIgniter\Commands\Database\Seed->run(Array)
#11 C:\laragon\www\CI4-Library-Management-System\vendor\codeigniter4\framework\system\CLI\Console.php(46): CodeIgniter\CLI\Commands->run('db:seed', Array)
#12 C:\laragon\www\CI4-Library-Management-System\spark(102): CodeIgniter\CLI\Console->run()
#13 {main}
ERROR - 2023-12-07 14:18:06 --> mysqli_sql_exception: Table 'e-libraryxpert.rak' doesn't exist in C:\laragon\www\CI4-Library-Management-System\vendor\codeigniter4\framework\system\Database\MySQLi\Connection.php:306
Stack trace:
#0 C:\laragon\www\CI4-Library-Management-System\vendor\codeigniter4\framework\system\Database\MySQLi\Connection.php(306): mysqli->query('INSERT INTO `ra...', 0)
#1 C:\laragon\www\CI4-Library-Management-System\vendor\codeigniter4\framework\system\Database\BaseConnection.php(693): CodeIgniter\Database\MySQLi\Connection->execute('INSERT INTO `ra...')
#2 C:\laragon\www\CI4-Library-Management-System\vendor\codeigniter4\framework\system\Database\BaseConnection.php(607): CodeIgniter\Database\BaseConnection->simpleQuery('INSERT INTO `ra...')
#3 C:\laragon\www\CI4-Library-Management-System\vendor\codeigniter4\framework\system\Database\BaseBuilder.php(1800): CodeIgniter\Database\BaseConnection->query('INSERT INTO `ra...', NULL, false)
#4 C:\laragon\www\CI4-Library-Management-System\vendor\codeigniter4\framework\system\Database\BaseBuilder.php(2191): CodeIgniter\Database\BaseBuilder->batchExecute('_insertBatch', 100)
#5 C:\laragon\www\CI4-Library-Management-System\app\Database\Seeds\RackSeeder.php(54): CodeIgniter\Database\BaseBuilder->insertBatch(Array)
#6 C:\laragon\www\CI4-Library-Management-System\vendor\codeigniter4\framework\system\Database\Seeder.php(146): App\Database\Seeds\RackSeeder->run()
#7 C:\laragon\www\CI4-Library-Management-System\app\Database\Seeds\BookSeeder.php(13): CodeIgniter\Database\Seeder->call('App\\Database\\Se...')
#8 C:\laragon\www\CI4-Library-Management-System\vendor\codeigniter4\framework\system\Database\Seeder.php(146): App\Database\Seeds\BookSeeder->run()
#9 C:\laragon\www\CI4-Library-Management-System\app\Database\Seeds\Seeder.php(12): CodeIgniter\Database\Seeder->call('App\\Database\\Se...')
#10 C:\laragon\www\CI4-Library-Management-System\vendor\codeigniter4\framework\system\Database\Seeder.php(146): App\Database\Seeds\Seeder->run()
#11 C:\laragon\www\CI4-Library-Management-System\vendor\codeigniter4\framework\system\Commands\Database\Seed.php(77): CodeIgniter\Database\Seeder->call('App\\Database\\Se...')
#12 C:\laragon\www\CI4-Library-Management-System\vendor\codeigniter4\framework\system\CLI\Commands.php(65): CodeIgniter\Commands\Database\Seed->run(Array)
#13 C:\laragon\www\CI4-Library-Management-System\vendor\codeigniter4\framework\system\CLI\Console.php(46): CodeIgniter\CLI\Commands->run('db:seed', Array)
#14 C:\laragon\www\CI4-Library-Management-System\spark(102): CodeIgniter\CLI\Console->run()
#15 {main}
ERROR - 2023-12-07 14:18:48 --> mysqli_sql_exception: Table 'e-libraryxpert.rak' doesn't exist in C:\laragon\www\CI4-Library-Management-System\vendor\codeigniter4\framework\system\Database\MySQLi\Connection.php:306
Stack trace:
#0 C:\laragon\www\CI4-Library-Management-System\vendor\codeigniter4\framework\system\Database\MySQLi\Connection.php(306): mysqli->query('INSERT INTO `ra...', 0)
#1 C:\laragon\www\CI4-Library-Management-System\vendor\codeigniter4\framework\system\Database\BaseConnection.php(693): CodeIgniter\Database\MySQLi\Connection->execute('INSERT INTO `ra...')
#2 C:\laragon\www\CI4-Library-Management-System\vendor\codeigniter4\framework\system\Database\BaseConnection.php(607): CodeIgniter\Database\BaseConnection->simpleQuery('INSERT INTO `ra...')
#3 C:\laragon\www\CI4-Library-Management-System\vendor\codeigniter4\framework\system\Database\BaseBuilder.php(1800): CodeIgniter\Database\BaseConnection->query('INSERT INTO `ra...', NULL, false)
#4 C:\laragon\www\CI4-Library-Management-System\vendor\codeigniter4\framework\system\Database\BaseBuilder.php(2191): CodeIgniter\Database\BaseBuilder->batchExecute('_insertBatch', 100)
#5 C:\laragon\www\CI4-Library-Management-System\app\Database\Seeds\RackSeeder.php(54): CodeIgniter\Database\BaseBuilder->insertBatch(Array)
#6 C:\laragon\www\CI4-Library-Management-System\vendor\codeigniter4\framework\system\Database\Seeder.php(146): App\Database\Seeds\RackSeeder->run()
#7 C:\laragon\www\CI4-Library-Management-System\app\Database\Seeds\BookSeeder.php(13): CodeIgniter\Database\Seeder->call('App\\Database\\Se...')
#8 C:\laragon\www\CI4-Library-Management-System\vendor\codeigniter4\framework\system\Database\Seeder.php(146): App\Database\Seeds\BookSeeder->run()
#9 C:\laragon\www\CI4-Library-Management-System\app\Database\Seeds\Seeder.php(12): CodeIgniter\Database\Seeder->call('App\\Database\\Se...')
#10 C:\laragon\www\CI4-Library-Management-System\vendor\codeigniter4\framework\system\Database\Seeder.php(146): App\Database\Seeds\Seeder->run()
#11 C:\laragon\www\CI4-Library-Management-System\vendor\codeigniter4\framework\system\Commands\Database\Seed.php(77): CodeIgniter\Database\Seeder->call('App\\Database\\Se...')
#12 C:\laragon\www\CI4-Library-Management-System\vendor\codeigniter4\framework\system\CLI\Commands.php(65): CodeIgniter\Commands\Database\Seed->run(Array)
#13 C:\laragon\www\CI4-Library-Management-System\vendor\codeigniter4\framework\system\CLI\Console.php(46): CodeIgniter\CLI\Commands->run('db:seed', Array)
#14 C:\laragon\www\CI4-Library-Management-System\spark(102): CodeIgniter\CLI\Console->run()
#15 {main}
ERROR - 2023-12-07 14:19:25 --> mysqli_sql_exception: Table 'e-libraryxpert.buku' doesn't exist in C:\laragon\www\CI4-Library-Management-System\vendor\codeigniter4\framework\system\Database\MySQLi\Connection.php:306
Stack trace:
#0 C:\laragon\www\CI4-Library-Management-System\vendor\codeigniter4\framework\system\Database\MySQLi\Connection.php(306): mysqli->query('INSERT INTO `bu...', 0)
#1 C:\laragon\www\CI4-Library-Management-System\vendor\codeigniter4\framework\system\Database\BaseConnection.php(693): CodeIgniter\Database\MySQLi\Connection->execute('INSERT INTO `bu...')
#2 C:\laragon\www\CI4-Library-Management-System\vendor\codeigniter4\framework\system\Database\BaseConnection.php(607): CodeIgniter\Database\BaseConnection->simpleQuery('INSERT INTO `bu...')
#3 C:\laragon\www\CI4-Library-Management-System\vendor\codeigniter4\framework\system\Database\BaseBuilder.php(1800): CodeIgniter\Database\BaseConnection->query('INSERT INTO `bu...', NULL, false)
#4 C:\laragon\www\CI4-Library-Management-System\vendor\codeigniter4\framework\system\Database\BaseBuilder.php(2191): CodeIgniter\Database\BaseBuilder->batchExecute('_insertBatch', 100)
#5 C:\laragon\www\CI4-Library-Management-System\app\Database\Seeds\BookFabricator.php(22): CodeIgniter\Database\BaseBuilder->insertBatch(Array)
#6 C:\laragon\www\CI4-Library-Management-System\vendor\codeigniter4\framework\system\Database\Seeder.php(146): App\Database\Seeds\BookFabricator->run()
#7 C:\laragon\www\CI4-Library-Management-System\app\Database\Seeds\BookSeeder.php(16): CodeIgniter\Database\Seeder->call('App\\Database\\Se...')
#8 C:\laragon\www\CI4-Library-Management-System\vendor\codeigniter4\framework\system\Database\Seeder.php(146): App\Database\Seeds\BookSeeder->run()
#9 C:\laragon\www\CI4-Library-Management-System\app\Database\Seeds\Seeder.php(12): CodeIgniter\Database\Seeder->call('App\\Database\\Se...')
#10 C:\laragon\www\CI4-Library-Management-System\vendor\codeigniter4\framework\system\Database\Seeder.php(146): App\Database\Seeds\Seeder->run()
#11 C:\laragon\www\CI4-Library-Management-System\vendor\codeigniter4\framework\system\Commands\Database\Seed.php(77): CodeIgniter\Database\Seeder->call('App\\Database\\Se...')
#12 C:\laragon\www\CI4-Library-Management-System\vendor\codeigniter4\framework\system\CLI\Commands.php(65): CodeIgniter\Commands\Database\Seed->run(Array)
#13 C:\laragon\www\CI4-Library-Management-System\vendor\codeigniter4\framework\system\CLI\Console.php(46): CodeIgniter\CLI\Commands->run('db:seed', Array)
#14 C:\laragon\www\CI4-Library-Management-System\spark(102): CodeIgniter\CLI\Console->run()
#15 {main}
ERROR - 2023-12-07 14:56:55 --> mysqli_sql_exception: Cannot add or update a child row: a foreign key constraint fails (`e-libraryxpert`.`loans`, CONSTRAINT `loans_book_id_foreign` FOREIGN KEY (`book_id`) REFERENCES `books` (`id`) ON DELETE NO ACTION ON UPDATE CASCADE) in C:\laragon\www\CI4-Library-Management-System\vendor\codeigniter4\framework\system\Database\MySQLi\Connection.php:306
Stack trace:
#0 C:\laragon\www\CI4-Library-Management-System\vendor\codeigniter4\framework\system\Database\MySQLi\Connection.php(306): mysqli->query('INSERT INTO `lo...', 0)
#1 C:\laragon\www\CI4-Library-Management-System\vendor\codeigniter4\framework\system\Database\BaseConnection.php(693): CodeIgniter\Database\MySQLi\Connection->execute('INSERT INTO `lo...')
#2 C:\laragon\www\CI4-Library-Management-System\vendor\codeigniter4\framework\system\Database\BaseConnection.php(607): CodeIgniter\Database\BaseConnection->simpleQuery('INSERT INTO `lo...')
#3 C:\laragon\www\CI4-Library-Management-System\vendor\codeigniter4\framework\system\Database\BaseBuilder.php(1800): CodeIgniter\Database\BaseConnection->query('INSERT INTO `lo...', NULL, false)
#4 C:\laragon\www\CI4-Library-Management-System\vendor\codeigniter4\framework\system\Database\BaseBuilder.php(2191): CodeIgniter\Database\BaseBuilder->batchExecute('_insertBatch', 100)
#5 C:\laragon\www\CI4-Library-Management-System\app\Database\Seeds\LoanSeeder.php(54): CodeIgniter\Database\BaseBuilder->insertBatch(Array)
#6 C:\laragon\www\CI4-Library-Management-System\vendor\codeigniter4\framework\system\Database\Seeder.php(146): App\Database\Seeds\LoanSeeder->run()
#7 C:\laragon\www\CI4-Library-Management-System\app\Database\Seeds\Seeder.php(18): CodeIgniter\Database\Seeder->call('App\\Database\\Se...')
#8 C:\laragon\www\CI4-Library-Management-System\vendor\codeigniter4\framework\system\Database\Seeder.php(146): App\Database\Seeds\Seeder->run()
#9 C:\laragon\www\CI4-Library-Management-System\vendor\codeigniter4\framework\system\Commands\Database\Seed.php(77): CodeIgniter\Database\Seeder->call('App\\Database\\Se...')
#10 C:\laragon\www\CI4-Library-Management-System\vendor\codeigniter4\framework\system\CLI\Commands.php(65): CodeIgniter\Commands\Database\Seed->run(Array)
#11 C:\laragon\www\CI4-Library-Management-System\vendor\codeigniter4\framework\system\CLI\Console.php(46): CodeIgniter\CLI\Commands->run('db:seed', Array)
#12 C:\laragon\www\CI4-Library-Management-System\spark(102): CodeIgniter\CLI\Console->run()
#13 {main}
ERROR - 2023-12-07 15:00:49 --> mysqli_sql_exception: Cannot add or update a child row: a foreign key constraint fails (`e-libraryxpert`.`loans`, CONSTRAINT `loans_book_id_foreign` FOREIGN KEY (`book_id`) REFERENCES `books` (`id`) ON DELETE NO ACTION ON UPDATE CASCADE) in C:\laragon\www\CI4-Library-Management-System\vendor\codeigniter4\framework\system\Database\MySQLi\Connection.php:306
Stack trace:
#0 C:\laragon\www\CI4-Library-Management-System\vendor\codeigniter4\framework\system\Database\MySQLi\Connection.php(306): mysqli->query('INSERT INTO `lo...', 0)
#1 C:\laragon\www\CI4-Library-Management-System\vendor\codeigniter4\framework\system\Database\BaseConnection.php(693): CodeIgniter\Database\MySQLi\Connection->execute('INSERT INTO `lo...')
#2 C:\laragon\www\CI4-Library-Management-System\vendor\codeigniter4\framework\system\Database\BaseConnection.php(607): CodeIgniter\Database\BaseConnection->simpleQuery('INSERT INTO `lo...')
#3 C:\laragon\www\CI4-Library-Management-System\vendor\codeigniter4\framework\system\Database\BaseBuilder.php(1800): CodeIgniter\Database\BaseConnection->query('INSERT INTO `lo...', NULL, false)
#4 C:\laragon\www\CI4-Library-Management-System\vendor\codeigniter4\framework\system\Database\BaseBuilder.php(2191): CodeIgniter\Database\BaseBuilder->batchExecute('_insertBatch', 100)
#5 C:\laragon\www\CI4-Library-Management-System\app\Database\Seeds\LoanSeeder.php(54): CodeIgniter\Database\BaseBuilder->insertBatch(Array)
#6 C:\laragon\www\CI4-Library-Management-System\vendor\codeigniter4\framework\system\Database\Seeder.php(146): App\Database\Seeds\LoanSeeder->run()
#7 C:\laragon\www\CI4-Library-Management-System\app\Database\Seeds\Seeder.php(18): CodeIgniter\Database\Seeder->call('App\\Database\\Se...')
#8 C:\laragon\www\CI4-Library-Management-System\vendor\codeigniter4\framework\system\Database\Seeder.php(146): App\Database\Seeds\Seeder->run()
#9 C:\laragon\www\CI4-Library-Management-System\vendor\codeigniter4\framework\system\Commands\Database\Seed.php(77): CodeIgniter\Database\Seeder->call('App\\Database\\Se...')
#10 C:\laragon\www\CI4-Library-Management-System\vendor\codeigniter4\framework\system\CLI\Commands.php(65): CodeIgniter\Commands\Database\Seed->run(Array)
#11 C:\laragon\www\CI4-Library-Management-System\vendor\codeigniter4\framework\system\CLI\Console.php(46): CodeIgniter\CLI\Commands->run('db:seed', Array)
#12 C:\laragon\www\CI4-Library-Management-System\spark(102): CodeIgniter\CLI\Console->run()
#13 {main}
ERROR - 2023-12-07 15:03:16 --> mysqli_sql_exception: Duplicate entry '250' for key 'slug' in C:\laragon\www\CI4-Library-Management-System\vendor\codeigniter4\framework\system\Database\MySQLi\Connection.php:306
Stack trace:
#0 C:\laragon\www\CI4-Library-Management-System\vendor\codeigniter4\framework\system\Database\MySQLi\Connection.php(306): mysqli->query('INSERT INTO `bo...', 0)
#1 C:\laragon\www\CI4-Library-Management-System\vendor\codeigniter4\framework\system\Database\BaseConnection.php(693): CodeIgniter\Database\MySQLi\Connection->execute('INSERT INTO `bo...')
#2 C:\laragon\www\CI4-Library-Management-System\vendor\codeigniter4\framework\system\Database\BaseConnection.php(607): CodeIgniter\Database\BaseConnection->simpleQuery('INSERT INTO `bo...')
#3 C:\laragon\www\CI4-Library-Management-System\vendor\codeigniter4\framework\system\Database\BaseBuilder.php(2308): CodeIgniter\Database\BaseConnection->query('INSERT INTO `bo...', Array, false)
#4 C:\laragon\www\CI4-Library-Management-System\vendor\codeigniter4\framework\system\Model.php(319): CodeIgniter\Database\BaseBuilder->insert()
#5 C:\laragon\www\CI4-Library-Management-System\vendor\codeigniter4\framework\system\BaseModel.php(788): CodeIgniter\Model->doInsert(Array)
#6 C:\laragon\www\CI4-Library-Management-System\vendor\codeigniter4\framework\system\Model.php(715): CodeIgniter\BaseModel->insert(Array, true)
#7 C:\laragon\www\CI4-Library-Management-System\app\Database\Seeds\BookFabricatorSeeder.php(72): CodeIgniter\Model->insert(Array)
#8 C:\laragon\www\CI4-Library-Management-System\vendor\codeigniter4\framework\system\Database\Seeder.php(146): App\Database\Seeds\BookFabricatorSeeder->run()
#9 C:\laragon\www\CI4-Library-Management-System\app\Database\Seeds\BookSeeder.php(16): CodeIgniter\Database\Seeder->call('App\\Database\\Se...')
#10 C:\laragon\www\CI4-Library-Management-System\vendor\codeigniter4\framework\system\Database\Seeder.php(146): App\Database\Seeds\BookSeeder->run()
#11 C:\laragon\www\CI4-Library-Management-System\app\Database\Seeds\Seeder.php(12): CodeIgniter\Database\Seeder->call('App\\Database\\Se...')
#12 C:\laragon\www\CI4-Library-Management-System\vendor\codeigniter4\framework\system\Database\Seeder.php(146): App\Database\Seeds\Seeder->run()
#13 C:\laragon\www\CI4-Library-Management-System\vendor\codeigniter4\framework\system\Commands\Database\Seed.php(77): CodeIgniter\Database\Seeder->call('App\\Database\\Se...')
#14 C:\laragon\www\CI4-Library-Management-System\vendor\codeigniter4\framework\system\CLI\Commands.php(65): CodeIgniter\Commands\Database\Seed->run(Array)
#15 C:\laragon\www\CI4-Library-Management-System\vendor\codeigniter4\framework\system\CLI\Console.php(46): CodeIgniter\CLI\Commands->run('db:seed', Array)
#16 C:\laragon\www\CI4-Library-Management-System\spark(102): CodeIgniter\CLI\Console->run()
#17 {main}
ERROR - 2023-12-07 15:05:19 --> mysqli_sql_exception: Duplicate entry '250' for key 'slug' in C:\laragon\www\CI4-Library-Management-System\vendor\codeigniter4\framework\system\Database\MySQLi\Connection.php:306
Stack trace:
#0 C:\laragon\www\CI4-Library-Management-System\vendor\codeigniter4\framework\system\Database\MySQLi\Connection.php(306): mysqli->query('INSERT INTO `bo...', 0)
#1 C:\laragon\www\CI4-Library-Management-System\vendor\codeigniter4\framework\system\Database\BaseConnection.php(693): CodeIgniter\Database\MySQLi\Connection->execute('INSERT INTO `bo...')
#2 C:\laragon\www\CI4-Library-Management-System\vendor\codeigniter4\framework\system\Database\BaseConnection.php(607): CodeIgniter\Database\BaseConnection->simpleQuery('INSERT INTO `bo...')
#3 C:\laragon\www\CI4-Library-Management-System\vendor\codeigniter4\framework\system\Database\BaseBuilder.php(2308): CodeIgniter\Database\BaseConnection->query('INSERT INTO `bo...', Array, false)
#4 C:\laragon\www\CI4-Library-Management-System\vendor\codeigniter4\framework\system\Model.php(319): CodeIgniter\Database\BaseBuilder->insert()
#5 C:\laragon\www\CI4-Library-Management-System\vendor\codeigniter4\framework\system\BaseModel.php(788): CodeIgniter\Model->doInsert(Array)
#6 C:\laragon\www\CI4-Library-Management-System\vendor\codeigniter4\framework\system\Model.php(715): CodeIgniter\BaseModel->insert(Array, true)
#7 C:\laragon\www\CI4-Library-Management-System\app\Database\Seeds\BookFabricatorSeeder.php(72): CodeIgniter\Model->insert(Array)
#8 C:\laragon\www\CI4-Library-Management-System\vendor\codeigniter4\framework\system\Database\Seeder.php(146): App\Database\Seeds\BookFabricatorSeeder->run()
#9 C:\laragon\www\CI4-Library-Management-System\app\Database\Seeds\BookSeeder.php(16): CodeIgniter\Database\Seeder->call('App\\Database\\Se...')
#10 C:\laragon\www\CI4-Library-Management-System\vendor\codeigniter4\framework\system\Database\Seeder.php(146): App\Database\Seeds\BookSeeder->run()
#11 C:\laragon\www\CI4-Library-Management-System\app\Database\Seeds\Seeder.php(12): CodeIgniter\Database\Seeder->call('App\\Database\\Se...')
#12 C:\laragon\www\CI4-Library-Management-System\vendor\codeigniter4\framework\system\Database\Seeder.php(146): App\Database\Seeds\Seeder->run()
#13 C:\laragon\www\CI4-Library-Management-System\vendor\codeigniter4\framework\system\Commands\Database\Seed.php(77): CodeIgniter\Database\Seeder->call('App\\Database\\Se...')
#14 C:\laragon\www\CI4-Library-Management-System\vendor\codeigniter4\framework\system\CLI\Commands.php(65): CodeIgniter\Commands\Database\Seed->run(Array)
#15 C:\laragon\www\CI4-Library-Management-System\vendor\codeigniter4\framework\system\CLI\Console.php(46): CodeIgniter\CLI\Commands->run('db:seed', Array)
#16 C:\laragon\www\CI4-Library-Management-System\spark(102): CodeIgniter\CLI\Console->run()
#17 {main}
