CRITICAL - 2023-12-08 17:37:54 --> Undefined array key "identities"
in APPPATH\Views\users\index.php on line 44.
 1 APPPATH\Views\users\index.php(44): CodeIgniter\Debug\Exceptions->errorHandler(2, 'Undefined array key "identities"', 'C:\\laragon\\www\\CI4-Library-Management-System\\app\\Views\\users\\index.php', 44)
 2 SYSTEMPATH\View\View.php(228): include('C:\\laragon\\www\\CI4-Library-Management-System\\app\\Views\\users\\index.php')
 3 SYSTEMPATH\View\View.php(231): CodeIgniter\View\View->CodeIgniter\View\{closure}()
 4 SYSTEMPATH\Common.php(1190): CodeIgniter\View\View->render('users/index', [], true)
 5 APPPATH\Controllers\Users\UsersController.php(38): view('users/index', [...])
 6 SYSTEMPATH\CodeIgniter.php(942): App\Controllers\Users\UsersController->index()
 7 SYSTEMPATH\CodeIgniter.php(502): CodeIgniter\CodeIgniter->runController(Object(App\Controllers\Users\UsersController))
 8 SYSTEMPATH\CodeIgniter.php(361): CodeIgniter\CodeIgniter->handleRequest(null, Object(Config\Cache), false)
 9 FCPATH\index.php(79): CodeIgniter\CodeIgniter->run()
10 SYSTEMPATH\Commands\Server\rewrite.php(47): require_once('C:\\laragon\\www\\CI4-Library-Management-System\\public\\index.php')
ERROR - 2023-12-08 20:32:45 --> Error connecting to the database: mysqli_sql_exception: No connection could be made because the target machine actively refused it in C:\laragon\www\CI4-Library-Management-System\vendor\codeigniter4\framework\system\Database\MySQLi\Connection.php:185
Stack trace:
#0 C:\laragon\www\CI4-Library-Management-System\vendor\codeigniter4\framework\system\Database\MySQLi\Connection.php(185): mysqli->real_connect('localhost', 'root', 'root', 'E-LibraryXpert', 3306, '', 0)
#1 C:\laragon\www\CI4-Library-Management-System\vendor\codeigniter4\framework\system\Database\BaseConnection.php(392): CodeIgniter\Database\MySQLi\Connection->connect(false)
#2 C:\laragon\www\CI4-Library-Management-System\vendor\codeigniter4\framework\system\Database\BaseConnection.php(575): CodeIgniter\Database\BaseConnection->initialize()
#3 C:\laragon\www\CI4-Library-Management-System\vendor\codeigniter4\framework\system\Database\BaseBuilder.php(1615): CodeIgniter\Database\BaseConnection->query('SELECT *\nFROM `...', Array, false)
#4 C:\laragon\www\CI4-Library-Management-System\vendor\codeigniter4\settings\src\Handlers\DatabaseHandler.php(173): CodeIgniter\Database\BaseBuilder->get()
#5 C:\laragon\www\CI4-Library-Management-System\vendor\codeigniter4\settings\src\Handlers\DatabaseHandler.php(51): CodeIgniter\Settings\Handlers\DatabaseHandler->hydrate(NULL)
#6 C:\laragon\www\CI4-Library-Management-System\vendor\codeigniter4\settings\src\Settings.php(59): CodeIgniter\Settings\Handlers\DatabaseHandler->has('Config\\Auth', 'sessionConfig', NULL)
#7 C:\laragon\www\CI4-Library-Management-System\vendor\codeigniter4\settings\src\Helpers\setting_helper.php(25): CodeIgniter\Settings\Settings->get('Auth.sessionCon...')
#8 C:\laragon\www\CI4-Library-Management-System\vendor\codeigniter4\shield\src\Authentication\Authenticators\Session.php(696): setting('Auth.sessionCon...')
#9 C:\laragon\www\CI4-Library-Management-System\vendor\codeigniter4\shield\src\Authentication\Authenticators\Session.php(714): CodeIgniter\Shield\Authentication\Authenticators\Session->getSessionUserInfo()
#10 C:\laragon\www\CI4-Library-Management-System\vendor\codeigniter4\shield\src\Authentication\Authenticators\Session.php(401): CodeIgniter\Shield\Authentication\Authenticators\Session->getSessionKey('id')
#11 C:\laragon\www\CI4-Library-Management-System\vendor\codeigniter4\shield\src\Authentication\Authenticators\Session.php(385): CodeIgniter\Shield\Authentication\Authenticators\Session->checkUserState()
#12 C:\laragon\www\CI4-Library-Management-System\vendor\codeigniter4\shield\src\Auth.php(189): CodeIgniter\Shield\Authentication\Authenticators\Session->loggedIn()
#13 C:\laragon\www\CI4-Library-Management-System\vendor\codeigniter4\shield\src\Controllers\LoginController.php(33): CodeIgniter\Shield\Auth->__call('loggedIn', Array)
#14 C:\laragon\www\CI4-Library-Management-System\vendor\codeigniter4\framework\system\CodeIgniter.php(942): CodeIgniter\Shield\Controllers\LoginController->loginView()
#15 C:\laragon\www\CI4-Library-Management-System\vendor\codeigniter4\framework\system\CodeIgniter.php(502): CodeIgniter\CodeIgniter->runController(Object(CodeIgniter\Shield\Controllers\LoginController))
#16 C:\laragon\www\CI4-Library-Management-System\vendor\codeigniter4\framework\system\CodeIgniter.php(361): CodeIgniter\CodeIgniter->handleRequest(NULL, Object(Config\Cache), false)
#17 C:\laragon\www\CI4-Library-Management-System\public\index.php(79): CodeIgniter\CodeIgniter->run()
#18 C:\laragon\www\CI4-Library-Management-System\vendor\codeigniter4\framework\system\Commands\Server\rewrite.php(47): require_once('C:\\laragon\\www\\...')
#19 {main}

Next CodeIgniter\Database\Exceptions\DatabaseException: No connection could be made because the target machine actively refused it in C:\laragon\www\CI4-Library-Management-System\vendor\codeigniter4\framework\system\Database\MySQLi\Connection.php:229
Stack trace:
#0 C:\laragon\www\CI4-Library-Management-System\vendor\codeigniter4\framework\system\Database\BaseConnection.php(392): CodeIgniter\Database\MySQLi\Connection->connect(false)
#1 C:\laragon\www\CI4-Library-Management-System\vendor\codeigniter4\framework\system\Database\BaseConnection.php(575): CodeIgniter\Database\BaseConnection->initialize()
#2 C:\laragon\www\CI4-Library-Management-System\vendor\codeigniter4\framework\system\Database\BaseBuilder.php(1615): CodeIgniter\Database\BaseConnection->query('SELECT *\nFROM `...', Array, false)
#3 C:\laragon\www\CI4-Library-Management-System\vendor\codeigniter4\settings\src\Handlers\DatabaseHandler.php(173): CodeIgniter\Database\BaseBuilder->get()
#4 C:\laragon\www\CI4-Library-Management-System\vendor\codeigniter4\settings\src\Handlers\DatabaseHandler.php(51): CodeIgniter\Settings\Handlers\DatabaseHandler->hydrate(NULL)
#5 C:\laragon\www\CI4-Library-Management-System\vendor\codeigniter4\settings\src\Settings.php(59): CodeIgniter\Settings\Handlers\DatabaseHandler->has('Config\\Auth', 'sessionConfig', NULL)
#6 C:\laragon\www\CI4-Library-Management-System\vendor\codeigniter4\settings\src\Helpers\setting_helper.php(25): CodeIgniter\Settings\Settings->get('Auth.sessionCon...')
#7 C:\laragon\www\CI4-Library-Management-System\vendor\codeigniter4\shield\src\Authentication\Authenticators\Session.php(696): setting('Auth.sessionCon...')
#8 C:\laragon\www\CI4-Library-Management-System\vendor\codeigniter4\shield\src\Authentication\Authenticators\Session.php(714): CodeIgniter\Shield\Authentication\Authenticators\Session->getSessionUserInfo()
#9 C:\laragon\www\CI4-Library-Management-System\vendor\codeigniter4\shield\src\Authentication\Authenticators\Session.php(401): CodeIgniter\Shield\Authentication\Authenticators\Session->getSessionKey('id')
#10 C:\laragon\www\CI4-Library-Management-System\vendor\codeigniter4\shield\src\Authentication\Authenticators\Session.php(385): CodeIgniter\Shield\Authentication\Authenticators\Session->checkUserState()
#11 C:\laragon\www\CI4-Library-Management-System\vendor\codeigniter4\shield\src\Auth.php(189): CodeIgniter\Shield\Authentication\Authenticators\Session->loggedIn()
#12 C:\laragon\www\CI4-Library-Management-System\vendor\codeigniter4\shield\src\Controllers\LoginController.php(33): CodeIgniter\Shield\Auth->__call('loggedIn', Array)
#13 C:\laragon\www\CI4-Library-Management-System\vendor\codeigniter4\framework\system\CodeIgniter.php(942): CodeIgniter\Shield\Controllers\LoginController->loginView()
#14 C:\laragon\www\CI4-Library-Management-System\vendor\codeigniter4\framework\system\CodeIgniter.php(502): CodeIgniter\CodeIgniter->runController(Object(CodeIgniter\Shield\Controllers\LoginController))
#15 C:\laragon\www\CI4-Library-Management-System\vendor\codeigniter4\framework\system\CodeIgniter.php(361): CodeIgniter\CodeIgniter->handleRequest(NULL, Object(Config\Cache), false)
#16 C:\laragon\www\CI4-Library-Management-System\public\index.php(79): CodeIgniter\CodeIgniter->run()
#17 C:\laragon\www\CI4-Library-Management-System\vendor\codeigniter4\framework\system\Commands\Server\rewrite.php(47): require_once('C:\\laragon\\www\\...')
#18 {main}
CRITICAL - 2023-12-08 20:32:45 --> Unable to connect to the database.
Main connection [MySQLi]: No connection could be made because the target machine actively refused it
in SYSTEMPATH\Database\BaseConnection.php on line 428.
 1 SYSTEMPATH\Database\BaseConnection.php(575): CodeIgniter\Database\BaseConnection->initialize()
 2 SYSTEMPATH\Database\BaseBuilder.php(1615): CodeIgniter\Database\BaseConnection->query('SELECT *
FROM `settings`
WHERE `context` IS NULL', [], false)
 3 VENDORPATH\codeigniter4\settings\src\Handlers\DatabaseHandler.php(173): CodeIgniter\Database\BaseBuilder->get()
 4 VENDORPATH\codeigniter4\settings\src\Handlers\DatabaseHandler.php(51): CodeIgniter\Settings\Handlers\DatabaseHandler->hydrate(null)
 5 VENDORPATH\codeigniter4\settings\src\Settings.php(59): CodeIgniter\Settings\Handlers\DatabaseHandler->has('Config\\Auth', 'sessionConfig', null)
 6 VENDORPATH\codeigniter4\settings\src\Helpers\setting_helper.php(25): CodeIgniter\Settings\Settings->get('Auth.sessionConfig')
 7 VENDORPATH\codeigniter4\shield\src\Authentication\Authenticators\Session.php(696): setting('Auth.sessionConfig')
 8 VENDORPATH\codeigniter4\shield\src\Authentication\Authenticators\Session.php(714): CodeIgniter\Shield\Authentication\Authenticators\Session->getSessionUserInfo()
 9 VENDORPATH\codeigniter4\shield\src\Authentication\Authenticators\Session.php(401): CodeIgniter\Shield\Authentication\Authenticators\Session->getSessionKey('id')
10 VENDORPATH\codeigniter4\shield\src\Authentication\Authenticators\Session.php(385): CodeIgniter\Shield\Authentication\Authenticators\Session->checkUserState()
11 VENDORPATH\codeigniter4\shield\src\Auth.php(189): CodeIgniter\Shield\Authentication\Authenticators\Session->loggedIn()
12 VENDORPATH\codeigniter4\shield\src\Controllers\LoginController.php(33): CodeIgniter\Shield\Auth->__call('loggedIn', [])
13 SYSTEMPATH\CodeIgniter.php(942): CodeIgniter\Shield\Controllers\LoginController->loginView()
14 SYSTEMPATH\CodeIgniter.php(502): CodeIgniter\CodeIgniter->runController(Object(CodeIgniter\Shield\Controllers\LoginController))
15 SYSTEMPATH\CodeIgniter.php(361): CodeIgniter\CodeIgniter->handleRequest(null, Object(Config\Cache), false)
16 FCPATH\index.php(79): CodeIgniter\CodeIgniter->run()
17 SYSTEMPATH\Commands\Server\rewrite.php(47): require_once('C:\\laragon\\www\\CI4-Library-Management-System\\public\\index.php')
ERROR - 2023-12-08 20:33:30 --> Error connecting to the database: mysqli_sql_exception: No connection could be made because the target machine actively refused it in C:\laragon\www\CI4-Library-Management-System\vendor\codeigniter4\framework\system\Database\MySQLi\Connection.php:185
Stack trace:
#0 C:\laragon\www\CI4-Library-Management-System\vendor\codeigniter4\framework\system\Database\MySQLi\Connection.php(185): mysqli->real_connect('localhost', 'root', 'root', 'E-LibraryXpert', 3306, '', 0)
#1 C:\laragon\www\CI4-Library-Management-System\vendor\codeigniter4\framework\system\Database\BaseConnection.php(392): CodeIgniter\Database\MySQLi\Connection->connect(false)
#2 C:\laragon\www\CI4-Library-Management-System\vendor\codeigniter4\framework\system\Database\BaseConnection.php(575): CodeIgniter\Database\BaseConnection->initialize()
#3 C:\laragon\www\CI4-Library-Management-System\vendor\codeigniter4\framework\system\Database\BaseBuilder.php(1615): CodeIgniter\Database\BaseConnection->query('SELECT *\nFROM `...', Array, false)
#4 C:\laragon\www\CI4-Library-Management-System\vendor\codeigniter4\settings\src\Handlers\DatabaseHandler.php(173): CodeIgniter\Database\BaseBuilder->get()
#5 C:\laragon\www\CI4-Library-Management-System\vendor\codeigniter4\settings\src\Handlers\DatabaseHandler.php(51): CodeIgniter\Settings\Handlers\DatabaseHandler->hydrate(NULL)
#6 C:\laragon\www\CI4-Library-Management-System\vendor\codeigniter4\settings\src\Settings.php(59): CodeIgniter\Settings\Handlers\DatabaseHandler->has('Config\\Auth', 'sessionConfig', NULL)
#7 C:\laragon\www\CI4-Library-Management-System\vendor\codeigniter4\settings\src\Helpers\setting_helper.php(25): CodeIgniter\Settings\Settings->get('Auth.sessionCon...')
#8 C:\laragon\www\CI4-Library-Management-System\vendor\codeigniter4\shield\src\Authentication\Authenticators\Session.php(696): setting('Auth.sessionCon...')
#9 C:\laragon\www\CI4-Library-Management-System\vendor\codeigniter4\shield\src\Authentication\Authenticators\Session.php(714): CodeIgniter\Shield\Authentication\Authenticators\Session->getSessionUserInfo()
#10 C:\laragon\www\CI4-Library-Management-System\vendor\codeigniter4\shield\src\Authentication\Authenticators\Session.php(401): CodeIgniter\Shield\Authentication\Authenticators\Session->getSessionKey('id')
#11 C:\laragon\www\CI4-Library-Management-System\vendor\codeigniter4\shield\src\Authentication\Authenticators\Session.php(385): CodeIgniter\Shield\Authentication\Authenticators\Session->checkUserState()
#12 C:\laragon\www\CI4-Library-Management-System\vendor\codeigniter4\shield\src\Auth.php(189): CodeIgniter\Shield\Authentication\Authenticators\Session->loggedIn()
#13 C:\laragon\www\CI4-Library-Management-System\vendor\codeigniter4\shield\src\Controllers\LoginController.php(33): CodeIgniter\Shield\Auth->__call('loggedIn', Array)
#14 C:\laragon\www\CI4-Library-Management-System\vendor\codeigniter4\framework\system\CodeIgniter.php(942): CodeIgniter\Shield\Controllers\LoginController->loginView()
#15 C:\laragon\www\CI4-Library-Management-System\vendor\codeigniter4\framework\system\CodeIgniter.php(502): CodeIgniter\CodeIgniter->runController(Object(CodeIgniter\Shield\Controllers\LoginController))
#16 C:\laragon\www\CI4-Library-Management-System\vendor\codeigniter4\framework\system\CodeIgniter.php(361): CodeIgniter\CodeIgniter->handleRequest(NULL, Object(Config\Cache), false)
#17 C:\laragon\www\CI4-Library-Management-System\public\index.php(79): CodeIgniter\CodeIgniter->run()
#18 C:\laragon\www\CI4-Library-Management-System\vendor\codeigniter4\framework\system\Commands\Server\rewrite.php(47): require_once('C:\\laragon\\www\\...')
#19 {main}

Next CodeIgniter\Database\Exceptions\DatabaseException: No connection could be made because the target machine actively refused it in C:\laragon\www\CI4-Library-Management-System\vendor\codeigniter4\framework\system\Database\MySQLi\Connection.php:229
Stack trace:
#0 C:\laragon\www\CI4-Library-Management-System\vendor\codeigniter4\framework\system\Database\BaseConnection.php(392): CodeIgniter\Database\MySQLi\Connection->connect(false)
#1 C:\laragon\www\CI4-Library-Management-System\vendor\codeigniter4\framework\system\Database\BaseConnection.php(575): CodeIgniter\Database\BaseConnection->initialize()
#2 C:\laragon\www\CI4-Library-Management-System\vendor\codeigniter4\framework\system\Database\BaseBuilder.php(1615): CodeIgniter\Database\BaseConnection->query('SELECT *\nFROM `...', Array, false)
#3 C:\laragon\www\CI4-Library-Management-System\vendor\codeigniter4\settings\src\Handlers\DatabaseHandler.php(173): CodeIgniter\Database\BaseBuilder->get()
#4 C:\laragon\www\CI4-Library-Management-System\vendor\codeigniter4\settings\src\Handlers\DatabaseHandler.php(51): CodeIgniter\Settings\Handlers\DatabaseHandler->hydrate(NULL)
#5 C:\laragon\www\CI4-Library-Management-System\vendor\codeigniter4\settings\src\Settings.php(59): CodeIgniter\Settings\Handlers\DatabaseHandler->has('Config\\Auth', 'sessionConfig', NULL)
#6 C:\laragon\www\CI4-Library-Management-System\vendor\codeigniter4\settings\src\Helpers\setting_helper.php(25): CodeIgniter\Settings\Settings->get('Auth.sessionCon...')
#7 C:\laragon\www\CI4-Library-Management-System\vendor\codeigniter4\shield\src\Authentication\Authenticators\Session.php(696): setting('Auth.sessionCon...')
#8 C:\laragon\www\CI4-Library-Management-System\vendor\codeigniter4\shield\src\Authentication\Authenticators\Session.php(714): CodeIgniter\Shield\Authentication\Authenticators\Session->getSessionUserInfo()
#9 C:\laragon\www\CI4-Library-Management-System\vendor\codeigniter4\shield\src\Authentication\Authenticators\Session.php(401): CodeIgniter\Shield\Authentication\Authenticators\Session->getSessionKey('id')
#10 C:\laragon\www\CI4-Library-Management-System\vendor\codeigniter4\shield\src\Authentication\Authenticators\Session.php(385): CodeIgniter\Shield\Authentication\Authenticators\Session->checkUserState()
#11 C:\laragon\www\CI4-Library-Management-System\vendor\codeigniter4\shield\src\Auth.php(189): CodeIgniter\Shield\Authentication\Authenticators\Session->loggedIn()
#12 C:\laragon\www\CI4-Library-Management-System\vendor\codeigniter4\shield\src\Controllers\LoginController.php(33): CodeIgniter\Shield\Auth->__call('loggedIn', Array)
#13 C:\laragon\www\CI4-Library-Management-System\vendor\codeigniter4\framework\system\CodeIgniter.php(942): CodeIgniter\Shield\Controllers\LoginController->loginView()
#14 C:\laragon\www\CI4-Library-Management-System\vendor\codeigniter4\framework\system\CodeIgniter.php(502): CodeIgniter\CodeIgniter->runController(Object(CodeIgniter\Shield\Controllers\LoginController))
#15 C:\laragon\www\CI4-Library-Management-System\vendor\codeigniter4\framework\system\CodeIgniter.php(361): CodeIgniter\CodeIgniter->handleRequest(NULL, Object(Config\Cache), false)
#16 C:\laragon\www\CI4-Library-Management-System\public\index.php(79): CodeIgniter\CodeIgniter->run()
#17 C:\laragon\www\CI4-Library-Management-System\vendor\codeigniter4\framework\system\Commands\Server\rewrite.php(47): require_once('C:\\laragon\\www\\...')
#18 {main}
CRITICAL - 2023-12-08 20:33:30 --> Unable to connect to the database.
Main connection [MySQLi]: No connection could be made because the target machine actively refused it
in SYSTEMPATH\Database\BaseConnection.php on line 428.
 1 SYSTEMPATH\Database\BaseConnection.php(575): CodeIgniter\Database\BaseConnection->initialize()
 2 SYSTEMPATH\Database\BaseBuilder.php(1615): CodeIgniter\Database\BaseConnection->query('SELECT *
FROM `settings`
WHERE `context` IS NULL', [], false)
 3 VENDORPATH\codeigniter4\settings\src\Handlers\DatabaseHandler.php(173): CodeIgniter\Database\BaseBuilder->get()
 4 VENDORPATH\codeigniter4\settings\src\Handlers\DatabaseHandler.php(51): CodeIgniter\Settings\Handlers\DatabaseHandler->hydrate(null)
 5 VENDORPATH\codeigniter4\settings\src\Settings.php(59): CodeIgniter\Settings\Handlers\DatabaseHandler->has('Config\\Auth', 'sessionConfig', null)
 6 VENDORPATH\codeigniter4\settings\src\Helpers\setting_helper.php(25): CodeIgniter\Settings\Settings->get('Auth.sessionConfig')
 7 VENDORPATH\codeigniter4\shield\src\Authentication\Authenticators\Session.php(696): setting('Auth.sessionConfig')
 8 VENDORPATH\codeigniter4\shield\src\Authentication\Authenticators\Session.php(714): CodeIgniter\Shield\Authentication\Authenticators\Session->getSessionUserInfo()
 9 VENDORPATH\codeigniter4\shield\src\Authentication\Authenticators\Session.php(401): CodeIgniter\Shield\Authentication\Authenticators\Session->getSessionKey('id')
10 VENDORPATH\codeigniter4\shield\src\Authentication\Authenticators\Session.php(385): CodeIgniter\Shield\Authentication\Authenticators\Session->checkUserState()
11 VENDORPATH\codeigniter4\shield\src\Auth.php(189): CodeIgniter\Shield\Authentication\Authenticators\Session->loggedIn()
12 VENDORPATH\codeigniter4\shield\src\Controllers\LoginController.php(33): CodeIgniter\Shield\Auth->__call('loggedIn', [])
13 SYSTEMPATH\CodeIgniter.php(942): CodeIgniter\Shield\Controllers\LoginController->loginView()
14 SYSTEMPATH\CodeIgniter.php(502): CodeIgniter\CodeIgniter->runController(Object(CodeIgniter\Shield\Controllers\LoginController))
15 SYSTEMPATH\CodeIgniter.php(361): CodeIgniter\CodeIgniter->handleRequest(null, Object(Config\Cache), false)
16 FCPATH\index.php(79): CodeIgniter\CodeIgniter->run()
17 SYSTEMPATH\Commands\Server\rewrite.php(47): require_once('C:\\laragon\\www\\CI4-Library-Management-System\\public\\index.php')
ERROR - 2023-12-08 20:33:42 --> Error connecting to the database: mysqli_sql_exception: No connection could be made because the target machine actively refused it in C:\laragon\www\CI4-Library-Management-System\vendor\codeigniter4\framework\system\Database\MySQLi\Connection.php:185
Stack trace:
#0 C:\laragon\www\CI4-Library-Management-System\vendor\codeigniter4\framework\system\Database\MySQLi\Connection.php(185): mysqli->real_connect('localhost', 'root', 'root', 'E-LibraryXpert', 3306, '', 0)
#1 C:\laragon\www\CI4-Library-Management-System\vendor\codeigniter4\framework\system\Database\BaseConnection.php(392): CodeIgniter\Database\MySQLi\Connection->connect(false)
#2 C:\laragon\www\CI4-Library-Management-System\vendor\codeigniter4\framework\system\Database\BaseConnection.php(575): CodeIgniter\Database\BaseConnection->initialize()
#3 C:\laragon\www\CI4-Library-Management-System\vendor\codeigniter4\framework\system\Database\BaseBuilder.php(1615): CodeIgniter\Database\BaseConnection->query('SELECT *\nFROM `...', Array, false)
#4 C:\laragon\www\CI4-Library-Management-System\vendor\codeigniter4\settings\src\Handlers\DatabaseHandler.php(173): CodeIgniter\Database\BaseBuilder->get()
#5 C:\laragon\www\CI4-Library-Management-System\vendor\codeigniter4\settings\src\Handlers\DatabaseHandler.php(51): CodeIgniter\Settings\Handlers\DatabaseHandler->hydrate(NULL)
#6 C:\laragon\www\CI4-Library-Management-System\vendor\codeigniter4\settings\src\Settings.php(59): CodeIgniter\Settings\Handlers\DatabaseHandler->has('Config\\Auth', 'sessionConfig', NULL)
#7 C:\laragon\www\CI4-Library-Management-System\vendor\codeigniter4\settings\src\Helpers\setting_helper.php(25): CodeIgniter\Settings\Settings->get('Auth.sessionCon...')
#8 C:\laragon\www\CI4-Library-Management-System\vendor\codeigniter4\shield\src\Authentication\Authenticators\Session.php(696): setting('Auth.sessionCon...')
#9 C:\laragon\www\CI4-Library-Management-System\vendor\codeigniter4\shield\src\Authentication\Authenticators\Session.php(714): CodeIgniter\Shield\Authentication\Authenticators\Session->getSessionUserInfo()
#10 C:\laragon\www\CI4-Library-Management-System\vendor\codeigniter4\shield\src\Authentication\Authenticators\Session.php(401): CodeIgniter\Shield\Authentication\Authenticators\Session->getSessionKey('id')
#11 C:\laragon\www\CI4-Library-Management-System\vendor\codeigniter4\shield\src\Authentication\Authenticators\Session.php(385): CodeIgniter\Shield\Authentication\Authenticators\Session->checkUserState()
#12 C:\laragon\www\CI4-Library-Management-System\vendor\codeigniter4\shield\src\Auth.php(189): CodeIgniter\Shield\Authentication\Authenticators\Session->loggedIn()
#13 C:\laragon\www\CI4-Library-Management-System\vendor\codeigniter4\shield\src\Controllers\LoginController.php(33): CodeIgniter\Shield\Auth->__call('loggedIn', Array)
#14 C:\laragon\www\CI4-Library-Management-System\vendor\codeigniter4\framework\system\CodeIgniter.php(942): CodeIgniter\Shield\Controllers\LoginController->loginView()
#15 C:\laragon\www\CI4-Library-Management-System\vendor\codeigniter4\framework\system\CodeIgniter.php(502): CodeIgniter\CodeIgniter->runController(Object(CodeIgniter\Shield\Controllers\LoginController))
#16 C:\laragon\www\CI4-Library-Management-System\vendor\codeigniter4\framework\system\CodeIgniter.php(361): CodeIgniter\CodeIgniter->handleRequest(NULL, Object(Config\Cache), false)
#17 C:\laragon\www\CI4-Library-Management-System\public\index.php(79): CodeIgniter\CodeIgniter->run()
#18 C:\laragon\www\CI4-Library-Management-System\vendor\codeigniter4\framework\system\Commands\Server\rewrite.php(47): require_once('C:\\laragon\\www\\...')
#19 {main}

Next CodeIgniter\Database\Exceptions\DatabaseException: No connection could be made because the target machine actively refused it in C:\laragon\www\CI4-Library-Management-System\vendor\codeigniter4\framework\system\Database\MySQLi\Connection.php:229
Stack trace:
#0 C:\laragon\www\CI4-Library-Management-System\vendor\codeigniter4\framework\system\Database\BaseConnection.php(392): CodeIgniter\Database\MySQLi\Connection->connect(false)
#1 C:\laragon\www\CI4-Library-Management-System\vendor\codeigniter4\framework\system\Database\BaseConnection.php(575): CodeIgniter\Database\BaseConnection->initialize()
#2 C:\laragon\www\CI4-Library-Management-System\vendor\codeigniter4\framework\system\Database\BaseBuilder.php(1615): CodeIgniter\Database\BaseConnection->query('SELECT *\nFROM `...', Array, false)
#3 C:\laragon\www\CI4-Library-Management-System\vendor\codeigniter4\settings\src\Handlers\DatabaseHandler.php(173): CodeIgniter\Database\BaseBuilder->get()
#4 C:\laragon\www\CI4-Library-Management-System\vendor\codeigniter4\settings\src\Handlers\DatabaseHandler.php(51): CodeIgniter\Settings\Handlers\DatabaseHandler->hydrate(NULL)
#5 C:\laragon\www\CI4-Library-Management-System\vendor\codeigniter4\settings\src\Settings.php(59): CodeIgniter\Settings\Handlers\DatabaseHandler->has('Config\\Auth', 'sessionConfig', NULL)
#6 C:\laragon\www\CI4-Library-Management-System\vendor\codeigniter4\settings\src\Helpers\setting_helper.php(25): CodeIgniter\Settings\Settings->get('Auth.sessionCon...')
#7 C:\laragon\www\CI4-Library-Management-System\vendor\codeigniter4\shield\src\Authentication\Authenticators\Session.php(696): setting('Auth.sessionCon...')
#8 C:\laragon\www\CI4-Library-Management-System\vendor\codeigniter4\shield\src\Authentication\Authenticators\Session.php(714): CodeIgniter\Shield\Authentication\Authenticators\Session->getSessionUserInfo()
#9 C:\laragon\www\CI4-Library-Management-System\vendor\codeigniter4\shield\src\Authentication\Authenticators\Session.php(401): CodeIgniter\Shield\Authentication\Authenticators\Session->getSessionKey('id')
#10 C:\laragon\www\CI4-Library-Management-System\vendor\codeigniter4\shield\src\Authentication\Authenticators\Session.php(385): CodeIgniter\Shield\Authentication\Authenticators\Session->checkUserState()
#11 C:\laragon\www\CI4-Library-Management-System\vendor\codeigniter4\shield\src\Auth.php(189): CodeIgniter\Shield\Authentication\Authenticators\Session->loggedIn()
#12 C:\laragon\www\CI4-Library-Management-System\vendor\codeigniter4\shield\src\Controllers\LoginController.php(33): CodeIgniter\Shield\Auth->__call('loggedIn', Array)
#13 C:\laragon\www\CI4-Library-Management-System\vendor\codeigniter4\framework\system\CodeIgniter.php(942): CodeIgniter\Shield\Controllers\LoginController->loginView()
#14 C:\laragon\www\CI4-Library-Management-System\vendor\codeigniter4\framework\system\CodeIgniter.php(502): CodeIgniter\CodeIgniter->runController(Object(CodeIgniter\Shield\Controllers\LoginController))
#15 C:\laragon\www\CI4-Library-Management-System\vendor\codeigniter4\framework\system\CodeIgniter.php(361): CodeIgniter\CodeIgniter->handleRequest(NULL, Object(Config\Cache), false)
#16 C:\laragon\www\CI4-Library-Management-System\public\index.php(79): CodeIgniter\CodeIgniter->run()
#17 C:\laragon\www\CI4-Library-Management-System\vendor\codeigniter4\framework\system\Commands\Server\rewrite.php(47): require_once('C:\\laragon\\www\\...')
#18 {main}
CRITICAL - 2023-12-08 20:33:42 --> Unable to connect to the database.
Main connection [MySQLi]: No connection could be made because the target machine actively refused it
in SYSTEMPATH\Database\BaseConnection.php on line 428.
 1 SYSTEMPATH\Database\BaseConnection.php(575): CodeIgniter\Database\BaseConnection->initialize()
 2 SYSTEMPATH\Database\BaseBuilder.php(1615): CodeIgniter\Database\BaseConnection->query('SELECT *
FROM `settings`
WHERE `context` IS NULL', [], false)
 3 VENDORPATH\codeigniter4\settings\src\Handlers\DatabaseHandler.php(173): CodeIgniter\Database\BaseBuilder->get()
 4 VENDORPATH\codeigniter4\settings\src\Handlers\DatabaseHandler.php(51): CodeIgniter\Settings\Handlers\DatabaseHandler->hydrate(null)
 5 VENDORPATH\codeigniter4\settings\src\Settings.php(59): CodeIgniter\Settings\Handlers\DatabaseHandler->has('Config\\Auth', 'sessionConfig', null)
 6 VENDORPATH\codeigniter4\settings\src\Helpers\setting_helper.php(25): CodeIgniter\Settings\Settings->get('Auth.sessionConfig')
 7 VENDORPATH\codeigniter4\shield\src\Authentication\Authenticators\Session.php(696): setting('Auth.sessionConfig')
 8 VENDORPATH\codeigniter4\shield\src\Authentication\Authenticators\Session.php(714): CodeIgniter\Shield\Authentication\Authenticators\Session->getSessionUserInfo()
 9 VENDORPATH\codeigniter4\shield\src\Authentication\Authenticators\Session.php(401): CodeIgniter\Shield\Authentication\Authenticators\Session->getSessionKey('id')
10 VENDORPATH\codeigniter4\shield\src\Authentication\Authenticators\Session.php(385): CodeIgniter\Shield\Authentication\Authenticators\Session->checkUserState()
11 VENDORPATH\codeigniter4\shield\src\Auth.php(189): CodeIgniter\Shield\Authentication\Authenticators\Session->loggedIn()
12 VENDORPATH\codeigniter4\shield\src\Controllers\LoginController.php(33): CodeIgniter\Shield\Auth->__call('loggedIn', [])
13 SYSTEMPATH\CodeIgniter.php(942): CodeIgniter\Shield\Controllers\LoginController->loginView()
14 SYSTEMPATH\CodeIgniter.php(502): CodeIgniter\CodeIgniter->runController(Object(CodeIgniter\Shield\Controllers\LoginController))
15 SYSTEMPATH\CodeIgniter.php(361): CodeIgniter\CodeIgniter->handleRequest(null, Object(Config\Cache), false)
16 FCPATH\index.php(79): CodeIgniter\CodeIgniter->run()
17 SYSTEMPATH\Commands\Server\rewrite.php(47): require_once('C:\\laragon\\www\\CI4-Library-Management-System\\public\\index.php')
